aF6KRa6dRN8k9D4WIJuGxmloZw6ZLDXRZHm/x5ef+iwTGScu/vfDCWIU+VPtSgu+yRPrDCV3TuQ7TPr3hKA6m5mZy+SAZfee0jwbjrmIroLDtdq77BAETBQpSCzTtgfsOVxIfMOSXMCMcSVYCEMklaLp8JnpboxCh7tJ3RVWpbEl/peRt5N0BWVjGBtQU+2Bo7TY
cGxC3C9QoIz9YXOEB/BWKW6vtNs+vJug8bKCveqvQ5c0+4TzfueMBHhlX59iZyNrBcQv1MmNnttiqZx7FdjeHakiDMzFMifwMD5dNUQHcmia8MrZlpCNzlnQ57xWQN3qQvySgTtkVjt6qXwpLiW3FtL+GUvXYYsuOw27Hkkt6esqObuTxidOK/O9vbTG
fXYThmaFTkXJCUvRs0cmJBe8EjC2KwZWKUoO3egljn/Xc90Rg3EqnLXkzzncNTFdAFkvrJ+C833jwEkjeqqUZmQyEzFJ991T8k/4NIxdIx+bWlVb8WyjdAWliou2MQA7CcCKTT3KQKzJ2pOAhMZhNXj/xhguGMa52ngZng3I+/zK2Am6VtReIbfMogsOkYCpUh1DJqZWleubSZ/+b5Un3lU1PTu+UXdzyk/620fFgbT6
91NvaK2kLr3JZDJ/dxawou7D2JqtgrZGSYjsp9stqfFAL9f2f4CVt+e6Tr6sqtMzb6VrZavO/vsBplgNxPYcOhTH7JR1D1EHBAVae0EVbgBa/nK+zC0GmNZtJnNpKGprP23bFQkFE2LaLTTI83T/5lq8jwKO0ssMN+WD+tu1SRMPxK+0tM0=
JuaRAG6SCxAvQ+gqZBm947i1p1LxvBwF+ypLATBpetCEk55uWZHokvt54bUQi39i/x08E7f+BuqMvts3f4FDMeuaVl+RItCZZKJUfkTjxIB1G3kjVEESL+GB5oTKWtrqjHkuvMZpLmdJfCIvb8lzgYmRu8aKaXyc02D34kqYp1bOhmOop2ELbnvhAVdf4IegtNk=
FY3OFdivLLKpyZAZ00O947i1p1LxvBwF+ypLATBpetCEgpZgX57pwPt54bUQi39i/xw8E7f+BuqMvts3f4FDMeuaVl+RItCZZKJUfkTjxIB1G3kjVEESL+GB5oTKWtrqjHkuvMZpLmdJfCIvb8lzgYmRu8aKaXyc02D34kqYp1bOhmOop2ELbnvhAVdf4IegtNk=
2/+F15Vk8lzjtFrRFHK4S4W3ixBd6m7NLtX4MNs/o0gILlw4AkmLrd8u+MdVA5bU5gt3NUWNTgEsn42zpnc0ZDC1t58IMuqLvVR3FDG9hruqWTT7fWgWPbFSNAwdol9Q+O51NWzXusjiYBIZruCV7pFgjzz+sBWKWsxqQWP07tuy+RQpxvX/dmpuwQuvUZPOc30TnqGdocsyyYPTnre2i7vtlbTu
8qTwu9/9mJ4wRIri/2oMJXgLjywnloxrk8Pu8NPhv2YAbrKxQMdZU5IPGLTsHcMf/Zq225GsQ3RlZWoL1vHgOykAKs2dCmCs6RozACQGQTVYP2aYjtjmufq4uR6tCNv8KhhpOrYUPiFXDMKL7lHgqbJdI6ZGFvXrewn/fo/VR951dZ27HhFXc+oPWlvnhaG02g==
5IKFUBt9sZ2c65viUrTWiIGCp8oYRpjxaAtkPCJTtFu6XjAAEFttMn6KvbjMU4TkD89Fc+5H3ERIhU+fdgISq9Vkv1R5bW4bMsmse+X4jl0ZgvxMVVJ3MMAeTTVUJ4KoypBaWWYwPY4J8Be8ZiCNKrIcIgGrxIb7SslsKT7Fh1aCXonLZwH7buvtix45DTkrmpnLE1bHnmuDna201g==
2pfk6LbO/ndEP2euCqjoJfn3lhGrsRwF8yhdE2R7eYCE1tMnDd+9wPt54bUQi39i/xg8E7f+BuqMvts3f4FDMeuaVl+RItCZZKJUfkTjxIB1G3kjVEESL+GB5oTKWtrqjHkuvMZpLmdJfCIvb8lzgYmRu8aKaXyc02D34kqYp1bOhmOop2ELbnvhAVdf4IegtNk=
Jb0LZ09vUTp0TXYiRx2Z0TROz3V5loxgjNPpotry8WcKJbKxQMdZU5IPGLTsHcMf+Jq225GsQ3RlZWoL1vHgOykAKs2dCmCs6RozACQGQTVYP2aYjtjmufq4uR6tCNv8KhhpOrYUPiFXDMKL7lHgqbJdI6ZGFvXrewn/fo/VR951dZ27HhFXc+oPWlvnhaG02g==
zG3liJl1YXweMic2SI4gBBElJB5eNNrgs/AXBN8lcBPaXyCUBO3bH+Tr3vupfIu0rdUya75hWLvRkIJtxXoo7CHKy+AMNlk1QA9OeHYILvmyyOG+BZgjfJKIAVrupPbhn9z6q4Yh+KmqrcuGfka9qzO5J55nRf9eDeU1G8bhn7OiXyI7z7W5tMI=
pF1BVNlIWytAesK2hLcnM3Xs4xwtsZW+7enFb5p5vpC5YuSSiZC8GQQZEd5thw0IOzGR7TBzb2r/ES3rl6Z2okx2a28fOdO5axLG53H6YNEkaqSmZJvUiHUTaVt0meLnoclWXCriSmIM8b4EpjGer4k0UndPMWOJiZmrPqoxDNQTqEe6KiA33k4O8xBHubsmOynxj3+Yl6i00Q==
yyhgMeWXWQa8K8mmVVx1FngRgyEl18UjjNS3/Z++4zQCd/OxQMdZU5IPGLTsHcMf+pu225GsQ3RlZWoL1vHgOykAKs2dCmCs6RozACQGQTVYP2aYjtjmufq4uR6tCNv8KhhpOrYUPiFXDMKL7lHgqbJdI6ZGFvXrewn/fo/VR951dZ27HhFXc+oPWlvnhaG02g==
MuSAChu5G4SATrjwDWNgPUWCGUXZ8UMuBD2+Sabp8XoRU+K4tOOEF2L2JzgWzNpxgI/qhdGtI+8HXsNcuOSeJ1zLppB76DGgBp6rr30vWGV7AD/9sXhv4BK4fAinjZePJ/NLHPqVqVzka/Q0iKRMzQAi9b21CUyfxr1Rd9r+4pR+aGy/QrY+11rVmSo+Naen92PJ97cs0vfoTqNWC9giFkMU7oBP4h+fvxxr910N107DgrT/
YEf9xVVMeM2j8ndu8Ae44pR0AzNLqs4UOYXfq//moyeKfIr8kNuGy84QIAMCGs8OeZLqgJtVOXmg5+fuf5mlfgcy3sbsksM7T+0b/StWDjMhrkg1BA6MsnSP3Ix1F2FPZI3Kg4Etfgh6NoImTLV20PZlNkspUPrj36XrDQkdI6o6paSws0zv7nr0/5oOSjvEF+2TwhtN2ZtvjJ+stNU=
ONO9BvKhwJJGM5c/hnG9sngLjywnloxjkdX8pN7ooTQAaPvlDpIrU5IPGLTsHcMf95i325GsQ3RlZWoL1vHgOykAKs2dCmCs6RozACQGQTVYP2aYjtjmufq4uR6tCNv8KhhpOrYUPiFXDMKL7lHgqbJdI6ZGFvXrewn/fo/VR951dZ27HhFXc+oPWlvnhaG02g==
mfQzru7GBQP3AAnd7OWxmsYbuaFCYaYHVWUvS1l+4LHjAmChFErLK5XjKFGDvL9eflt/NMok3MyPgad7n4+L+PL5ech8NxQw4Oi8eXge9Zn9pdzLnqFxM3JyUuBGlCzbylpuw0IJ+a7W+deTD99JU38AwiMw0gOSI9QS4vtoLmRHjs8LJ0CL8zVBJ/q7vrTb
8cJO82ICE0l0IXjnXQwZduCy/uWPZEHxaQIr310/mPUbMD/J1uev8DLI/PiHndcfx8NLLBoF6UzEm3REqLSMXWAS9Y3VmYyP5s3Rh/ruogSeWGyPoiZ+x3olGVoeJWc3l1PJx9e8EufIPiOmK8hihqMk7rCvcl+Pn+zrh30dF96jsrTP
UfSYYZ1h6R1uV2Hfyjgr8CMOA3KHsRrzm4Nw+4I8VrmRX6+4gtOLWKGkp9EwY6x1cpv7xNAlhz5ivItuaUieotO1ypvc0NSshKn4jKP2V8wJXLicE1LsoPzxtfjYg9R1sung+Zku3OIXO7k9pRb10VX+p7FnU4Sl1eOIewAT3aGztMg=
v6sH8rXc18NJonqgAAmu2OKy/vSNckXxaQIr310/mPUbMD/P1uev8DLI/PiHndcfx8NLLBoF6UzEm3REqLSMXWAS9Y3VmYyP5s3Rh/ruogSeWGyPoiZ+x3olGVoeJWc3l1PJx9e8EufIPiOmK8hihqMk7rCvcl+Pn+zrh30dF96jsrTP
Ym10ydq8czXGCqm73rXIBCMOBWSbrBrzm4Nw+4I8VrmRX6m4gtOLWKGkp9EwY6x1cpv7xNAlhz5ivItuaUieotO1ypvc0NSshKn4jKP2V8wJXLicE1LsoPzxtfjYg9R1sung+Zku3OIXO7k9pRb10VX+p7FnU4Sl1eOIewAT3aGztMg=
UMa0v18Zr2lwOr+BTqHr7CMOBHKJqRrzm4Nw+4I8VrmRX6q4gtOLWKGkp9EwY6x1cpv7xNAlhz5ivItuaUieotO1ypvc0NSshKn4jKP2V8wJXLicE1LsoPzxtfjYg9R1sung+Zku3OIXO7k9pRb10VX+p7FnU4Sl1eOIewAT3aGztMg=
PuAzsRmXjZU7RV9n0L92+TbFN5vMHimw3af45Ipv0WCd85Rj+7W+7wAqN2sqNxKmC4rrB+2n+K0rKD/Q4b7PaIIQPCC3hbdHd1vLtKpdiVT0Q7ScGCzsBVAK9ZXlwewXVhURX8r2wlwuwOwXEn4e30r92YKuvQdvp0vJ3+fkcn945uN+G9AC3hO8bigfKj+XrzQrX82Fd4aTqrTX
d8VKR54RZx53/VIymCJcAGZ1dqUpWW17bQC5AQYiCi+7xxJ/YXoQrsTMPwkgx7HQSW1e0Ok3lESh0MpDSsMWdd6xjIVOgWi7obCyrTXamGyxahsg3BZJNVAvnrimqL55AmgRfjW4U3yiaPGaXsSGYQ88KmvWQeipuk0bxi4mLSvDWZfeFyXPXv3FBVu2QS8zMv9ye5+VqbTS
AS0pqO4JqWh7mSJj/wd4lWZ1dqUpWW17bQC5AQYiCi+7xxJ/YXoQrsTMPwkgx7HQSW1e0Ok3lESh0MpDSsMWdd6xjIVOgWi7obCyrTXamGyxahsg3BZJNVAvnrimqL55AmgRfjW4U3yiaPGaXsSGYQ88KmvWQeipuk0bxi4mLSvDWZfeFyXPXPnFBVu2QS8zMv9ye5+VqbTS
cbPrPiHa4mfE7xYznXhZumZ1dqUpWW17bQC5AQYiCi+7xxJ/YXoQrsTMPwkgx7HQSW1e0Ok3lESh0MpDSsMWdd6xjIVOgWi7obCyrTXamGyxahsg3BZJNVAvnrimqL55AmgRfjW4U3yiaPGaXsSGYQ88KmvWQeipuk0bxi4mLSvDWZfeFyXPX/jFBVu2QS8zMv9ye5+VqbTS
pAVm3+2aIqvtn1oFWYCjb2Z1dqUpWW17bQC5AQYiCi+7xxJ/YXoQrsTMPwkgx7HQSW1e0Ok3lESh0MpDSsMWdd6xjIVOgWi7obCyrTXamGyxahsg3BZJNVAvnrimqL55AmgRfjW4U3yiaPGaXsSGYQ88KmvWQeipuk0bxi4mLSvDWZfeFyXPWf3FCly2QS8zMv9ye5+VqbTS
