QtzwNZcVej5nRBEpdSr3B2loZw6ZLDXRZHm/x5ef+iwTGScu/vfDCWIU+VPtSgu+yRPrDCV3TuQ7TPr3hKA6m5mZy+SAZfee0jwbjrmIroLDtdq77BAETBQpSCzTtgfsOVxIfMOSXMCMcSVYCEMklaLp8JnpboxCh7tJ3RVWpbEl85SRuZF0BmVjGhtQU+2BpLPN
HzPQ8FYbIyGsbG4gkAWt926vtNs+vJug8bKCveqvQ5c0+4TzfueMBHhlX59iZyNrBcQv1MmNnttiqZx7FdjeHakiDMzFMifwMD5dNUQHcmia8MrZlpCNzlnQ57xWQN3qQvySgTtkVjt6qXwpLiW3FtL+GUvXYYsuOw27E0ot5+kqOruTxCdOK/O9urPT
MPJ0kJPYgBxOEaoU1zjuSRe8EjC2KwZWKUoO3egljn/Xc90Rg3EqnLXkzzncNTFdAFkvrJ+C833jwEkjeqqUZmQyEzFJ991T8k/4NIxdIx+bWlVb8WyjdAWliou2MQA7CcCKTT3KQKzJ2pOAhMZhNXj/xhguGMa52ngZng3I+/zK2Am6VtReIbfMogsOkYCpUh1DJqZWleubSZ/+b5Un01Y1Mzm+UndzyE/620fFhrPv
FWmOapWPPZwpmX3X9OsHW+7D2JqtgrZGSYjsp9stqfFAL9f2f4CVt+e6Tr6sqtMzb6VrZavO/vsBplgNxPYcOhTH7JR1D1EHBAVae0EVbgBa/nK+zC0GmNZtJnNpKGprP23bFQkFE2LaLTTI83T/5lq8jwKD0csCNeWA+tu3SRMPxK+zs9g=
g7pPrVjH48qKR477mNYNq7i1p1LxvBwF+ypLATBpetCEk55uWZHokvt54bUQi39i/x08E7f+BuqMvts3f4FDMeuaVl+RItCZZKJUfkTjxIB1G3kjVEESL+GB5oTKWtrqjHkuvMZpLmdJfCIvb8lzgYmRu8aKaXyc02D34kqYp1bDhWOmpWEIbnvjAVdf4Iens8w=
sX0QaPJDRXSxTQSnT6YQdri1p1LxvBwF+ypLATBpetCEgpZgX57pwPt54bUQi39i/xw8E7f+BuqMvts3f4FDMeuaVl+RItCZZKJUfkTjxIB1G3kjVEESL+GB5oTKWtrqjHkuvMZpLmdJfCIvb8lzgYmRu8aKaXyc02D34kqYp1bDhWOmpWEIbnvjAVdf4Iens8w=
ZwJzBqBm5PZKjcqpOaWVSoW3ixBd6m7NLtX4MNs/o0gILlw4AkmLrd8u+MdVA5bU5gt3NUWNTgEsn42zpnc0ZDC1t58IMuqLvVR3FDG9hruqWTT7fWgWPbFSNAwdol9Q+O51NWzXusjiYBIZruCV7pFgjzz+sBWKWsxqQWP07tuy+RQpxvX/dmpuwQuvUZPOc30Tk6Kdr8kyyoPTnLe2i7vtkrP7
yW5u8ESShSW4mhk3q4G3UHgLjywnloxrk8Pu8NPhv2YAbrKxQMdZU5IPGLTsHcMf/Zq225GsQ3RlZWoL1vHgOykAKs2dCmCs6RozACQGQTVYP2aYjtjmufq4uR6tCNv8KhhpOrYUPiFXDMKL7lHgqbJdI6ZGFvXrewn/fo/VR9N2dZO5HhJXc+gPWlvnhaazzw==
bfWLB4NeeVJ+f7DLxXbO74GCp8oYRpjxaAtkPCJTtFu6XjAAEFttMn6KvbjMU4TkD89Fc+5H3ERIhU+fdgISq9Vkv1R5bW4bMsmse+X4jl0ZgvxMVVJ3MMAeTTVUJ4KoypBaWWYwPY4J8Be8ZiCNKrIcIgGrxIb7SslsKT7Fh1aCXonLZwH7buvtixM6DTcpmprLE1THnmuDnaqzww==
2vjWVLjJyK5n9ldmKtmQ8/n3lhGrsRwF8yhdE2R7eYCE1tMnDd+9wPt54bUQi39i/xg8E7f+BuqMvts3f4FDMeuaVl+RItCZZKJUfkTjxIB1G3kjVEESL+GB5oTKWtrqjHkuvMZpLmdJfCIvb8lzgYmRu8aKaXyc02D34kqYp1bDhWOmpWEIbnvjAVdf4Iens8w=
Qvnj/JUIf/lu3MQ0T1k2WzROz3V5loxgjNPpotry8WcKJbKxQMdZU5IPGLTsHcMf+Jq225GsQ3RlZWoL1vHgOykAKs2dCmCs6RozACQGQTVYP2aYjtjmufq4uR6tCNv8KhhpOrYUPiFXDMKL7lHgqbJdI6ZGFvXrewn/fo/VR9N2dZO5HhJXc+gPWlvnhaazzw==
yzfCf3gMUjHmFCxg1+q5LBElJB5eNNrgs/AXBN8lcBPaXyCUBO3bH+Tr3vupfIu0rdUya75hWLvRkIJtxXoo7CHKy+AMNlk1QA9OeHYILvmyyOG+BZgjfJKIAVrupPbhn9z6q4Yh+KmqrcuGfka9qzO5J55nRf9TDuU7Gcbin7OgXyI7z7W+s9c=
IsRcroowWc3wezobHgBt8XXs4xwtsZW+7enFb5p5vpC5YuSSiZC8GQQZEd5thw0IOzGR7TBzb2r/ES3rl6Z2okx2a28fOdO5axLG53H6YNEkaqSmZJvUiHUTaVt0meLnoclWXCriSmIM8b4EpjGer4k0UndPMWOJiZmrPqoxDNQTqEe6KiA33kMN8x5FubgmOyvxj3+Yl6+zxA==
mhvsPSMPRkTkoG8p9buMcngRgyEl18UjjNS3/Z++4zQCd/OxQMdZU5IPGLTsHcMf+pu225GsQ3RlZWoL1vHgOykAKs2dCmCs6RozACQGQTVYP2aYjtjmufq4uR6tCNv8KhhpOrYUPiFXDMKL7lHgqbJdI6ZGFvXrewn/fo/VR9N2dZO5HhJXc+gPWlvnhaazzw==
xg0eQZbEfnfTjNIMXXFBb0WCGUXZ8UMuBD2+Sabp8XoRU+K4tOOEF2L2JzgWzNpxgI/qhdGtI+8HXsNcuOSeJ1zLppB76DGgBp6rr30vWGV7AD/9sXhv4BK4fAinjZePJ/NLHPqVqVzka/Q0iKRMzQAi9b21CUyfxr1Rd9r+4pR+aGy/QrY+11rVmSo+Naen92PJ97cs0vfoTqNWC9giFkMU44NP7B2fvBxr9V0N107DhbPq
IQn7zNEodvFCTYKg2K7YfpR0AzNLqs4UOYXfq//moyeKfIr8kNuGy84QIAMCGs8OeZLqgJtVOXmg5+fuf5mlfgcy3sbsksM7T+0b/StWDjMhrkg1BA6MsnSP3Ix1F2FPZI3Kg4Etfgh6NoImTLV20PZlNkspUPrj36XrDQkdI6o6paSws0zv7nr0/5oDSTvKFe2QwhtP2ZtvjJ+rs8A=
s6u6ca3JL5ViucVkf21Dc3gLjywnloxjkdX8pN7ooTQAaPvlDpIrU5IPGLTsHcMf95i325GsQ3RlZWoL1vHgOykAKs2dCmCs6RozACQGQTVYP2aYjtjmufq4uR6tCNv8KhhpOrYUPiFXDMKL7lHgqbJdI6ZGFvXrewn/fo/VR9N2dZO5HhJXc+gPWlvnhaazzw==
kHMK6oBTh5nYYIoHsbQWasYbuaFCYaYHVWUvS1l+4LHjAmChFErLK5XjKFGDvL9eflt/NMok3MyPgad7n4+L+PL5ech8NxQw4Oi8eXge9Zn9pdzLnqFxM3JyUuBGlCzbylpuw0IJ+a7W+deTD99JU38AwiMw0gOSI9QS4vtoI2dHgM0LJECL8TVBJ/q7ubPO
PJzCuWStuiLZSi8VS19ir+Cy/uWPZEHxaQIr310/mPUbMD/J1uev8DLI/PiHndcfx8NLLBoF6UzEm3REqLSMXWAS9Y3VmYyP5s3Rh/ruogSeWGyPoiZ+x3olGVoeJWc3l1PJx9e8EufIPiOmK8hihqMk47OvfF2PnOzrhX0dF96jtbPa
+krIIuv1+zK+XY0c0EdiECMOA3KHsRrzm4Nw+4I8VrmRX6+4gtOLWKGkp9EwY6x1cpv7xNAlhz5ivItuaUieotO1ypvc0NSshKn4jKP2V8wJXLicE1LsoPzxtfjYg9R1sung+Zku3OIXO7k9pRb10VXzpLFpUYSm1eOKewAT3aG0s90=
M9OOms3Vtj0wSNpqziJudeKy/vSNckXxaQIr310/mPUbMD/P1uev8DLI/PiHndcfx8NLLBoF6UzEm3REqLSMXWAS9Y3VmYyP5s3Rh/ruogSeWGyPoiZ+x3olGVoeJWc3l1PJx9e8EufIPiOmK8hihqMk47OvfF2PnOzrhX0dF96jtbPa
mwu0jEQj7HHkYOHKvfjsLiMOBWSbrBrzm4Nw+4I8VrmRX6m4gtOLWKGkp9EwY6x1cpv7xNAlhz5ivItuaUieotO1ypvc0NSshKn4jKP2V8wJXLicE1LsoPzxtfjYg9R1sung+Zku3OIXO7k9pRb10VXzpLFpUYSm1eOKewAT3aG0s90=
+EG+8Qbet90yXAnZYkFfOiMOBHKJqRrzm4Nw+4I8VrmRX6q4gtOLWKGkp9EwY6x1cpv7xNAlhz5ivItuaUieotO1ypvc0NSshKn4jKP2V8wJXLicE1LsoPzxtfjYg9R1sung+Zku3OIXO7k9pRb10VXzpLFpUYSm1eOKewAT3aG0s90=
QL7CISz1qtx4kJXRmkyj4TbFN5vMHimw3af45Ipv0WCd85Rj+7W+7wAqN2sqNxKmC4rrB+2n+K0rKD/Q4b7PaIIQPCC3hbdHd1vLtKpdiVT0Q7ScGCzsBVAK9ZXlwewXVhURX8r2wlwuwOwXEn4e30r92YKuvQdvp0vJ3+fkcn945uN+G9AC3hO8YysfJD2XrDQrXc2Fd4aTrbPC
y7XOhYudMSgBXaqTlbZfPGZ1dqUpWW17bQC5AQYiCi+7xxJ/YXoQrsTMPwkgx7HQSW1e0Ok3lESh0MpDSsMWdd6xjIVOgWi7obCyrTXamGyxahsg3BZJNVAvnrimqL55AmgRfjW4U3yiaPGaXsSGYQ88KmvWQeipuk0bxi4mLSvDWZfeFyXPUv7FC1m2Qi8zMP9ye5+VrrPH
