3c11X9Ick+TTnbPLwVRx3WloZw6ZLDXRZHm/x5ef+iwTGScu/vfDCWIU+VPtSgu+yRPrDCV3TuQ7TPr3hKA6m5mZy+SAZfee0jwbjrmIroLDtdq77BAETBQpSCzTtgfsOVxIfMOSXMCMcSVYCEMklaLp8JnpboxCh7tJ3RVWpbEl+pORtJR0DWdjGxtQU+2BvqfN
ZU1DxICnLaYAL6LVqJT92W6vtNs+vJug8bKCveqvQ5c0+4TzfueMBHhlX59iZyNrBcQv1MmNnttiqZx7FdjeHakiDMzFMifwMD5dNUQHcmia8MrZlpCNzlnQ57xWQN3qQvySgTtkVjt6qXwpLiW3FtL+GUvXYYsuOw27Gk0t6uwqMbmTxSdOK/O9oKfT
2aKNDT0lfsIDWklrJcu3PRe8EjC2KwZWKUoO3egljn/Xc90Rg3EqnLXkzzncNTFdAFkvrJ+C833jwEkjeqqUZmQyEzFJ991T8k/4NIxdIx+bWlVb8WyjdAWliou2MQA7CcCKTT3KQKzJ2pOAhMZhNXj/xhguGMa52ngZng3I+/zK2Am6VtReIbfMogsOkYCpUh1DJqZWleubSZ/+b5Un2lE1Pjy+WXVzyU/620fFnKfv
HM/mvifhx2QISt6FtK+Kve7D2JqtgrZGSYjsp9stqfFAL9f2f4CVt+e6Tr6sqtMzb6VrZavO/vsBplgNxPYcOhTH7JR1D1EHBAVae0EVbgBa/nK+zC0GmNZtJnNpKGprP23bFQkFE2LaLTTI83T/5lq8jwKK1ssPMOWL+Nu2SRMPxK+pp9g=
ZYcB2Xkd7YLXuWeXygrOhbi1p1LxvBwF+ypLATBpetCEk55uWZHokvt54bUQi39i/x08E7f+BuqMvts3f4FDMeuaVl+RItCZZKJUfkTjxIB1G3kjVEESL+GB5oTKWtrqjHkuvMZpLmdJfCIvb8lzgYmRu8aKaXyc02D34kqYp1bKgmOroGEDbHviAVdf4Ie9p8w=
IFLoftSklQqUpCskG2yP3Li1p1LxvBwF+ypLATBpetCEgpZgX57pwPt54bUQi39i/xw8E7f+BuqMvts3f4FDMeuaVl+RItCZZKJUfkTjxIB1G3kjVEESL+GB5oTKWtrqjHkuvMZpLmdJfCIvb8lzgYmRu8aKaXyc02D34kqYp1bKgmOroGEDbHviAVdf4Ie9p8w=
4vRPHeBrlkEnwu+zxnbv6YW3ixBd6m7NLtX4MNs/o0gILlw4AkmLrd8u+MdVA5bU5gt3NUWNTgEsn42zpnc0ZDC1t58IMuqLvVR3FDG9hruqWTT7fWgWPbFSNAwdol9Q+O51NWzXusjiYBIZruCV7pFgjzz+sBWKWsxqQWP07tuy+RQpxvX/dmpuwQuvUZPOc30TmqWdoswywYHTnbe2i7vtiKf7
V2mKggkcjuYy0Sg202dy8XgLjywnloxrk8Pu8NPhv2YAbrKxQMdZU5IPGLTsHcMf/Zq225GsQ3RlZWoL1vHgOykAKs2dCmCs6RozACQGQTVYP2aYjtjmufq4uR6tCNv8KhhpOrYUPiFXDMKL7lHgqbJdI6ZGFvXrewn/fo/VR9pxdZ68HhlVc+kPWlvnhbynzw==
vqbAF46hGaNqWnyE4Q+GXIGCp8oYRpjxaAtkPCJTtFu6XjAAEFttMn6KvbjMU4TkD89Fc+5H3ERIhU+fdgISq9Vkv1R5bW4bMsmse+X4jl0ZgvxMVVJ3MMAeTTVUJ4KoypBaWWYwPY4J8Be8ZiCNKrIcIgGrxIb7SslsKT7Fh1aCXonLZwH7buvtixo9DTosmpHJE1XHnmuDnbCnww==
xajWbYQ5sslaCNgrezSzcPn3lhGrsRwF8yhdE2R7eYCE1tMnDd+9wPt54bUQi39i/xg8E7f+BuqMvts3f4FDMeuaVl+RItCZZKJUfkTjxIB1G3kjVEESL+GB5oTKWtrqjHkuvMZpLmdJfCIvb8lzgYmRu8aKaXyc02D34kqYp1bKgmOroGEDbHviAVdf4Ie9p8w=
DlaMPcT6KyGyHvID6/6z8TROz3V5loxgjNPpotry8WcKJbKxQMdZU5IPGLTsHcMf+Jq225GsQ3RlZWoL1vHgOykAKs2dCmCs6RozACQGQTVYP2aYjtjmufq4uR6tCNv8KhhpOrYUPiFXDMKL7lHgqbJdI6ZGFvXrewn/fo/VR9pxdZ68HhlVc+kPWlvnhbynzw==
y4r3AF7IaSIx35P9n2KIshElJB5eNNrgs/AXBN8lcBPaXyCUBO3bH+Tr3vupfIu0rdUya75hWLvRkIJtxXoo7CHKy+AMNlk1QA9OeHYILvmyyOG+BZgjfJKIAVrupPbhn9z6q4Yh+KmqrcuGfka9qzO5J55nRf9aCeU2HMbpnbOhXyI7z7Wkp9c=
gZpbAXDGavKQ+5nnb1P7S1I1Q6SLjXvQd4RWa4tanT3s0ZSn3Pm/VHZJ0GRTwYNreyzEpcQlaeKdu3U02w3pUcDPF9Z/rVVXZxoOnqxKE1PvBauFq66+W4FGGG3E1tyalKestHUvEWeEpZpbQXUu4NpeMt7MzcY4Vg3mk2kIKsu/jRs1CSXTglqNdOjzlD+G2hxP4oq2i6+wBcuY25aJs4+k74mn+A==
NIr8NRmD8/IjwwgzBD/RUngRgyEl18UjjNS3/Z++4zQCd/OxQMdZU5IPGLTsHcMf+pu225GsQ3RlZWoL1vHgOykAKs2dCmCs6RozACQGQTVYP2aYjtjmufq4uR6tCNv8KhhpOrYUPiFXDMKL7lHgqbJdI6ZGFvXrewn/fo/VR9pxdZ68HhlVc+kPWlvnhbynzw==
5XwTf6SyU2jhYkXRcuv2JkWCGUXZ8UMuBD2+Sabp8XoRU+K4tOOEF2L2JzgWzNpxgI/qhdGtI+8HXsNcuOSeJ1zLppB76DGgBp6rr30vWGV7AD/9sXhv4BK4fAinjZePJ/NLHPqVqVzka/Q0iKRMzQAi9b21CUyfxr1Rd9r+4pR+aGy/QrY+11rVmSo+Naen92PJ97cs0vfoTqNWC9giFkMU6oRP4Riftx5r9F0N107Dn6fq
CF/m6yy8qgdCz9TTbeUx0pR0AzNLqs4UOYXfq//moyeKfIr8kNuGy84QIAMCGs8OeZLqgJtVOXmg5+fuf5mlfgcy3sbsksM7T+0b/StWDjMhrkg1BA6MsnSP3Ix1F2FPZI3Kg4Etfgh6NoImTLV20PZlNkspUPrj36XrDQkdI6o6paSws0zv7nr0/5oKTjvHEO2bwBtO2ZtvjJ+xp8A=
/eVRHii0N3zHBHW6z70AHMhLtZRkSHsPq5a2KMm5p5f/2tsbekDywHDn/vc+LFg/wqa3sokukjx76UHFUFufUv8l3cL3jqZ6DC67h79RY0HranYP0ZIwCeQy9I6Es6SwdSsZc5Sxsr9hEQY0igr6GowJDmwG2U73yeyCXy8Zk7GJoVsWyhncDFPwl1KKSIcmynJD++DR4/z7cqGnn7Dnjaf8
6tAHFHjLPUyBJQltaBjDdql0MQFl0D31hDMPLK9FNCEUf1tZlP7FbFv4bnSAgtHuTFI3JS0du/yXg1A7Yrz2+fFfRH8tU+sYgaRHEVDjDLWSm9uEsKUn/kK86y7JyH5i87XqWzxQdOzkqdhMA3Y3jClcWFyz0oxgHPGVuLgDdLVS6YC5Oa48Ijc72X1FllWRNfqDcYTUJO3342u7oJO94Y6n/Q==
h4fnM1GgMlaOX86/jKQ+FHIZ5aWT8Vy2T327gKoywbejlf/c1xFiXubSQJHCDRZCfN2igFuY8RBmDis/nZ8YlVsQP+ORiC9Q8ij8mMc9V/8H40sM2uVp7IT7dKRoFAw9IDL1rZX5DC8mLdHnuk4i5F54bK9ixv5nOkUZut6F51fXc8nnl9ySRwjeI8ZraOJmYwTqlG+R2C/Xjutkvb2XvuOPp/o=
3sPdJ2mh2gPoQdCLEFBFLXgLjywnloxjkdX8pN7ooTQAaPvlDpIrU5IPGLTsHcMf95i325GsQ3RlZWoL1vHgOykAKs2dCmCs6RozACQGQTVYP2aYjtjmufq4uR6tCNv8KhhpOrYUPiFXDMKL7lHgqbJdI6ZGFvXrewn/fo/VR9pxdZ68HhlVc+kPWlvnhbynzw==
Mm2PwUiJaqMn4sL2z5ZFDcYbuaFCYaYHVWUvS1l+4LHjAmChFErLK5XjKFGDvL9eflt/NMok3MyPgad7n4+L+PL5ech8NxQw4Oi8eXge9Zn9pdzLnqFxM3JyUuBGlCzbylpuw0IJ+a7W+deTD99JU38AwiMw0gOSI9QS4vtoKmBHjcgLL0KL8DVBJ/q7o6fO
BTCFPxViBm4Tr2OOj8rw0+Cy/uWPZEHxaQIr310/mPUbMD/J1uev8DLI/PiHndcfx8NLLBoF6UzEm3REqLSMXWAS9Y3VmYyP5s3Rh/ruogSeWGyPoiZ+x3olGVoeJWc3l1PJx9e8EufIPiOmK8hihqMk6rSvcViPl+7rhH0dF96jr6fa
A9+OYVEpjWZfkB/ZdY3zZyMOA3KHsRrzm4Nw+4I8VrmRX6+4gtOLWKGkp9EwY6x1cpv7xNAlhz5ivItuaUieotO1ypvc0NSshKn4jKP2V8wJXLicE1LsoPzxtfjYg9R1sung+Zku3OIXO7k9pRb10VX6o7FkVISt1+OLewAT3aGup90=
5HQZ6rmBGIFWBO4cax83AOKy/vSNckXxaQIr310/mPUbMD/P1uev8DLI/PiHndcfx8NLLBoF6UzEm3REqLSMXWAS9Y3VmYyP5s3Rh/ruogSeWGyPoiZ+x3olGVoeJWc3l1PJx9e8EufIPiOmK8hihqMk6rSvcViPl+7rhH0dF96jr6fa
XukZcrlPcvqWttTglHs2uSMOBWSbrBrzm4Nw+4I8VrmRX6m4gtOLWKGkp9EwY6x1cpv7xNAlhz5ivItuaUieotO1ypvc0NSshKn4jKP2V8wJXLicE1LsoPzxtfjYg9R1sung+Zku3OIXO7k9pRb10VX6o7FkVISt1+OLewAT3aGup90=
eLd+idzaUuUg2cykrikbVyMOBHKJqRrzm4Nw+4I8VrmRX6q4gtOLWKGkp9EwY6x1cpv7xNAlhz5ivItuaUieotO1ypvc0NSshKn4jKP2V8wJXLicE1LsoPzxtfjYg9R1sung+Zku3OIXO7k9pRb10VX6o7FkVISt1+OLewAT3aGup90=
EYAuhJ8gFLuHPtCtsW+YC1pNYWhhDIQ5FscmR6mr5pISLjUnUigsBtMtbTM2l+QkYJVHn3IRNUvtNOeUgd02e5o5JPttSGb9QfJEjI0CDxAoDkU1XDdqiLLAgpneQGUu4UCfPO7QJUrqrNrB85S+G2LZZCk21a82uo5Rix+xI45DnQOZtb1SjEJhcVMNF2ZL6424p8s=
gsPYjFF6Vr/KqqOwgY9ep4x9cqSYstd9dHPrXggpFH5kPsXg0HVH3nM1KeOm5+FzGwzWI9EzWtMC76j0vD0zH4q4aRshzNP0lcU6S+YR8Ds5INoNzWrQLHm6Q0D05nE1aN+22P54djlK2OneXSjL/Dr4WXrmtM6hx2xySz5xkKlCfXPm9vZlawupL76/tVfZYVXu/M755fN5r6qbt+WMp/8=
krzLlBUhI97ctbTHQKkTASx0iMtyzpKnKxEHndit9UtmSgFhx86veetyFngcdiXUh7vagI7yqmVIbuKSmTCmD+YOoulaPhfxfpz11RxnkYBW2y+qzos6WITnp3n1mL6dSeJszCXyh3CQ/n01ZMfS6DowKtn2UG1OOZAHvHYAfWrivLKBGyQ2u5rpHCnO5deWMj45S/ehK66bzZsZLe0KbEpxWZOlZ+6rU/2Ap/M=
krzLlBUhI97ctbTHQKkTASx0iMtyzpKnKxEHndit9UtmSgFhx86veetyFngcdiXUh7vagI7yqmVIbuKSmTCmD+YOoulaPhfxfpz11RxnkYBW2y+qzos6WITnp3n1mL6dSeJszCXyh3CQ/n01ZMfS6DowKtn2UG1OOZAHvHYAfWrivLKBGyQ2u5rpHCnO5deWMj45S/ehK66bzZsZLe0KbEpxWZOlZ+6rU/2Ap/M=
oqROJ2LSaadeKf/ExKtNcS15dtjWGVQfckVhPBGCEPg+mqIfnKL5tnHYlYhrh88j6hiQoyIZMNJ1CC8RjTNsLydWYuKn/25ZLKt6BV5GcYilgzhZ5KJYvO1l2V+KshpQVo17oWlNVU/6PkaSNuDB7nYT9mi474O5kRDCbQX6aOxhSgvgTLaZNYCPDni2iG758kghvkUYY3xSCEFaLiQ24d9cOqtGobipai2Lhj7GfatzOWeep8W/X8ll9hyGaV2zYd9iOw815KeX
jm5OAzqQlZLn0aF/g8pBDgtiXqaEm0DK2dD3ADeOhGXcRfL+zp802jxTAGu4jROdtMJWDALS3ILpXKtv6g8f81/74ljiWBW0LY93EpQtDgZJ9dmxEd3xF4hC4ECRB0WRRHPsIC8O+xNMmejD75TtKJsub8ckQYYfzpImM6EpFClpCEn8unUp/KRL9BRIBMytwEL13XVpzD8GnVFXml5idD6IbF8CVr53GvWZCv6VJ8c3A8mXd0xSVyhuo3ZLeKL2A/TvZA8BmD/3PmvUna1XLgP/p4o=
TKk44uhCh12w2746pPaWWD3aZQhjaWgb8DMIegVWwda7ZiBSHhiiwBBgiCLP7gmMt+SdIhbFOtLHg7dAVURzaWwTIN3GWw8s3BXbRjYcP/aVmFKKx7XesxAAKDQwCaz0/8ZbJP2cDDSfIrAYKBFB4OTTmB0maXQRVf7g+mNb7YV55nl54b/X2WhkWFUDQz/jfEORibqnyQ==
dRZRB6oF86IhuftEJ/oAGozooqvUB6SdCKjOOngaAo+I66jxtlm8T+CSpkJSRtDCSDMu2fTe74BSWHxoZ20XL+fTSzw6NSm8JAv01MjEzG1AAvWd9anM/4ZdURcaHmI0vkhsn4IWvjeatZnKflUnB7dDydf3jFKXqK6jNss4oraDNO+kj0GYf3d+axQdbVfug7+nyg==
KPh+LrWomDrHJXFOG8eMfRHwceNAc3KpuDEXxJ2rN7XGfkhz0iuOF6vpTz6fdbffwRWOfO45BfPZ78oblyVspx8=
a73wxbk3A7/XCMtGuZHLpJxwDztOnp0ON7iQu+WvwCXZRrbSoc6V2c1VZhwUWYUOcYbho/YMaV+Uyv2Xecb/IFsyx9ehj4U/TKsV5ilWDjMhrkg1BA6MsnSP3Ix1F2FPZI3Kg4Etfgh6NoImTLV20PZlNkspUPrj36XrDQkdI6o6paSws0zv7nr0/5oPTjvHEO2bwBtO2ZtvjJ+xp8A=
gIpS9xfFbtHmR34063T9OV05Py1aaNzzMwwjLNhrf5S30hREBGY4/OBx5pCqvYS3J8iWzjaHOijYFxtPDAtFumnwI1R2QY3oC0ze+jAPOXVnzsM2j8Wa8dXp9tVj2OFvJz2PCRKnjLeSCcx7xbhu3blC3Ey1EtewoN5tNXTn4ihq0LpZRvCdDumwN7wG4C2qUtxCAYuEZnvqCQwp3oUn1uKeqcuHQZvuS61rHx3NWqw60ekTNQc+62PdkKfj
+KliFbK5T5FV/5B+9Xpj8CvURq9G/WHZOpciGKTYZbFimk5f+IecBFUIcYqTB1QGgyegXvzoqSDq0dbpUQhm8fycPfjgsua1YcdgGe3vBgDl5TOaTaD73hLeiNukjKSgpo3KeyjxcldL9+I2EzGjYetKNu9RMvBp5BK0bgQTZNB1S9nTFFHyn2FxxpQK6ro6jCnODIZ5DhfJzEI/r7nTUYlBG7ZKeRwsUxDX8gooRwbPUgMbYHEjnPtS4UcfECftp5w=
B2LL9NQe44IqRPo+eCXs//bD+K/w7dBBAzDI47NkeQCmioP8R/LwjMdk3SukEj8lx8TncbwNXNLr+e5ISlIjmvMs8srLMK8oV7Vo499aS3hlOUdSC3unBg==
TDpPzNCzCa2NyzBGcdnwPJpRPOyImZPv6s3R9+/ZmxnhyXGd6cpbOj68ylsPhmBw8PzQBJDDgsAlX4hNPtu3vLS1A7b+XHemrXi6ut+1xoP44BBkeElkBCdmM7RFHPSkN0LoqODRibCc87DtPmlsYX3eGCorG6U1oQbR6Zk/b0mAxAAlS4P3M0Qj+bmip9E=
a3CuKQnb2k7k9oSeOPKze2lncBWcOSTsZHm/x5SZ+iwTGSdBlZnFdQVq91KqDF6jkwb8CGRMROw8Y+6okY98lYKby+SAZfee0jwbjrmIroLDtdq77BAETBQpSCzTtgfsOVxIfMOSXMCMcSVYCEMklaLp8JnpboxCh7tJ3RVWpbEl/5ORtJR0DWdjGxtQU+2BvqfN
gIpS9xfFbtHmR34063T9OV05Py1aaNzzMwwjLNhrf5S30hREBGY4/OBx5pCqvYS3J8iWzjaHOijYFxtPDAtFumnwI1R2QY3oC0ze+jAPOXVnzsM2j8Wa8dXp9tVj2OFvJz2PCRKnjLeSCcx7xbhu3blC3Ey1EtewoN5tNXTn4ihq0LpZRvCdDumwN7wG4C2qUtxCAYuEZnvqCQwp3oUn1uKeqcuHQZvuS61rHx3NWqw60ekTNQc+62PdkKfj
YWP2HvXp9x51b7rvUnUYJqLwnQOoqVUf8TZNAyVnWoCJ1tMqDbDbrpJu6M1g8wVwpl1qC+jhEufLh8ImU4FDMeuaVl+RItCZZKJUfkTjxIB1G3kjVEESL+GB5oTKWtrqjHkuvMZpLmdJfCIvb8lzgYmRu8aKaXyc02D34kqYp1bPgmOroGEDbHviAVdf4Ie9p8w=
G9TrD0MNd5qA5vZssbMU4yx0hsN2kJegNkZTkpfU1GNcYjJO9OeveOczWX9ZZTzDmrraiYG7qmFEUK35mT2rYfsJu5pJLhT0YN+txkJ02rR6kAKT0NQvd8LpvHv1mL6dSeJszCXyh3CQ/n01ZMfS6DowKtn2UG1OOZAHvHYAfWrivLKBGyQ2u5rpHCnO5deWMj45S/ehK66bzZsfLe0KbEpxWZOlZ+6rU/2Ap/M=
5u1qcPqguO2kaBT4Qj3onoeItN8FSI2zLhIlbW8P9gznDioJEVt6IXSwvfmJHduhK6krGvlOpDQw/13GMlQK9MpwshNAdH83Msmse+X4jl0ZgvxMVVJ3MMAeTTVUJ4KoypBaWWYwPY4J8Be8ZiCNKrIcIgGrxIb7SslsKT7Fh1aCXonLZwH7buvtix89DTosmpHJE1XHnmuDnbCnww==
CW27Exz5wW+VyH0faAgztA3sZUyAsjpab2d4BfQZ/BxcOed3bDlSXJuZr/H9+X2F3SqPAnLsdrObBvQYTCwcPMSjttgpb5QlChtDFCjFjy4K/CPe4ahGksu10qsEMFwcLOmQnKsWrxyx3MDMK3LksNSx3YhQIwyFqun4icGOVBL/+5EtrTbNAa1/G+EcNIy9PyMjy4hzhZG2p8U=
hB2cn08+fxpq0BH9JFhVtKICD28adnpdb5oJScb6zlIUILI+L7LV9EmgYWdPkbNOUz1znwVdQkzSASHT/ffWC5staKcb
YWBkK6iYVEVsaDgQ32YS3qMCD28adnpdb5oJScb6zlIUILI+L7LV9EmgYWdPkbNOUz1znwVdQkzSASHT/ffWC5staKcb
o1tQT/YLOQCI8vX4dr66m6ACD28adnpdb5oJScb6zlIUILI+L7LV9EmgYWdPkbNOUz1znwVdQkzSASHT/ffWC5staKcb
yFcIdrEm8u9f7qTKjXEneaECD28adnpdb5oJScb6zlIUILI+L7LV9EmgYWdPkbNOUz1znwVdQkzSASHT/ffWC5staKcb
ZJQfutMxdkFa9LZVCKPNvhZw7a/PDsAv1g6ODbsytelaErqigLg+vqMqQYS9yP3H8znnnifFP19JZXYcBmnds+Hf4juPNWSnFw==
Jk0vJxxGuuSzCoSL5ByrbyYziATcsfy14eDQY1E31oqTlEAPOuvCCKCgv1OUcUmK3L7RR2B9Duk+jd5WYG5wvPYmjz6bkAKek/xvbJ9pONcndiucTUV3RhN3pwI=
b9vQqMT6YDFoxpMoqSZzVxdw7a/PDsAv1g6ODbsytelaErqigLg+vqMqQYS9yP3H8znnnifFP19JZXYcBmnds+Hf4juPNWSnFw==
pWlnfMNmb5FjdN9eznp9QxRw7a/PDsAv1g6ODbsytelaErqigLg+vqMqQYS9yP3H8znnnifFP19JZXYcBmnds+Hf4juPNWSnFw==
T4YFjY/gRfSjNtKKgEx57hVw7a/PDsAv1g6ODbsytelaErqigLg+vqMqQYS9yP3H8znnnifFP19JZXYcBmnds+Hf4juPNWSnFw==
UnxhKsokJbQQ14VYJQf1JB9RLmV2F4MwFN1ySamrooEcADV5AW1zQfMZU1ohnpxUGO9VxjpEIhTyIOrTuMQnV5o5JPttSGb9QfJEjI0CDxAoDkU1XDdqiLLAgpneQGUu4UCfPO7QJUrqrNrB85S+G2LZZCk21a82uo5Rix+xI45DnQOftb1SjEJhcVMNF2ZL6424p8s=
SaY65yD6zLUqvFPIsq6k+DOaJE83fG8A9C4IPkBZ25+4aSZkV1njiUkpqS2hihPqxpziKxeGeIDY3KhUWANKcH0/IN3GWw8s3BXbRjYcP/aVmFKKx7XesxAAKDQwCaz0/8ZbJP2cDDSfIrAYKBFB4OTTmB0maXQRVf7g+mNb7YV55nl54b/X2WhkWFUDQz/jfEORibqnyQ==
bio8n0WQSZHuGQ0yGTCxeSn68AI9pteBrP+YdZt/n9exfv3bxd/KCAleQ5Jt6GtmUiaYlUALFXimVXrzyLlirwtPcn4zOdO5axLG53H6YNEkaqSmZJvUiHUTaVt0meLnoclWXCriSmIM8b4EpjGer4k0UndPMWOJiZmrPqoxDNQTqEe6KiA33k8K8xNAubMkOyrxj3+Yl7WnxA==
Eh1YEeTQi38f5xC9IeToza//HqHQsendzH+FiYPJoUwJzd219uYpfCe0hTJHGGL0TKM4Qcm25hc+NQADLvHbvcYoa5MvFwtwYgHZYAxv1Pgw0NwRSAb1ke3d/ONueTF7IsqyCPYMrFNaos5rMlE5ZgbBt/s/x0lbb3jiC8AKQ9pzbPIKS/Cv6Nd1aKNfGks45XlHkou7p8Y=
1Ww7pxNbu15hir0GIDQUMfctNglVOD0TPI8UR9ypi1QRI7M1QvbE406zandPkbNOUz1zngVdQkzSASHT/ffWC5staKcb
ghG0oy+ih4BBFvVXrRgP4/ctNglVOD0TPIsWSdypi1QRI7M1QvbE406zandPkbNOUz1zngVdQkzSASHT/ffWC5staKcb
6/fopH+OwKLKffzNjbwudZxwDztOnp0ON7iQu+WvwCXZRrbSoc6V2c1VZhwUWYUOcYbho/YMaV+Uyv2Xecb/IFsyx9ehj4U/TKsV5ilWDjMhrkg1BA6MsnSP3Ix1F2FPZI3Kg4Etfgh6NoImTLV20PZlNkspUPrj36XrDQkdI6o6paSws0zv7nr0/5oOTjvHEO2bwBtO2ZtvjJ+xp8A=
OCJomQD/hnihXaK3Hk1IYtG70I+EsA6KxURPr7Y22NeUzQh2D/EfrTqQ13IKqEeGztIDm2DxIxz70uHHH5Anbacc
qLpuaQkDLIPD513Vyc7pElVHKX9tGIQzV8A3Xojio4waCjV5AW1zQfMZU1ohnpxUGO9VxjpEIhTyIOrTuMQnV5o5JPttSGb9QfJEjI0CDxAoDkU1XDdqiLLAgpneQGUu4UCfPO7QJUrqrNrB85S+G2LZZCk21a82uo5Rix+xI45DnQOetb1SjEJhcVMNF2ZL6424p8s=
8v8Lk5KGnJCE2l6d1RfcBChd1vo8sT8wEDoMD3CO6dQUHX2Wli7e34zSDVJ/wTfc/9gnCuow1w5OWpMDAAlT1Lsa0f8/iDdlpxQ=
eRFVqch0q7NCPNkkf6lGjpyzTw1KpHa8NZdfPKyFLM6+mdZMJwQ87vO+ipIeRCnpyy1xpKqO52G9GRFlQwDo1E201QNUR4eDlRVfhuso4ibjRO7U79HYb1fO66Q9fZd+Y0+nOg==
QHGbgMmqBXzYTLbd5si+pDHe5PvT8cM9bd3TNrhiRmGEUl4WDWXH+KO1gUJbRB/lHPVaIXV43ZNcSzZJPGnr1LFjUzUiNmRjrvMKd2/RU84z/VOe5R3izHJBwdPdN3aLe21Ipzs=
YfXzynZ/S0MEXNtGFvUb6yy9lQathGIWMZ3jiGd9LSL3zJt1uC0GYamguYNYQ1pp0KGvZFXbL7XejgDTartmV4PZV97XpQ9eOUVGXPbJbTNxfzJ7XxV0pwc=
OVbvUYnl6LWr2BY317hkIckSiGRQhmA3s5FmFjWV/5iLRUkCE5S3hYRlwqHt6EUzNJv+CXRZA/TJU6s1WgacQ8bDwrcngbtuq23LHn2NeizaEQkTlUdea0MdcKcD
SNrbI5dC/EpU9U2PQsnGj+Ahp0FhtEEthJFmFjWV/5iLRUkCE5S3hYRlwqHt6EUzNJv+CXRZA/TJU6s1WgacQ8bDwrcngbtuq23LHn2NeizaEQkTlUdea0MdcKcD
wK50xK9HZt64bGehTeG72PrAoBn2jzM/4JazGXkAHcm/smU4IR0iiWTBSwTja+I3iLmCFVUsDx/t9RxKWpuQjzSHUa1tNo2B7X5bYVw0zD1/I2NLSHNFEXanBQ==
I2ExmObTrdth3d7LXoUVSyx0iMtyzpKnKxEHndit9UtmSgFhx86veetyFngcdiXUh7vagI7yqmVIbuKSmTCmD+YOoulaPhfxfpz11RxnkYBW2y+qzos6WITnp3n1mL6dSeJszCXyh3CQ/n01ZMfS6DowKtn2UG1OOZAHvHYAfWrivLKBGyQ2u5rpHCnO5deWMj45S/ehK66bzZseLe0KbEpxWZOlZ+6rU/2Ap/M=
uK/sLHmOSXT8x9zW3+ksmChd1vs8sT8wEDoMD3CO6dQUHX2Wli7e34zSDVJ/wTfc/9gnCuow1w5OWpMDAAlT1Lsa0f8/iDdlpxQ=
XXgKFRc8Cx89jur/URt+5IKn4g8vV6vVee0tPEMZu7MgaueOuLGio4YRhSchn7GyarCfBEK86sCzdGqEgaO6K7RUSJL+M9IQLywJh+xBbIJZO9sFbT0VAO+p1648DAmqTVFcp2M4F9WkvTCaX/irX3bhYPoUXON5F+cELtQgeJEVGYfR+4/UIqiqWHxvnrgP+FB2cw1Z30zMVUsm5pzPlmXYouo3tS7T4EDYVMCJfJRvhktELZzclI9iIDj4kXHAVJOovZZpxLFlPlDaU9u9pekmadmxvoc5eKTItVPDTwMMg+Fpyqe5
W/1yL32JHCzARLoerndbEJ1V23Bq2Cejqn0Lnd7i/B2+f5H78Tth1Bw77frLsBL6att163BontnJl1Fvjw/DKrRrfR7YdHKIyJQpl+mFGPZHbpP+jWSyeD1a0LeUkCAy3dkh4LiWVyM5TRTEcCIl+X31TGfMcuugk6mwP5gBO4r1IrdYLzWAzw6FktT2EdUX7AMl3qluPpuBhpitxBZc2pTnLPR1b5EnhOUam0G1riDanrIezI1GeFZNZtNpSKoLv02b9QnlU0JaTfSo89S/xtpcz6KOdgtvsMVLWNtWCfOP5G/Jp7g=
imSzQbK21zc5+N+jB3jhGd5zd9pi707JhqSFkuSo1OZM1LJ6vnZ9UNL0pNAHQQVJ95wvhFYwSFoHKbtszg0YVG7dr/9/bTiTRD1QWn/4S58WYcu/M1yDufdnpO70IJjRtZknkRuPtOIIKvi8D56YT1jQFjPtWf+MbNWrZoac79aFWMIqF7UOE4DAOBTgiRzUjwbrhA2cPNTv4oB42JERAPQTCH32aSTxxb7wmrPbnWVJpokZ0b6nedgkqHWzw2/DbAMBKeqnmQ==
OkpLiiVKMPuVoQoO9X2B4vede+b87MAE6wMGusx17yRDVnNDg2VC0RlxdrKuZa4QlFMddxn1d0bIhB9L742QyURxvKmpEckc6NhWOGM4cHLXoyJRlmTU02hFeO7GLvWYHOnkqsTU5as97ricQ1URr/j7NHf/P6WuMclsmF82Gys8oSh7nywNkOsWb/9U+WanvirmC9ER9BEZsMlEyk3JxNRzNKw4vCwVsHr15QXRLId2JZFv6maCTE4w7Odybl5Pas1Zso4tx39HO8mvB/Sy71jWY047QELOc0xu3H85eAeHBqts7RW3lnPHp7I=
ztyXP8DIxomeN+BHFs9pcfede+b87MAE6wMGusx17yRDVnNDg2VC0RlxdrKuZa4QlFMddxn1d0bPhh9L742QyURxvampEckc6NhWOGM4cHLXoyJRlmTU02hFeO7GLvWYHOnkqsTU5as97ricQ1URr/j7NHf/P6WuMclsmF82Gys8oSh7nywNkOsWb/9U+WanvirmC9ER9BEZsMlEyk3JxNRzNKw4vCwVsHr15QXRLId2JZFv6maCTE4w7Odybl5Pas1Zso4tx39HO8mvB/Sy71jWY047QELOc0xu3H85eAeHBqts7RW3lnPHp7I=
gjIdEKojQm9ZQlEk0sWTjfede+b87MAE6wMGusx17yRDVnNDg2VC0RlxdrKuZa4QlFMddxn1d0bIhB9L742QyURxsqmpEckc6NhWOGM4cHLXoyJRlmTU02hFeO7GLvWYHOnkqsTU5as97ricQ1URr/j7NHf/P6WuMclsmF82Gys8oSh7nywNkOsWb/9U+WanvirmC9ER9BEZsMlEyk3JxNRzNKw4vCwVsHr15QXRLId2JZFv6maCTE4w7Odybl5Pas1Zso4tx39HO8mvB/Sy71jWY047QELOc0xu3H85eAeHBqts7RW3lnPHp7I=
YmOUP2bZDQZ2W0B3o/y6Hfede+b87MAE6wMGusx17yRDVnNDg2VC0RlxdrKuZa4QlFMddxn1d0bPhh9L742QyURxs6mpEckc6NhWOGM4cHLXoyJRlmTU02hFeO7GLvWYHOnkqsTU5as97ricQ1URr/j7NHf/P6WuMclsmF82Gys8oSh7nywNkOsWb/9U+WanvirmC9ER9BEZsMlEyk3JxNRzNKw4vCwVsHr15QXRLId2JZFv6maCTE4w7Odybl5Pas1Zso4tx39HO8mvB/Sy71jWY047QELOc0xu3H85eAeHBqts7RW3lnPHp7I=
fUk6ukq0F5viCRCWnTcK7vede+b87MAE6wMGusx17yRDVnNDg2VC0RlxdrKuZa4QlFMddxn1d0bIhB9L742QyURxsKmpEckc6NhWOGM4cHLXoyJRlmTU02hFeO7GLvWYHOnkqsTU5as97ricQ1URr/j7NHf/P6WuMclsmF82Gys8oSh7nywNkOsWb/9U+WanvirmC9ER9BEZsMlEyk3JxNRzNKw4vCwVsHr15QXRLId2JZFv6maCTE4w7Odybl5Pas1Zso4tx39HO8mvB/Sy71jWY047QELOc0xu3H85eAeHBqts7RW3lnPHp7I=
ky9gSH7wu4FNu+FrFvlGhfede+b87MAE6wMGusx17yRDVnNDg2VC0RlxdrKuZa4QlFMddxn1d0bPhh9L742QyURxsampEckc6NhWOGM4cHLXoyJRlmTU02hFeO7GLvWYHOnkqsTU5as97ricQ1URr/j7NHf/P6WuMclsmF82Gys8oSh7nywNkOsWb/9U+WanvirmC9ER9BEZsMlEyk3JxNRzNKw4vCwVsHr15QXRLId2JZFv6maCTE4w7Odybl5Pas1Zso4tx39HO8mvB/Sy71jWY047QELOc0xu3H85eAeHBqts7RW3lnPHp7I=
PRQKQFzqwgzMeMfkjKA0Fvede+b87MAE6wMGusx17yRDVnNDg2VC0RlxdrKuZa4QlFMddxn1d0bIhB9L742QyURxtqmpEckc6NhWOGM4cHLXoyJRlmTU02hFeO7GLvWYHOnkqsTU5as97ricQ1URr/j7NHf/P6WuMclsmF82Gys8oSh7nywNkOsWb/9U+WanvirmC9ER9BEZsMlEyk3JxNRzNKw4vCwVsHr15QXRLId2JZFv6maCTE4w7Odybl5Pas1Zso4tx39HO8mvB/Sy71jWY047QELOc0xu3H85eAeHBqts7RW3lnPHp7I=
vhlybzZjc9LqYeOReP5cQPede+b87MAE6wMGusx17yRDVnNDg2VC0RlxdrKuZa4QlFMddxn1d0bPhh9L742QyURxt6mpEckc6NhWOGM4cHLXoyJRlmTU02hFeO7GLvWYHOnkqsTU5as97ricQ1URr/j7NHf/P6WuMclsmF82Gys8oSh7nywNkOsWb/9U+WanvirmC9ER9BEZsMlEyk3JxNRzNKw4vCwVsHr15QXRLId2JZFv6maCTE4w7Odybl5Pas1Zso4tx39HO8mvB/Sy71jWY047QELOc0xu3H85eAeHBqts7RW3lnPHp7I=
sSon6nAs5MFsM9tTDnVtyfede+b87MAE6wMGusx17yRDVnNDg2VC0RlxdrKuZa4QlFMddxn1d0bIhB9L742QyURxtKmpEckc6NhWOGM4cHLXoyJRlmTU02hFeO7GLvWYHOnkqsTU5as97ricQ1URr/j7NHf/P6WuMclsmF82Gys8oSh7nywNkOsWb/9U+WanvirmC9ER9BEZsMlEyk3JxNRzNKw4vCwVsHr15QXRLId2JZFv6maCTE4w7Odybl5Pas1Zso4tx39HO8mvB/Sy71jWY047QELOc0xu3H85eAeHBqts7RW3lnPHp7I=
rZjEQsvXxYcmS5ud0kXLLfede+b87MAE6wMGusx17yRDVnNDg2VC0RlxdrKuZa4QlFMddxn1d0bPhh9L742QyURxtampEckc6NhWOGM4cHLXoyJRlmTU02hFeO7GLvWYHOnkqsTU5as97ricQ1URr/j7NHf/P6WuMclsmF82Gys8oSh7nywNkOsWb/9U+WanvirmC9ER9BEZsMlEyk3JxNRzNKw4vCwVsHr15QXRLId2JZFv6maCTE4w7Odybl5Pas1Zso4tx39HO8mvB/Sy71jWY047QELOc0xu3H85eAeHBqts7RW3lnPHp7I=
DCW1a/+cz4+RKAIA1ZC0R/ede+b87MAE6wMGusx17yRDVnNDg2VC0RlxdrKuZa4QlFMddxn1d0bIhB9L742QyURxvKipEckc6NhWOGM4cHLXoyJRlmTU02hFeO7GLvWYHOnkqsTU5as97ricQ1URr/j7NHf/P6WuMclsmF82Gys8oSh7nywNkOsWb/9U+WanvirmC9ER9BEZsMlEyk3JxNRzNKw4vCwVsHr15QXRLId2JZFv6maCTE4w7Odybl5Pas1Zso4tx39HO8mvB/Sy71jWY047QELOc0xu3H85eAeHBqts7RW3lnPHp7I=
T0rJUFUNOLGrNPoJ914p0fede+b87MAE6wMGusx17yRDVnNDg2VC0RlxdrKuZa4QlFMddxn1d0bPhh9L742QyURxvaipEckc6NhWOGM4cHLXoyJRlmTU02hFeO7GLvWYHOnkqsTU5as97ricQ1URr/j7NHf/P6WuMclsmF82Gys8oSh7nywNkOsWb/9U+WanvirmC9ER9BEZsMlEyk3JxNRzNKw4vCwVsHr15QXRLId2JZFv6maCTE4w7Odybl5Pas1Zso4tx39HO8mvB/Sy71jWY047QELOc0xu3H85eAeHBqts7RW3lnPHp7I=
muOC18r6M+X/1PKk9UWPvPede+b87MAE6wMGusx17yRDVnNDg2VC0RlxdrKuZa4QlFMddxn1d0bIhB9L742QyURxsqipEckc6NhWOGM4cHLXoyJRlmTU02hFeO7GLvWYHOnkqsTU5as97ricQ1URr/j7NHf/P6WuMclsmF82Gys8oSh7nywNkOsWb/9U+WanvirmC9ER9BEZsMlEyk3JxNRzNKw4vCwVsHr15QXRLId2JZFv6maCTE4w7Odybl5Pas1Zso4tx39HO8mvB/Sy71jWY047QELOc0xu3H85eAeHBqts7RW3lnPHp7I=
f1zTjoOTb3Hu6JDiK5efmvede+b87MAE6wMGusx17yRDVnNDg2VC0RlxdrKuZa4QlFMddxn1d0bPhh9L742QyURxs6ipEckc6NhWOGM4cHLXoyJRlmTU02hFeO7GLvWYHOnkqsTU5as97ricQ1URr/j7NHf/P6WuMclsmF82Gys8oSh7nywNkOsWb/9U+WanvirmC9ER9BEZsMlEyk3JxNRzNKw4vCwVsHr15QXRLId2JZFv6maCTE4w7Odybl5Pas1Zso4tx39HO8mvB/Sy71jWY047QELOc0xu3H85eAeHBqts7RW3lnPHp7I=
7hdldEHQiJlA1ejjhbi5avede+b87MAE6wMGusx17yRDVnNDg2VC0RlxdrKuZa4QlFMddxn1d0bIhB9L742QyURxsKipEckc6NhWOGM4cHLXoyJRlmTU02hFeO7GLvWYHOnkqsTU5as97ricQ1URr/j7NHf/P6WuMclsmF82Gys8oSh7nywNkOsWb/9U+WanvirmC9ER9BEZsMlEyk3JxNRzNKw4vCwVsHr15QXRLId2JZFv6maCTE4w7Odybl5Pas1Zso4tx39HO8mvB/Sy71jWY047QELOc0xu3H85eAeHBqts7RW3lnPHp7I=
wB5hP7UKkK69/H5P5tW5vfede+b87MAE6wMGusx17yRDVnNDg2VC0RlxdrKuZa4QlFMddxn1d0bPhh9L742QyURxsaipEckc6NhWOGM4cHLXoyJRlmTU02hFeO7GLvWYHOnkqsTU5as97ricQ1URr/j7NHf/P6WuMclsmF82Gys8oSh7nywNkOsWb/9U+WanvirmC9ER9BEZsMlEyk3JxNRzNKw4vCwVsHr15QXRLId2JZFv6maCTE4w7Odybl5Pas1Zso4tx39HO8mvB/Sy71jWY047QELOc0xu3H85eAeHBqts7RW3lnPHp7I=
o9FF9fv5OWhdEzBQuEkvo/ede+b87MAE6wMGusx17yRDVnNDg2VC0RlxdrKuZa4QlFMddxn1d0bIhB9L742QyURxtqipEckc6NhWOGM4cHLXoyJRlmTU02hFeO7GLvWYHOnkqsTU5as97ricQ1URr/j7NHf/P6WuMclsmF82Gys8oSh7nywNkOsWb/9U+WanvirmC9ER9BEZsMlEyk3JxNRzNKw4vCwVsHr15QXRLId2JZFv6maCTE4w7Odybl5Pas1Zso4tx39HO8mvB/Sy71jWY047QELOc0xu3H85eAeHBqts7RW3lnPHp7I=
Sx556TRqe40aPBSJvaY8uvede+b87MAE6wMGusx17yRDVnNDg2VC0RlxdrKuZa4QlFMddxn1d0bPhh9L742QyURxt6ipEckc6NhWOGM4cHLXoyJRlmTU02hFeO7GLvWYHOnkqsTU5as97ricQ1URr/j7NHf/P6WuMclsmF82Gys8oSh7nywNkOsWb/9U+WanvirmC9ER9BEZsMlEyk3JxNRzNKw4vCwVsHr15QXRLId2JZFv6maCTE4w7Odybl5Pas1Zso4tx39HO8mvB/Sy71jWY047QELOc0xu3H85eAeHBqts7RW3lnPHp7I=
EIqMz6PkAEc8BlBet4rrdvede+b87MAE6wMGusx17yRDVnNDg2VC0RlxdrKuZa4QlFMddxn1d0bIhB9L742QyURxtKipEckc6NhWOGM4cHLXoyJRlmTU02hFeO7GLvWYHOnkqsTU5as97ricQ1URr/j7NHf/P6WuMclsmF82Gys8oSh7nywNkOsWb/9U+WanvirmC9ER9BEZsMlEyk3JxNRzNKw4vCwVsHr15QXRLId2JZFv6maCTE4w7Odybl5Pas1Zso4tx39HO8mvB/Sy71jWY047QELOc0xu3H85eAeHBqts7RW3lnPHp7I=
71v79XJ4n+kOqIz8fjwuG/ede+b87MAE6wMGusx17yRDVnNDg2VC0RlxdrKuZa4QlFMddxn1d0bPhh9L742QyURxtaipEckc6NhWOGM4cHLXoyJRlmTU02hFeO7GLvWYHOnkqsTU5as97ricQ1URr/j7NHf/P6WuMclsmF82Gys8oSh7nywNkOsWb/9U+WanvirmC9ER9BEZsMlEyk3JxNRzNKw4vCwVsHr15QXRLId2JZFv6maCTE4w7Odybl5Pas1Zso4tx39HO8mvB/Sy71jWY047QELOc0xu3H85eAeHBqts7RW3lnPHp7I=
tS7QvHl/0U/HA2EdnYUeIWfPLwiXzGJ7asw2maiyVZm0eA976Fm93ombt0SAkR9TtdwoXzdGX2aFzSHzsqj80FyiOPfEh8jNI8MSkPt8Sov6FWe/+z4b9x6QJ9TVGO2J37/4EYgVRPoGk0uSgKhNUKeJz17UzKE6NTEUl3s4D+Xs3UgK9zhDr27BKKps3Fup3wccHvxgEAGtuU8h44/MUuAK4OyHXpA/4DA+I7XZJ5wEdVNWjtxnBp04atovtTbjKKAgxGjJFOR3poOU1RxkxMcCOAjQUZlQ7DPgzY5p3EGtnuhKO5uVlfHGoQkJPv9pMITQRbsD55N046lZ0qeh
VNhVQZgyZlpdNks1FIZkp/ede+b87MAE6wMGusx17yRDVnNDg2VC0RlxdrKuZa4QlFMddxn1d0bPhh9L742QyURxvKepEckc6NhWOGM4cHLXoyJRlmTU02hFeO7GLvWYHOnkqsTU5as97ricQ1URr/j7NHf/P6WuMclsmF82Gys8oSh7nywNkOsWb/9U+WanvirmC9ER9BEZsMlEyk3JxNRzNKw4vCwVsHr15QXRLId2JZFv6maCTE4w7Odybl5Pas1Zso4tx39HO8mvB/Sy71jWY047QELOc0xu3H85eAeHBqts7RW3lnPHp7I=
skNkR/26u7lDisbZghE+h94DnFxMPp0yvd9yNjrAdnC6xjDwA0F5aitljTXbPXl8fkOoTyzss+vA0hnxjhNSw7QAN/CdoOMNdb9Zgi80b+IIeUshdo3mZQqmKKtFjm5Io4xpMWHCWrzPZnsJOot1OAH5wuUGVplIzTPAeeZ2gjy1tdE/MkKyEH6dIwHh/S1PAo7OMu7w6S7eY06IsL9bOclAyk19SoCsCVrTgMRGoTW4f4YYbpgGuRr4WZ5NSDv8ilhJupZUniH3TOILzhFAqRKdAyZm1lXr28nf/q8V594Rtf48ftk1c4nPOtuHRdynrw==
erJNSpQ9VJG3VL8V2irdSmfPLwiXzGJ7asw2maiyVZm0eA976Fm93ombt0SAkR9TtdwoXzdGX2aFzSHzsqj80FyiOPfEh8jNI8MSkPt8R4vyFWK5+zob9x6QJ9TVGO2J37/4EYgVRPoGk0uSgKhNUKeJz17UzKE6NTEUl3s4D+Xs3UgK9zhDr27BKKps3Fup3wccHvxgEAGtuU8h44/MUuAK4OyHXpA/4DA+I7XZJ5wEdVNWjtxnBp04atovtTbjKKAgxGjJFOR3poOU1RxkxMcCOAjQUZlQ7DPgzY5p3EGtnuhKO5uVlfHGoQkJPv9pMITQRbsD55N046lZ0qeh
skNkR/26u7lDisbZghE+h94DnFxMPp0yvd9yNjrAdnC6xjDwA0F5aitljTXbPXl8fkOoTyzss+vA0hnxjhNSw7QAN/CdoOMNdb9Zgi80b+IIeUshdo3mZQqmKKtFjm5Io4xpMWHCWrzPZnsJOot1OAH5wuUGVplIzTPAeeZ2gjy1tdE/MkKyEH6dIwHh/S1PAo7OMu7w6S7eY06IsL9bOclAyk19SoCsCVrTgMRGoTW4f4YYbpgGuRr4WZ5NSDv8ilhJupZUniH3TOILzhFAqRKdAyZm1lXr28nf/q8V594Rtf48ftk1c4nPOtuHRdynrw==
MME5Ree79SopBEmKGPqigSGMYcbuM2aFkJw13G5WUo9FcfmNoTHZah0VTGCWTQnKwn4B5I/i3ZS6Qh34bnhvRirpC4JAdD57epJwpz1dz+8mULrAFVyUvFG7NIR2dLhyF0IjY4sRjdNskwfYABE4wt4qBUTUXUQmvLC1lxX6uHCbkaEzcI5ANNkbtVvYHaw0x7Jrd3SVCHdnyN0sQ4Lvkwy9Vru23gbHabVkbXHkiWjSSTkYHMeUIEDYfCmYbvUJ3RWcG/5R8SPSQpKwpuQsS+rqLhMi+Xm+dskXw++vScNfsILzUCKDgoPk0rIbGC7wZz2I20+yC+CVceeqW9OnXg==
skNkR/26u7lDisbZghE+h94DnFxMPp0yvd9yNjrAdnC6xjDwA0F5aitljTXbPXl8fkOoTyzss+vA0hnxjhNSw7QAN/CdoOMNdb9Zgi80b+IIeUshdo3mZQqmKKtFjm5Io4xpMWHCWrzPZnsJOot1OAH5wuUGVplIzTPAeeZ2gjy1tdE/MkKyEH6dIwHh/S1PAo7OMu7w6S7eY06IsL9bOclAyk19SoCsCVrTgMRGoTW4f4YYbpgGuRr4WZ5NSDv8ilhJupZUniH3TOILzhFAqRKdAyZm1lXr28nf/q8V594Rtf48ftk1c4nPOtuHRdynrw==
K5xgVUvXncy1mZQ2SFR+lmfPLwiXzGJ7asw2maiyVZm0eA976Fm93ombt0SAkR9TtdwoXzdGX2aFzSHzsqj80FyiOPfEh8jNI8MSkPt8Qor6EGS89Tgb9x6QJ9TVGO2J37/4EYgVRPoGk0uSgKhNUKeJz17UzKE6NTEUl3s4D+Xs3UgK9zhDr27BKKps3Fup3wccHvxgEAGtuU8h44/MUuAK4OyHXpA/4DA+I7XZJ5wEdVNWjtxnBp04atovtTbjKKAgxGjJFOR3poOU1RxkxMcCOAjQUZlQ7DPgzY5p3EGtnuhKO5uVlfHGoQkJPv9pMITQRbsD55N046lZ0qeh
skNkR/26u7lDisbZghE+h94DnFxMPp0yvd9yNjrAdnC6xjDwA0F5aitljTXbPXl8fkOoTyzss+vA0hnxjhNSw7QAN/CdoOMNdb9Zgi80b+IIeUshdo3mZQqmKKtFjm5Io4xpMWHCWrzPZnsJOot1OAH5wuUGVplIzTPAeeZ2gjy1tdE/MkKyEH6dIwHh/S1PAo7OMu7w6S7eY06IsL9bOclAyk19SoCsCVrTgMRGoTW4f4YYbpgGuRr4WZ5NSDv8ilhJupZUniH3TOILzhFAqRKdAyZm1lXr28nf/q8V594Rtf48ftk1c4nPOtuHRdynrw==
LZVKrQ6hTvUxs6YTfLd6M2fPLwiXzGJ7asw2maiyVZm0eA976Fm93ombt0SAkR9TtdwoXzdGX2aFzSHzsqj80FyiOPfEh8jNI8MSkPt5Qo78EmK9+zkb9x6QJ9TVGO2J37/4EYgVRPoGk0uSgKhNUKeJz17UzKE6NTEUl3s4D+Xs3UgK9zhDr27BKKps3Fup3wccHvxgEAGtuU8h44/MUuAK4OyHXpA/4DA+I7XZJ5wEdVNWjtxnBp04atovtTbjKKAgxGjJFOR3poOU1RxkxMcCOAjQUZlQ7DPgzY5p3EGtnuhKO5uVlfHGoQkJPv9pMITQRbsD55N046lZ0qeh
skNkR/26u7lDisbZghE+h94DnFxMPp0yvd9yNjrAdnC6xjDwA0F5aitljTXbPXl8fkOoTyzss+vA0hnxjhNSw7QAN/CdoOMNdb9Zgi80b+IIeUshdo3mZQqmKKtFjm5Io4xpMWHCWrzPZnsJOot1OAH5wuUGVplIzTPAeeZ2gjy1tdE/MkKyEH6dIwHh/S1PAo7OMu7w6S7eY06IsL9bOclAyk19SoCsCVrTgMRGoTW4f4YYbpgGuRr4WZ5NSDv8ilhJupZUniH3TOILzhFAqRKdAyZm1lXr28nf/q8V594Rtf48ftk1c4nPOtuHRdynrw==
IvlQ9/boGNWX+eefFFKrfSGMYcbuM2aFkJw13G5WUo9FcfmNoTHZah0VTGCWTQnKwn4B5I/i3ZS6Qh34bnhvRirpC4JAdD57epJwpz1Qy+0nV7rNF1WUvFG7NIR2dLhyF0IjY4sRjdNskwfYABE4wt4qBUTUXUQmvLC1lxX6uHCbkaEzcI5ANNkbtVvYHaw0x7Jrd3SVCHdnyN0sQ4Lvkwy9Vru23gbHabVkbXHkiWjSSTkYHMeUIEDYfCmYbvUJ3RWcG/5R8SPSQpKwpuQsS+rqLhMi+Xm+dskXw++vScNfsILzUCKDgoPk0rIbGC7wZz2I20+yC+CVceeqW9OnXg==
skNkR/26u7lDisbZghE+h94DnFxMPp0yvd9yNjrAdnC6xjDwA0F5aitljTXbPXl8fkOoTyzss+vA0hnxjhNSw7QAN/CdoOMNdb9Zgi80b+IIeUshdo3mZQqmKKtFjm5Io4xpMWHCWrzPZnsJOot1OAH5wuUGVplIzTPAeeZ2gjy1tdE/MkKyEH6dIwHh/S1PAo7OMu7w6S7eY06IsL9bOclAyk19SoCsCVrTgMRGoTW4f4YYbpgGuRr4WZ5NSDv8ilhJupZUniH3TOILzhFAqRKdAyZm1lXr28nf/q8V594Rtf48ftk1c4nPOtuHRdynrw==
1VVKmK6oHd3aqdoe9u80FiGMYcbuM2aFkJw13G5WUo9FcfmNoTHZah0VTGCWTQnKwn4B5I/i3ZS6Qh34bnhvRirpC4JAdD57epJwpz1WyO0mV77LF12UvFG7NIR2dLhyF0IjY4sRjdNskwfYABE4wt4qBUTUXUQmvLC1lxX6uHCbkaEzcI5ANNkbtVvYHaw0x7Jrd3SVCHdnyN0sQ4Lvkwy9Vru23gbHabVkbXHkiWjSSTkYHMeUIEDYfCmYbvUJ3RWcG/5R8SPSQpKwpuQsS+rqLhMi+Xm+dskXw++vScNfsILzUCKDgoPk0rIbGC7wZz2I20+yC+CVceeqW9OnXg==
skNkR/26u7lDisbZghE+h94DnFxMPp0yvd9yNjrAdnC6xjDwA0F5aitljTXbPXl8fkOoTyzss+vA0hnxjhNSw7QAN/CdoOMNdb9Zgi80b+IIeUshdo3mZQqmKKtFjm5Io4xpMWHCWrzPZnsJOot1OAH5wuUGVplIzTPAeeZ2gjy1tdE/MkKyEH6dIwHh/S1PAo7OMu7w6S7eY06IsL9bOclAyk19SoCsCVrTgMRGoTW4f4YYbpgGuRr4WZ5NSDv8ilhJupZUniH3TOILzhFAqRKdAyZm1lXr28nf/q8V594Rtf48ftk1c4nPOtuHRdynrw==
veYksnBmlR7L9MSx7iAT+GfPLwiXzGJ7asw2maiyVZm0eA976Fm93ombt0SAkR9TtdwoXzdGX2aFzSHzsqj80FyiOPfEh8jNI8MSkPt7Qo/4FWe8/Dsb9x6QJ9TVGO2J37/4EYgVRPoGk0uSgKhNUKeJz17UzKE6NTEUl3s4D+Xs3UgK9zhDr27BKKps3Fup3wccHvxgEAGtuU8h44/MUuAK4OyHXpA/4DA+I7XZJ5wEdVNWjtxnBp04atovtTbjKKAgxGjJFOR3poOU1RxkxMcCOAjQUZlQ7DPgzY5p3EGtnuhKO5uVlfHGoQkJPv9pMITQRbsD55N046lZ0qeh
skNkR/26u7lDisbZghE+h94DnFxMPp0yvd9yNjrAdnC6xjDwA0F5aitljTXbPXl8fkOoTyzss+vA0hnxjhNSw7QAN/CdoOMNdb9Zgi80b+IIeUshdo3mZQqmKKtFjm5Io4xpMWHCWrzPZnsJOot1OAH5wuUGVplIzTPAeeZ2gjy1tdE/MkKyEH6dIwHh/S1PAo7OMu7w6S7eY06IsL9bOclAyk19SoCsCVrTgMRGoTW4f4YYbpgGuRr4WZ5NSDv8ilhJupZUniH3TOILzhFAqRKdAyZm1lXr28nf/q8V594Rtf48ftk1c4nPOtuHRdynrw==
FV/tTr0wYU6z7hQlzQ78q2fPLwiXzGJ7asw2maiyVZm0eA976Fm93ombt0SAkR9TtdwoXzdGX2aFzSHzsqj80FyiOPfEh8jNI8MSkPt4RYz4F2e//Tob9x6QJ9TVGO2J37/4EYgVRPoGk0uSgKhNUKeJz17UzKE6NTEUl3s4D+Xs3UgK9zhDr27BKKps3Fup3wccHvxgEAGtuU8h44/MUuAK4OyHXpA/4DA+I7XZJ5wEdVNWjtxnBp04atovtTbjKKAgxGjJFOR3poOU1RxkxMcCOAjQUZlQ7DPgzY5p3EGtnuhKO5uVlfHGoQkJPv9pMITQRbsD55N046lZ0qeh
skNkR/26u7lDisbZghE+h94DnFxMPp0yvd9yNjrAdnC6xjDwA0F5aitljTXbPXl8fkOoTyzss+vA0hnxjhNSw7QAN/CdoOMNdb9Zgi80b+IIeUshdo3mZQqmKKtFjm5Io4xpMWHCWrzPZnsJOot1OAH5wuUGVplIzTPAeeZ2gjy1tdE/MkKyEH6dIwHh/S1PAo7OMu7w6S7eY06IsL9bOclAyk19SoCsCVrTgMRGoTW4f4YYbpgGuRr4WZ5NSDv8ilhJupZUniH3TOILzhFAqRKdAyZm1lXr28nf/q8V594Rtf48ftk1c4nPOtuHRdynrw==
r9HzFId+AGM8dIs3hc20nOcyidaljCz63c1NsjzgnhVhg6l2KA+7/thoFDIJyTtI/jxMmlr8jB8lgaZaZ/fZJl0LW9PDW47LZ3qRc8J5gvuDIBCn5AD8wkAIoUV5Az7vrhcL4ZoBSwZD24/yJJLvBYg5/lyob6jn0MjTRQRBGCtIg+BXgQNRwrgC2grU89ysWh6e2K7s6JnTrbw4n3Wdr4/OsnF7BolcS6vGZgMvc0bYbCXNeBKzdkZd4VS4G+3sudqyZTHB0I1npmqhuXj14livDZ3cU0cqrnifQ8OX1bEDYyxx7pkAfOJC9a2lhIfzhP7wa7J5zQgpDdz6qlkOI6R6fLJrmWcUGq1sjFKNQ1crbWw7qG1sggpMkPnK0aVYBBx3EduX+FYgQKwJyUkL+c8P4AokegTkO37M94SgOpuZmcvkgGX3ntI8G465iK6Cw7Xau+wQBEwUKUgs07YH7DlcSHzDklzAjHElWAhDJJWi6fCZ6W6MQoe7Sd0VVqWxJf6TkbSUdA1nYxsbUFPtgb6nzQ==
8z2cw3UQJNUXE2AoUMXgpMvM6Du3WBFcANSPS2akAJrcpv6qVx03NlF7bFszcTfcKeJ5kU9xfhOZkwdRgddCcdCKdK0hRbPof2/tSALMQTGlu7XE4NVtX1SNdJ/gDOcar5cROYd+exGFyoDMQzJgty52ay/ZG/bzG/kxLwCeB0eN0fV/87VtaudwpNc6x/jn76WiXR6b0tX42W/MhdFavJl0kdieh6uwwsgaBHM7tFBTKug/zICn46Yi4PnVbNY7l2Ryzmonn5plsSvIXrcTyiRMLJ/vSNfnh7Yc8RCyYSC7/M8Uc9lr5Z0Beu1ayL+2uJ4do56VQWmNHF5WRRE4aRVHfROKqQgA/cby9RXx/uERutms7emxU/nd9JXkfRtpvczm08zCS5DTOZDvGNFbGrXS16gvxeA/ThXyBHbB9YesM4Vuqd6eq0EWuP1ERrxKVJfMhHUfcVdEdfrLweWOsBquEq7MPeZIFt1GA+mYypv/vfsFCRUzshrdlHhzBJ9WmmxvEo7Gq19wVWsIWwbpY0+Uj7mnyA==
xtmrtpai/NyyKkVrYMB38JC8RlGWCoqj+/AntW8T0M20f2eoIlHRMur0tiWmNUlKw5FlsHh3HSQB1kdfb/7aap7zAOGi4hQpMjBS7Z2A7kljtMG/uxK9Jyp8B5UUb72qi3fQkcCPOaCq06bo7sZa2Hvh64vcW9Q38dX4SZmi2UtVNnb67fGyeUSoKgf6IwrYyWHWCXqfsiOaY2MLQ+Zi0kCORhue2GAepKzsBHodSX1mHI19f5v1bkjFGU5beFG7HKJRR/GyYiwfOXp64bKczXvwalOP2EP6yNHTSUIpvXZwpauQt5biL7fpnrtVLrSoRedRHzcFeUPWRYzR0th40i9p9+yFB76+Sp8wEZ/M8x3G3ngRbJde2gaGiZF1MMB99gjAZQEjEW1WT+qF/gaQnErd2NlHbH68jaW53ypyOlB2zZshiQ11T9r+JhJWIOHuVlNW6FivY7mxUGLtZToI7AGKq2Ds9nk1YM+u+BZIDvmSiEE+5VhDfLJIodqOZBbh/5xaKyZhmKlKbWsG3oZdq1P5xx7HBd9e6aVWnGYpvbOBn8K7r/WEp/c=
KwUeAaBILvMhYyzlHNr4/7wgN/6gRZQxbTUGxn7nqVsXDvfhNabSB/5zcGf8IKT00U80/Hifh4zHr0DEvLUUI4IEFr/FDUF93pRQ/V/iKjcxyGqsC2xADPd5yvLJW5X04nA5jVWHzfjg6RVjpDEMIwCwnyZfq2kFR8IDrXV2+PCjDhiL3soTk1mnjk/rxUkT4KJ/+31tjcMziRVWF0zca9p7gFsfmdphHqeq6QhlF3BlbSKAaUjp5F470wwydGI4kwfMbKOWkINMPN9fVh6YxTVQrodn2ApyqhvnppWNU3S+C2t21HBUo+90r9t3CmRN8A4ZHEvAtyizZRNZbb0C0br0x4pIImUfHik51X0gJmqlLUDV5fsFr0qVcDwN+opJ9U2GXeGGoZDt1clvCWGMKQTBY1VN8J7vDH4zLCOF6NP47SMmRW6vFK95mIO+KYo4lv2NO1yP/dJp4uaXsSrAQaT6xPakq7S4dSMJa7TJgnchWfaM6pJqkgyBnvTmYT4/CaSypw8Bg7mJqUsO6uHsRJM45+pq0BeuTvrTY4BpE7S7upHfv6j3haf0
KwUeAaBILvMhYyzlHNr4/7wgN/6gRZQxbTUGxn7nqVsXDvfhNabSB/5zcGf8IKT00U80/Hifh4zHr0DEvLUUI4IEFr/FDUF93pRQ/V/iKjcxyGqsC2xADPd5yvLJW5X04nA5jVWHzfjg6RVjpDEMIwCwnyZfq2kFR8IDrXV2+PCjDhiL3soTk1mnjk/rxUkT4KJ/+31tjcMziRVWF0zca9p7gFsfmdphHqeq6QhlF3BlbSKAaUjp5F470wwydGI4kwfMbKOWkINMPN9fVh6YxTVQrodn2ApyqhvnppWNU3S+C2t21HBUo+90r9t3CmRN8A4ZHEvAtyizZRNZbb0C0br0x4pIImUfHik51X0gJmqlLUDV5fsFr0qVcDwN+opJ9U2GXeGGoZDt1clvCWGMKQTBY1VN8J7vDH4zLCOF6NP47SMmRW6vFK95mIO+KYo4lv2NO1yP/dJp4uaXsSrAQaT6xPakq7S4dSMJa7TJgnchWfaM6pJqkgyBnvTmYT4/CaSypw8Bg7mJqUsO6uHsRJM45+pq0BeuTvrTY4BpE7S7upHfv6j3haf0
B6kcvo6pT6NYwgefd8rIBa0o5HUwfrqivee8gu4xsi1gKNZSmjeGQtBcUEkIADVO/KNpGxgVIG0Z5cklMKffl5EtFQTdqqlazva53hwRBl28j9UKix/WCMZDDSUhTmBjgf0Mw7Bl0Gr7CKepZRNnqDdTPSQkVtO0nAVGKL/lmW3aEQP3NRXwuFsVRS9BFVMj4eif3kANaoHEFce7tlcerb73IBcrtjU3xi4RymVy/tFncvqmPh5jPchiu/S8dQx2C4E+rGRDpcoK6d8aRiRKMZOYnZ9Pko5xr7iM0rgVb/47Rd/42Asg1H0ys8K7PpMPJ6cl7953yk5DBNDAyWne422LlRJabLU3ZDvducl5Kj+EgoVoFi9Ft8ITOaTNpu3f3XEhE7DvVJuH+zVyEnmslIdS61e09QjXJyhdDIPi7zNMXdabdr4GZylV5E2xhInIkqm5ONynlIAAOPwJWA71qZ31HDs+MfGDkqISkGaELOuqCq4z4pl5HjYpl+Mvz0ljH1AC05BCgyLDBFKS23guUCfdCPuP0gtA1ZFnipuzp/4=
t8e7Hib0r3VCRsyT36S3OA9wZnBXZWJfFujPoEsZI/rN8tJkH4+EJhAzKIS0swJpz7+GN0k36oqVxGg2oXWVHW9ox3oq4LceS0tzU0D5M2Q7anFPf1gXdacE
HbVDLb2pC74Ok1GWbB5nP8ZQISM3lVpe4JsAdeWu+2TeDPU/WRHa8ul95XYcYld0Pu7V5PyXvLEETXKZipgLWYFJkd2Jyrt6XjwqG2+GgLCQfDDE8MNiAEXfaI1e25d8FDWjdt5cV2YN+Bp6/7XmQ1hgsKRYSUTEh+aTdGUclGTXwohoANHpcHxz0C3eaQwhnV54assbxXVBhrGpeTtOCSBEoGVrg9dz5KNZ+YKn8Q==
z0Cv1Pbfsj5Ey9/J/I3POgQ6axIBPu7s6IplPwcHsJLd9LkhbFjpavyZ4tTyt2JidgEPF19l6a3jXyh4jzgVVp/EAuBEj0gFMQpmo9Z5UCc27ftpDkTbF5dry4RKDcmEVDM0bLh8LNUwOvWlhREsR/blkS9qJoIMzvDsJ/IuXg/qjVlyDu3Hv8d7ye+HNLIv2BZjDrsAQo7zjGsd/3l4RwdGq6xt1bdW84en8g==
HsbaNwE5PiXfrKbgUBPQ1UKHBGzB5lUJZ3e+SKTqjHRYEuWnt5/QSm2seXlcgIlyzIHizMKvArpGWc9P772JNVPHqOA/oHWOL5zCuHRXKB0BEma75mEw/wa1OzG+nLuPJ/NLHPqVqVzka/Q0iKRMzQAi9b21CUyfxr1Rd9r+4pR+aGy/QrY+11rVmSo+Naen92PJ97cs0vfoTqNWC9giFkMU64VP4Riftx5r9F0N107Dn6fq
SjZOoBWDORwNeF7KBMv0qTa4j8XBtZciWOMSJVd1eMmSrjT0hYWTgTggcZpJayiOkUjAh+LOxpEKsDpP333703Evf+GIAlt+XaTz6jLqQJlw503UJvkiH/i1umNrw+oyA9XLlau+XgvBtnjdRKZ8KtR3jKR1PzG3xBU6K8HFThCaDtLOzN2m6JZ9BiPp+Ip7f907JQk189KaPdQYcyTf9hrML/KLp2v/8PWrKFvmKQPPdM+Zp+g=
6CqjmViH+569tctpZz9WS7aWxBUozCNsFcbEbAUd42mYiKHiiVN4ZvFg8J/i1va5alhqdx8FK3vRxw95CJqrFv0MoxJy0pDxkM99zCbhEjcY3WpbKzu6mqO9Ow0rJi7jYR6opYSeLMK0X7y8dScBn6T9ahMBvZ64OuaiVkxFVoA21VbbqcBaE5/1Cz0JLcP6elUEIDPcj166pN9qCz8bF1Bde1Cb3nnrr1z/gafw
HPxBq68+DUKmF8JiROogoo1ZKyRngV9F+Y1TMv+17HHeDPU/WRHa8ul95XYcYld0Pu7V5PyXvLEETXKZipgLWYFJkd2Jyrt6XjwqG2+GgLCQfDDE8MNiAEXfaI1e25d8FDWjdt5cV2YN+Bp6/7XmQ1hgsKRYSUTEh+aTdGUclGTXwohoANHpcHxz0C3eaQwhnV54assbxXVBhrGpeTtOCSBEoGVrg9dz5KNZ+YKn8Q==
3N4nNZwUpOxRThQczewMMLaW2Rku3jhlJcbEbAUd42mYiKHiiVN4ZvFg8J/i1va5alhqdx8FK3vRxw95CJqrFv0MoxJy0pDxkM99zCbhEjcY3WpbKzu6mqO9Ow0rJi7jYR6opYSeLMK0X7y8dScBn6T9ahMBvZ64OuaiVkxFVoA21VbbqcBaE5/1Cz0JLcP6elUEIDPcj166pN9qCj8bF1Bde1Cb3nnrr1z/gafw
RyDOhUtcQZKDeC7C527tKu+MM3TJG539QVGgt84VQ/gIM/6IENal62/rIBZFiFmVJJSZTsSF4sDamzKmLr2vY9fpWUmbg2gsZ1QFUoc4YtSMw7ihiZbmN37VgGPu0dudBkjrc283C1Ai4VkAzE/U2PCwXPEIJvWxrT18g65ZMVviqjLotiyscxpCTgvycTlGxqE3G3/nSXsvmGJrACpD+rMMcuoL0KrJl5Xow586SxglGcdyy5un5g==
4ctVeAaifZ/BTLUADLJ3r1MpD7yHFDOUypiHtkUafDDFQdu16FSZvmlPQHqBfMiD4srOpRpEUmv/WROnoRs3JcjGE8qN0BtOkk4obeBTxVCmfaqraEHSx8tnAkbTYYNR63oWPxHCkPlkghTexEOEoHU7OYPU4VIP4eGmZEo6mgqMGe5cRgnuh0lc4o/vabOhibF7ZgrJvLzTgDeCynhnNspjI8sggUMMe8JB999Ax52n7A==
ZhcLzJFPbmfabHxx18vlx1IgEquBF3qGmpabvEBbSH7JW9Og6FSZvmlPQHqBfMiD4srOpRpEUmv/WROnoRs3JcjGE8qN0BtOkk4obeBTxVCmfaqraEHSx8tnAkbTYYNR63oWPxHCkPlkghTexEOEoHU7OYPU4VIP4eGmZEo6mgqMGe5cRgnuh0lc4o/vabOhibF7ZgrJvLzTgDeCynhnNspjI8sggUMMe8JB999Ax52n7A==
UjCphzt38qKHhgkJkH6Kls7RUkHLkaU+ij8oliEVVX1vSIfaqgD3PkprszPAWfNEO4oxr//41xWnZA==
eIoCKSO6XZjr70N4e3ncqI9d8kREad3BNHTEIZs7jcWZZlk5Qbo2mQjkeJWjQ58jnMPxyRqnaQ==
34O4UoDySQ3OgiOXgQtl8B+zeuFcYXO7qSFU1IL+N7/9P08j3jWEAqvpTz6fdbfawBWOfO45BfPZ78oblyVspx8=
wkCimobnrCxQPRqZMXKqv5cBvR3SSuonovc+c4uISPXl7yg6kSUYe15Heb1lFrVRlfriMaRUxC0X48v7wBOdIW6nHQ==
XwuytR+XpWFSnuqRvQwZyjYhPAqwJDDm9gMU2HBjGo/KPpSxy//twgMk0vKb2Cqx5/2Im89yC6AVsefq2xOnHg==
UjCphzt38qKHhgkJkH6Kls7RUkHLkaU+ij8oliEVVX1vSIfaqgD3PkprszPAWfNEO4oxr//41xWnZA==
eIoCKSO6XZjr70N4e3ncqI9d8kREad3BNHTEIZs7jcWZZlk5Qbo2mQjkeJWjQ58jnMPxyRqnaQ==
DIHXe3H9NRDg2XHftEmFUcvM6Du3WBFcANSPS2akAJrcpv6qVx03NlF7bFszcTfcKeJ5kU9xfhOZkwdRgNdCcdCKdK0hRbPof2/tSALMQTGlu7XE4NVtX1SNdJ/gDOcar5cROYd+exGFyoDMQzJgty52ay/ZG/bzG/kxLwCeB0eN0fV/87VtaudwpNc6x/jn76WiXR6b0tX42W/MhdFavJl0kdieh6uwwsgaBHM7tFBTKug/zICn46Yi4PnVbNY7l2Ryzmonn5plsSvIXrcTyiRMLJ/vSNfnh7Yc8RCyYSC7/M8Uc9lr5Z0Beu1ayL+2uJ4do56VQWmNHF5WRRE4aRVHfROKqQgA/cby9RXx/uERutms7emxU/nd9JXkfRtpvczm08zCS5DTOZDvGNFbGrXS16gvxeA/ThXyBHbB9YesM4Vuqd6eq0EWuP1ERrxKVJfMhHUfcVdEdfrLweWOsBquEq7MPeZIFt1GA+mYypv/vfsFCRUzshrdlHhzBJ9WmmxvEorHq19wVWsIWwbpY0+Uj7mnyA==
knEE72U7dG8jfub5N5ZGhQlfU3p/bRBk7TaQls/tuS/s2EYelhZhZ/UEIopAdQNdHCl0OoAxEl2jM1CcIezW3dwVrnHCPGva0pHYOWv79nu/uqkjmllq64sgGLcMIKSSeMh59QGjlh8ml4NRcuHzdhsbdyJ88scVgDn2TICPcLeoiAu1vCFwm8ADaCcpo6ly4ELi2gzTtLxSHpbIxswwSevt5Ihn1TXfB046wRNmMayT6742289bVtBsLd1Qcuumvp25JAD7BVwxWjqVmWGoPb9mUvHhWB3yUK8FjTRzH3qWuEfzuzd9QYvjpMEGebgMuoINff3kr+OM/vh7mpkVWFFNBAoSOWaTLPr0wsM5n6RC7VRciq0rRyNtZCvATbRSMgzISTJxDSiMnP+hs/dApvgA1FkRqSPpxw/oGgwaXDTDvpSHPEDSKxEZQxQoxY8uCvwj3uGoRpLLtdKrBDBcHCzpkJyrFq8csdzAzCty5LDUsd2IUCMMharp+InBjlQS//uRLa02zQGtehrhHDSMvT8jI8uIc4WRtqfF
131Yd8O8df0HKUWchDbcxPctNglVOD0TPI8UR9ypi1QRI7M1QvbE406zandPkbNOUz1zkwRdQkzSASHT/ffWC5staKcb
ZLlAZ2OzjFRfjwHStdtTdMOI+gME13hwdoRubNi8LGHmCRkndy7mGgwOe2c/8SMh64q2r1HycCnk0jQuBNPkkHULWRMUEXJfYTFGVAqqOvqMaU7MhjmO18mMwv+v+VORiYGb9kq5nGxT0FeyCujHRsOTg1tgsaPc+5JhBx/Qp62n3A==
zt3u5y7QwsERH2BzaysWB/rAoBn2jzM/4JazGXkAHcm/smU4IR0iiWTBSwTja+IzireCFVUsDx/t9RxKWpuQjzSHUa1tNo2B7XNaYVw0zD1/I2NLSHNFEXanBQ==
xTAwUwMeiDhEnNYRV9sbY+Ahp0FhtEEthJFmFjWV/5iLRUkCE5S3hYRlwqHt6EUzNJ/8B3RZA/TJU6s1WgacQ8bDwrcngbtuq23LE3yNeizaEQkTlUdea0MdcKcD
pPMOmIFuc4Gjz0Lo+aRJMskSiGRQhmA3s5FmFjWV/5iLRUkCE5S3hYRlwqHt6EUzNJ/8B3RZA/TJU6s1WgacQ8bDwrcngbtuq23LE3yNeizaEQkTlUdea0MdcKcD
QOuZyYRrf2V3PSMKDGWZwCy9lQathGIWMZ3jiGd9LSL3zJt1uC0GYamguYNYR1hn0KGvZFXbL7XejgDTartmV4PZV97XpQ9TOEVGXPbJbTNxfzJ7XxV0pwc=
sajLf5Vfm7aW18FL6xCASTHe5PvT8cM9bd3TNrhiRmGEUl4WDWXH+KO1gUJbRB/lHPVaIXV43ZNcTzRHPGnr1LFjUzUiNmRjrvMKd2/RU84z/VOT5B3izHJBwdPdN3aLe21Ipzs=
EOhoCC+owSVa+A5BJ9cIfpyzTw1KpHa8NZdfPKyFLM6+mdZMJwQ87vO+ipIeRCnpyy1xpKqO52G5Gx9lQwDo1E201QNUR4eDlRVfhuso4ibjROPV79HYb1fO66Q9fZd+Y0+nOg==
dQ04hzQGdJrMjXUKlVfnCwOxLgHJqjBXO21pA+8d6RNcO+FqKD9Tec/V4bi9q1eXs06VZAOUCbqaRrJLUHMDKMnkj8E4Q5QlChtDFCjFjy4K/CPe4ahGksu10qsEMFwcLOmQnKsWrxyx3MDMK3LksNSx3YhQIwyFqun4icGOVBL/+5EtrTbNAa1zGuEcNIy9PyMjy4hzhZG2p8U=
BUYjP9wTQC1vAEnXuMkrIAl+bz9ce25+TeGGoEQFOva3uedQLrXOPFEuKcXx5ApvievfN0sw48mJ2Sxxv2yiBHlox3oq4LceQktzU0D5M2Q7anFPf1gXdacE
DXDakB7KoJBOkyuBrXtlrMbIGDLLbcVppM2WXolF+i2DGp8+5hE=
DXDakB7KoJBOkyuBrXtlrMbIGDLLbcVppM2WXolF+i2DGp8+5hE=
/3+XHCdiXl81XRHnYybueepLIDvQTl3rgCwy2AsQI2xJ9BFaeALhv0fJzSkCPSrQItKsdCPP44FcaC46WUMYEmIPLU4nVBweqATY/h8q1o1iaiAqYT4QPjTUFw4nSS3QLgHyjxWUGPNIceJABxLFty8KalogiPXnBhUL5ko=
