INCZTkG/34BrfWmQm6Xp/GloZw6ZLDXRZHm/x5ef+iwTGScu/vfDCWIU+VPtSgu+yRPrDCV3TuQ7TPr3hKA6m5mZy+SAZfee0jwbjrmIroLDtdq77BAETBQpSCzTtgfsOVxIfMOSXMCMcSVYCEMklaLp8JnpboxCh7tJ3RVWpbEl/JaRs5N0DWdjGxtQU+2BvqfN
h66eZ3a1as6sEbZcCdjvO26vtNs+vJug8bKCveqvQ5c0+4TzfueMBHhlX59iZyNrBcQv1MmNnttiqZx7FdjeHakiDMzFMifwMD5dNUQHcmia8MrZlpCNzlnQ57xWQN3qQvySgTtkVjt6qXwpLiW3FtL+GUvXYYsuOw27HEgt7esqMbmTxSdOK/O9oKfT
z8kqTCZoxMNz2AKh4d9Y+xe8EjC2KwZWKUoO3egljn/Xc90Rg3EqnLXkzzncNTFdAFkvrJ+C833jwEkjeqqUZmQyEzFJ991T8k/4NIxdIx+bWlVb8WyjdAWliou2MQA7CcCKTT3KQKzJ2pOAhMZhNXj/xhguGMa52ngZng3I+/zK2Am6VtReIbfMogsOkYCpUh1DJqZWleubSZ/+b5Un3FQ1OTu+WXVzyU/620fFnKfv
gds0dqj8raHjqzk1+k2bFe7D2JqtgrZGSYjsp9stqfFAL9f2f4CVt+e6Tr6sqtMzb6VrZavO/vsBplgNxPYcOhTH7JR1D1EHBAVae0EVbgBa/nK+zC0GmNZtJnNpKGprP23bFQkFE2LaLTTI83T/5lq8jwKM08sIN+WL+Nu2SRMPxK+pp9g=
eJm3tSwPZfKMFI4tfbe1VLi1p1LxvBwF+ypLATBpetCEk55uWZHokvt54bUQi39i/x08E7f+BuqMvts3f4FDMeuaVl+RItCZZKJUfkTjxIB1G3kjVEESL+GB5oTKWtrqjHkuvMZpLmdJfCIvb8lzgYmRu8aKaXyc02D34kqYp1bMh2Osp2EDbHviAVdf4Ie9p8w=
gNDrXmSfHmjqqxXv08aOCri1p1LxvBwF+ypLATBpetCEgpZgX57pwPt54bUQi39i/xw8E7f+BuqMvts3f4FDMeuaVl+RItCZZKJUfkTjxIB1G3kjVEESL+GB5oTKWtrqjHkuvMZpLmdJfCIvb8lzgYmRu8aKaXyc02D34kqYp1bMh2Osp2EDbHviAVdf4Ie9p8w=
G1khBUnFeJrPLdg/tSxaZ4W3ixBd6m7NLtX4MNs/o0gILlw4AkmLrd8u+MdVA5bU5gt3NUWNTgEsn42zpnc0ZDC1t58IMuqLvVR3FDG9hruqWTT7fWgWPbFSNAwdol9Q+O51NWzXusjiYBIZruCV7pFgjzz+sBWKWsxqQWP07tuy+RQpxvX/dmpuwQuvUZPOc30TnKCdpcsywYHTnbe2i7vtiKf7
JXu9VFHc/3lowLVuS4ixongLjywnloxrk8Pu8NPhv2YAbrKxQMdZU5IPGLTsHcMf/Zq225GsQ3RlZWoL1vHgOykAKs2dCmCs6RozACQGQTVYP2aYjtjmufq4uR6tCNv8KhhpOrYUPiFXDMKL7lHgqbJdI6ZGFvXrewn/fo/VR9x0dZm7HhlVc+kPWlvnhbynzw==
zLtkCv7EobhsQDzvsa3HpYGCp8oYRpjxaAtkPCJTtFu6XjAAEFttMn6KvbjMU4TkD89Fc+5H3ERIhU+fdgISq9Vkv1R5bW4bMsmse+X4jl0ZgvxMVVJ3MMAeTTVUJ4KoypBaWWYwPY4J8Be8ZiCNKrIcIgGrxIb7SslsKT7Fh1aCXonLZwH7buvtixw4DT0rmpHJE1XHnmuDnbCnww==
fpbeY0LMJWzRSTP9Sn8nB/n3lhGrsRwF8yhdE2R7eYCE1tMnDd+9wPt54bUQi39i/xg8E7f+BuqMvts3f4FDMeuaVl+RItCZZKJUfkTjxIB1G3kjVEESL+GB5oTKWtrqjHkuvMZpLmdJfCIvb8lzgYmRu8aKaXyc02D34kqYp1bMh2Osp2EDbHviAVdf4Ie9p8w=
OIFJGSupg+KIB//1hutqajROz3V5loxgjNPpotry8WcKJbKxQMdZU5IPGLTsHcMf+Jq225GsQ3RlZWoL1vHgOykAKs2dCmCs6RozACQGQTVYP2aYjtjmufq4uR6tCNv8KhhpOrYUPiFXDMKL7lHgqbJdI6ZGFvXrewn/fo/VR9x0dZm7HhlVc+kPWlvnhbynzw==
hhxfEY2Uu5Sll+YPD/XsmBElJB5eNNrgs/AXBN8lcBPaXyCUBO3bH+Tr3vupfIu0rdUya75hWLvRkIJtxXoo7CHKy+AMNlk1QA9OeHYILvmyyOG+BZgjfJKIAVrupPbhn9z6q4Yh+KmqrcuGfka9qzO5J55nRf9cDOUxG8bpnbOhXyI7z7Wkp9c=
xr0DHtBMIVeLyTgZ4ZtvSXgRgyEl18UjjNS3/Z++4DQCd/OxQMdZU5IPGLTsHcMf+pu225GsQ3RlZWoL1vHgOykAKs2dCmCs6RozACQGQTVYP2aYjtjmufq4uR6tCNv8KhhpOrYUPiFXDMKL7lHgqbJdI6ZGFvXrewn/fo/VR9x0dZm7HhlVc+kPWlvnhbynzw==
CWQTbEDinrXMxgbQjsmrskWCGUXZ8UMuBD2+Sabp8XoRU+K4tOOEF2L2JzgWzNpxgI/qhdGtI+8HXsNcuOSeJ1zLppB76DGgBp6rr30vWGV7AD/9sXhv4BK4fAinjZePJ/NLHPqVqVzka/Q0iKRMzQAi9b21CUyfxr1Rd9r+4pR+aGy/QrY+11rVmSo+Naen92PJ97cs0vfoTqNWC9giFkMU7IFP5h+ftx5r9F0N107Dn6fq
4L8YoykiBlljBgavu8oQnZR0AzNLqs4UOYXfq//moyeKfIr8kNuGy84QIAMCGs8OeZLqgJtVOXmg5+fuf5mlfgcy3sbsksM7T+0b/StWDjMhrkg1BA6MsnSP3Ix1F2FPZI3Kg4Etfgh6NoImTLV20PZlNkspUPrj36XrDQkdI6o6paSws0zv7nr0/5oMSzvAF+2bwBtO2ZtvjJ+xp8A=
jqJhYGk9wJKRLCNgZqN9JshLtZRkSHsPq5a2KMm5p5f/2tsbekDywHDn/vc+LFg/wqa3sokukjx76UHFUFufUv8l3cL3jqZ6DC67h79RY0HranYP0ZIwCeQy9I6Es6SwdSsZc5Sxsr9hEQY0igr6GowJDmwG2U73yeyCXy8Zk7GJoVsWyhncDFPwl1KKSIcmzHdD/OfR4/z7cqGnn7Dnjaf8
PC2B7mW5g0W++WaEK57JVKl0MQFl0D31hDMPLK9FNCEUf1tZlP7FbFv4bnSAgtHuTFI3JS0du/yXg1A7Yrz2+fFfRH8tU+sYgaRHEVDjDLWSm9uEsKUn/kK86y7JyH5i87XqWzxQdOzkqdhMA3Y3jClcWFyz0oxgHPGVuLgDdLVS6YC5Oa48Ijc72X1FllWRNfyGcYPTJO3342u7oJO94Y6n/Q==
SX7W18U5M3ltIFlvOpiGtnIZ5aWT8Vy2T327gKoywbejlf/c1xFiXubSQJHCDRZCfN2igFuY8RBmDis/nZ8YlVsQP+ORiC9Q8ij8mMc9V/8H40sM2uVp7IT7dKRoFAw9IDL1rZX5DC8mLdHnuk4i5F54bK9ixv5nOkUZut6F51fXc8nnl9ySRwjeI8ZraOJmYwTskW+W3y/Xjutkvb2XvuOPp/o=
xGvEnRpGXMEm+02YKJir3HgLjywnloxjkdX8pN7ooTQAaPvlDpIrU5IPGLTsHcMf95i325GsQ3RlZWoL1vHgOykAKs2dCmCs6RozACQGQTVYP2aYjtjmufq4uR6tCNv8KhhpOrYUPiFXDMKL7lHgqbJdI6ZGFvXrewn/fo/VR9x0dZm7HhlVc+kPWlvnhbynzw==
3i6kwcl6pz/svB+Ob6LTG8YbuaFCYaYHVWUvS1l+4LHjAmChFErLK5XjKFGDvL9eflt/NMok3MyPgad7n4+L+PL5ech8NxQw4Oi8eXge9Zn9pdzLnqFxM3JyUuBGlCzbylpuw0IJ+a7W+deTD99JU38AwiMw0gOSI9QS4vtoLGVHis8LL0KL8DVBJ/q7o6fO
eI8U9snEeIQa26BpiM5sOeCy/uWPZEHxaQIr310/mPUbMD/J1uev8DLI/PiHndcfx8NLLBoF6UzEm3REqLSMXWAS9Y3VmYyP5s3Rh/ruogSeWGyPoiZ+x3olGVoeJWc3l1PJx9e8EufIPiOmK8hihqMk7LGvdl+Pl+7rhH0dF96jr6fa
O7wQcCRGkJILvFXI0l2TFiMOA3KHsRrzm4Nw+4I8VrmRX6+4gtOLWKGkp9EwY6x1cpv7xNAlhz5ivItuaUieotO1ypvc0NSshKn4jKP2V8wJXLicE1LsoPzxtfjYg9R1sung+Zku3OIXO7k9pRb10VX8prFjU4St1+OLewAT3aGup90=
4K8/vucANs78mw7v8B/ef+Ky/vSNckXxaQIr310/mPUbMD/P1uev8DLI/PiHndcfx8NLLBoF6UzEm3REqLSMXWAS9Y3VmYyP5s3Rh/ruogSeWGyPoiZ+x3olGVoeJWc3l1PJx9e8EufIPiOmK8hihqMk7LGvdl+Pl+7rhH0dF96jr6fa
5QyBJtTYl6YsSNrKIgKbPyMOBWSbrBrzm4Nw+4I8VrmRX6m4gtOLWKGkp9EwY6x1cpv7xNAlhz5ivItuaUieotO1ypvc0NSshKn4jKP2V8wJXLicE1LsoPzxtfjYg9R1sung+Zku3OIXO7k9pRb10VX8prFjU4St1+OLewAT3aGup90=
2M6zTy1G221WBsXqUtruxiMOBHKJqRrzm4Nw+4I8VrmRX6q4gtOLWKGkp9EwY6x1cpv7xNAlhz5ivItuaUieotO1ypvc0NSshKn4jKP2V8wJXLicE1LsoPzxtfjYg9R1sung+Zku3OIXO7k9pRb10VX8prFjU4St1+OLewAT3aGup90=
ktWKsaeI07VZwQirfmuHo1pNYWhhDIQ5FscmR6mr5pISLjUnUigsBtMtbTM2l+QkYJVHn3IRNUvtNOeUgd02e5o5JPttSGb9QfJEjI0CDxAoDkU1XDdqiLLAgpneQGUu4UCfPO7QJUrqrNrB85S+G2LZZCk21a82uo5Rix+xI45DnQOSsL1Vi0JhcVMNF2ZL6424p8s=
C/Jzpp2JkIPe/jjx3yhxgox9cqSYstd9dHPrXggpFH5kPsXg0HVH3nM1KeOm5+FzGwzWI9EzWtMC76j0vD0zH4q4aRshzNP0lcU6S+YR8Ds5INoNzWrQLHm6Q0D05nE1aN+22P54djlK2OneXSjL/Dr4WXrmtM6hx2xySz5xkKlCfXPm9vZlawupL76/tVfSZFXp+8755fN5r6qbt+WMp/8=
1eYJ47nwfaOW61GUlMTgjix0iMtyzpKnKxEHndit9UtmSgFhx86veetyFngcdiXUh7vagI7yqmVIbuKSmTCmD+YOoulaPhfxfpz11RxnkYBW2y+qzos6WITnp3n1mL6dSeJszCXyh3CQ/n01ZMfS6DowKtn2UG1OOZAHvHYAfWrivLKBGyQ2u5rpHCnO5deWMj45S/ehK66bzZsbK+0Na0pxWZOlZ+6rU/2Ap/M=
1eYJ47nwfaOW61GUlMTgjix0iMtyzpKnKxEHndit9UtmSgFhx86veetyFngcdiXUh7vagI7yqmVIbuKSmTCmD+YOoulaPhfxfpz11RxnkYBW2y+qzos6WITnp3n1mL6dSeJszCXyh3CQ/n01ZMfS6DowKtn2UG1OOZAHvHYAfWrivLKBGyQ2u5rpHCnO5deWMj45S/ehK66bzZsbK+0Na0pxWZOlZ+6rU/2Ap/M=
fQR18Kjo8Hk0RWxmVseuYz3aZQhjaWgb8DMIegVWwda7ZiBSHhiiwBBgiCLP7gmMt+SdIhbFOtLHg7dAVURzaWwTIN3GWw8s3BXbRjYcP/aVmFKKx7XesxAAKDQwCaz0/8ZbJP2cDDSfIrAYKBFB4OTTmB0maXQRVf7g+mNb7YV55nl54bnR2W9jWFUDQz/jfEORibqnyQ==
B9itjTIDK3ajAt+cSkLhRozooqvUB6SdCKjOOngaAo+I66jxtlm8T+CSpkJSRtDCSDMu2fTe74BSWHxoZ20XL+fTSzw6NSm8JAv01MjEzG1AAvWd9anM/4ZdURcaHmI0vkhsn4IWvjeatZnKflUnB7dDydf3jFKXqK6jNss4oraDNOmij0aff3d+axQdbVfug7+nyg==
4VQGg3+Jc7e7jLllNs9mEBHwceNAc3KpuDEXxJ2rN7XGfkhz0iuOF6vpTz6fdbfYxxWJe+45BfPZ78oblyVspx8=
cnfQQBEmgE8gEerOcC5NiZxwDztOnp0ON7iQu+WvwCXZRrbSoc6V2c1VZhwUWYUOcYbho/YMaV+Uyv2Xecb/IFsyx9ehj4U/TKsV5ilWDjMhrkg1BA6MsnSP3Ix1F2FPZI3Kg4Etfgh6NoImTLV20PZlNkspUPrj36XrDQkdI6o6paSws0zv7nr0/5oISDvAF+2bwBtO2ZtvjJ+xp8A=
9mbeUv+veRnehucmh+yI5105Py1aaNzzMwwjLNhrf5S30hREBGY4/OBx5pCqvYS3J8iWzjaHOijYFxtPDAtFumnwI1R2QY3oC0ze+jAPOXVnzsM2j8Wa8dXp9tVj2OFvJz2PCRKnjLeSCcx7xbhu3blC3Ey1EtewoN5tNXTn4ihq0LpZRvCdDumwN7wG4C2qUtxCAYuEZnvqCQwp3oUn1uKeqcuHQZvuS61rGBvNXas60ekTNQc+62PdkKfj
+PR22OiTSKQXHrqJ4MEl5Sld1vo8sT8wEDoMD3CO6dQUHX2Wli7e34zSDVJ/wTfc/9gnCuow1w5IXJMEBwlT1Lsa0f8/iDdlpxQ=
LRUAZoEXmMnwxlUHM+Fgd5yzTw1KpHa8NZdfPKyFLM6+mdZMJwQ87vO+ipIeRCnpyy1xpKqO52G9GRFlQwDo1E201QNUR4eDlRVfhuso4ibjROjS79bfb1fO66Q9fZd+Y0+nOg==
rhVBbCRs2pb3++ia6L8QJjHe5PvT8cM9bd3TNrhiRmGEUl4WDWXH+KO1gUJbRB/lHPVaIXV43ZNcSzZJPGnr1LFjUzUiNmRjrvMKd2/RU84z/VOY4x3ly3JBwdPdN3aLe21Ipzs=
zwGzCm5VBid2h+Eg+LXy7yy9lQathGIWMZ3jiGd9LSL3zJt1uC0GYamguYNYQ1pp0KGvZFXbL7XejgDTartmV4PZV97XpQ9YP0VBW/bJbTNxfzJ7XxV0pwc=
l6DF+3UR0gy4P7Kyi+Lr2ckSiGRQhmA3s5FmFjWV/5iLRUkCE5S3hYRlwqHt6EUzNJv+CXRZA/TJU6s1WgacQ8bDwrcngbtuq23LGHuNfSvaEQkTlUdea0MdcKcD
voG9lN2qCCRkZ39tW3icUOAhp0FhtEEthJFmFjWV/5iLRUkCE5S3hYRlwqHt6EUzNJv+CXRZA/TJU6s1WgacQ8bDwrcngbtuq23LGHuNfSvaEQkTlUdea0MdcKcD
x/neRkYRQWlUKXOLLcRHuPrAoBn2jzM/4JazGXkAHcm/smU4IR0iiWTBSwTja+I3iLmCFVUsDx/t9RxKWpuQjzSHUa1tNo2B7XhdYVszzD1/I2NLSHNFEXanBQ==
Ha/Fy+yoUbxE1jx/py7uoyx0iMtyzpKnKxEHndit9UtmSgFhx86veetyFngcdiXUh7vagI7yqmVIbuKSmTCmD+YOoulaPhfxfpz11RxnkYBW2y+qzos6WITnp3n1mL6dSeJszCXyh3CQ/n01ZMfS6DowKtn2UG1OOZAHvHYAfWrivLKBGyQ2u5rpHCnO5deWMj45S/ehK66bzZsYK+0Na0pxWZOlZ+6rU/2Ap/M=
h6Vqer/KjHelr5NsW8i7YSld1vs8sT8wEDoMD3CO6dQUHX2Wli7e34zSDVJ/wTfc/9gnCuow1w5PXJMEBwlT1Lsa0f8/iDdlpxQ=
AryU04iAj3SoseMGAICRBJcBvR3SSuonovc+c4uISPXl7yg6kSUYe15Heb1lFrVRlf7iMaNTxC0X48v7wBOdIW6nHQ==
2i7rd0cB8lWkTAnLIQ3d8zYhPAqwJDDm9gMU2HBjGo/KPpSxy//twgMk0vKb2C6x5/qPm89yC6AVsefq2xOnHg==
sIqnVJiOfIaREicu/g7oWM7RUkHLkaU+ij8oliEVVX1vSIfaqgD3Pk5rszTHWfNEO4oxr//41xWnZA==
TxF7zevG9k895onP0b6ak49d8kREad3BNHTEIZs7jcWZZlk5Qb42mQ/jeJWjQ58jnMPxyRqnaQ==
GhQlm8ig5/R3UkwOP8JenfctNglVOD0TPI8UR9ypi1QRI7M1QvbE406zandPkbNOUz1zmwFdREvSASHT/ffWC5staKcb
E/E+JEtnuqgfKJ4RnM6mcgl+bz9ce25+TeGGoEQFOva3uedQLrXOPFEuKcXx5ApvievfN0sw48mJ2Sxxv2yiBHlox3oq4LceSk5zVUf5M2Q7anFPf1gXdacE
DXDakB7KoJBOkyuBrXtlrMbIGDLLbcVppM2WXolF+i2DGp8+5hE=
DXDakB7KoJBOkyuBrXtlrMbIGDLLbcVppM2WXolF+i2DGp8+5hE=
/3+XHCdiXl81XRHnYybueepLIDvQTl3rgCwy2AsQI2xJ9BFaeALhv0fJzSkCPSrQItKsdCPP44FcaC46WUMYEmIPLU4nVBweqATY/h8q1o1iaiAqYT4QPjTUFw4nSS3QLgHyjxWUGPNIceJABxLFty8KalogiPXnBhUL5ko=
