MgfaOnLeXXWxCDw5Y+AI2GloZw6ZLDXRZHm/x5ef+iwTGScu/vfDCWIU+VPtSgu+yRPrDCV3TuQ7TPr3hKA6m5mZy+SAZfee0jwbjrmIroLDtdq77BAETBQpSCzTtgfsOVxIfMOSXMCMcSVYCEMklaLp8JnpboxCh7tJ3RVWpbEl+5eRt5N0BWVjGBtQU+2Bo7TY
XTNG6aSF+oycPqZOaQHwA26vtNs+vJug8bKCveqvQ5c0+4TzfueMBHhlX59iZyNrBcQv1MmNnttiqZx7FdjeHakiDMzFMifwMD5dNUQHcmia8MrZlpCNzlnQ57xWQN3qQvySgTtkVjt6qXwpLiW3FtL+GUvXYYsuOw27G0kt6esqObuTxidOK/O9vbTG
AwUJNtKBvjoja7CBKraOBBe8EjC2KwZWKUoO3egljn/Xc90Rg3EqnLXkzzncNTFdAFkvrJ+C833jwEkjeqqUZmQyEzFJ991T8k/4NIxdIx+bWlVb8WyjdAWliou2MQA7CcCKTT3KQKzJ2pOAhMZhNXj/xhguGMa52ngZng3I+/zK2Am6VtReIbfMogsOkYCpUh1DJqZWleubSZ/+b5Un21U1PTu+UXdzyk/620fFgbT6
Z4Y/SwsDqF2rAyQoJv1aBu7D2JqtgrZGSYjsp9stqfFAL9f2f4CVt+e6Tr6sqtMzb6VrZavO/vsBplgNxPYcOhTH7JR1D1EHBAVae0EVbgBa/nK+zC0GmNZtJnNpKGprP23bFQkFE2LaLTTI83T/5lq8jwKL0ssMN+WD+tu1SRMPxK+0tM0=
IdPiUmrLAaYLvbHDEsrI6bi1p1LxvBwF+ypLATBpetCEk55uWZHokvt54bUQi39i/x08E7f+BuqMvts3f4FDMeuaVl+RItCZZKJUfkTjxIB1G3kjVEESL+GB5oTKWtrqjHkuvMZpLmdJfCIvb8lzgYmRu8aKaXyc02D34kqYp1bLhmOop2ELbnvhAVdf4IegtNk=
znZDFwb3aqraxiQDJ7xzhbi1p1LxvBwF+ypLATBpetCEgpZgX57pwPt54bUQi39i/xw8E7f+BuqMvts3f4FDMeuaVl+RItCZZKJUfkTjxIB1G3kjVEESL+GB5oTKWtrqjHkuvMZpLmdJfCIvb8lzgYmRu8aKaXyc02D34kqYp1bLhmOop2ELbnvhAVdf4IegtNk=
va1REnRv5wb9VrC3Y9kB7IW3ixBd6m7NLtX4MNs/o0gILlw4AkmLrd8u+MdVA5bU5gt3NUWNTgEsn42zpnc0ZDC1t58IMuqLvVR3FDG9hruqWTT7fWgWPbFSNAwdol9Q+O51NWzXusjiYBIZruCV7pFgjzz+sBWKWsxqQWP07tuy+RQpxvX/dmpuwQuvUZPOc30Tm6GdocsyyYPTnre2i7vtlbTu
hTxhsllSsLySO9rD2wo2PXgLjywnloxrk8Pu8NPhv2YAbrKxQMdZU5IPGLTsHcMf/Zq225GsQ3RlZWoL1vHgOykAKs2dCmCs6RozACQGQTVYP2aYjtjmufq4uR6tCNv8KhhpOrYUPiFXDMKL7lHgqbJdI6ZGFvXrewn/fo/VR9t1dZ27HhFXc+oPWlvnhaG02g==
lk3vN8fTV3St+0RAkW77B4GCp8oYRpjxaAtkPCJTtFu6XjAAEFttMn6KvbjMU4TkD89Fc+5H3ERIhU+fdgISq9Vkv1R5bW4bMsmse+X4jl0ZgvxMVVJ3MMAeTTVUJ4KoypBaWWYwPY4J8Be8ZiCNKrIcIgGrxIb7SslsKT7Fh1aCXonLZwH7buvtixs5DTkrmpnLE1bHnmuDna201g==
Z+/gkruc2Uh+oihTOkwLxvn3lhGrsRwF8yhdE2R7eYCE1tMnDd+9wPt54bUQi39i/xg8E7f+BuqMvts3f4FDMeuaVl+RItCZZKJUfkTjxIB1G3kjVEESL+GB5oTKWtrqjHkuvMZpLmdJfCIvb8lzgYmRu8aKaXyc02D34kqYp1bLhmOop2ELbnvhAVdf4IegtNk=
NOTQy0ZcImL8xxzUBkCkpDROz3V5loxgjNPpotry8WcKJbKxQMdZU5IPGLTsHcMf+Jq225GsQ3RlZWoL1vHgOykAKs2dCmCs6RozACQGQTVYP2aYjtjmufq4uR6tCNv8KhhpOrYUPiFXDMKL7lHgqbJdI6ZGFvXrewn/fo/VR9t1dZ27HhFXc+oPWlvnhaG02g==
Y4j1LDj/tawRr5Qcj/fC5hElJB5eNNrgs/AXBN8lcBPaXyCUBO3bH+Tr3vupfIu0rdUya75hWLvRkIJtxXoo7CHKy+AMNlk1QA9OeHYILvmyyOG+BZgjfJKIAVrupPbhn9z6q4Yh+KmqrcuGfka9qzO5J55nRf9bDeU1G8bhn7OiXyI7z7W5tMI=
VWTle942aF5rP1I0+kgNwHgRgyEl18UjjNS3/Z++4DQCd/OxQMdZU5IPGLTsHcMf+pu225GsQ3RlZWoL1vHgOykAKs2dCmCs6RozACQGQTVYP2aYjtjmufq4uR6tCNv8KhhpOrYUPiFXDMKL7lHgqbJdI6ZGFvXrewn/fo/VR9t1dZ27HhFXc+oPWlvnhaG02g==
v08jl9xAiubnu4Se99r5l0WCGUXZ8UMuBD2+Sabp8XoRU+K4tOOEF2L2JzgWzNpxgI/qhdGtI+8HXsNcuOSeJ1zLppB76DGgBp6rr30vWGV7AD/9sXhv4BK4fAinjZePJ/NLHPqVqVzka/Q0iKRMzQAi9b21CUyfxr1Rd9r+4pR+aGy/QrY+11rVmSo+Naen92PJ97cs0vfoTqNWC9giFkMU64BP4h+fvxxr910N107DgrT/
e3NT73Px/niBuTjbt3aDspR0AzNLqs4UOYXfq//moyeKfIr8kNuGy84QIAMCGs8OeZLqgJtVOXmg5+fuf5mlfgcy3sbsksM7T+0b/StWDjMhrkg1BA6MsnSP3Ix1F2FPZI3Kg4Etfgh6NoImTLV20PZlNkspUPrj36XrDQkdI6o6paSws0zv7nr0/5oLSjvEF+2TwhtN2ZtvjJ+stNU=
qIluMv/8Rmcuo+may3fLAshLtZRkSHsPq5a2KMm5p5f/2tsbekDywHDn/vc+LFg/wqa3sokukjx76UHFUFufUv8l3cL3jqZ6DC67h79RY0HranYP0ZIwCeQy9I6Es6SwdSsZc5Sxsr9hEQY0igr6GowJDmwG2U73yeyCXy8Zk7GJoVsWyhncDFPwl1KKSIcmy3ZD+OfR6/77caGnn7DnkLTp
lET1QgQ4kpPVwtsnZraXQal0MQFl0D31hDMPLK9FNCEUf1tZlP7FbFv4bnSAgtHuTFI3JS0du/yXg1A7Yrz2+fFfRH8tU+sYgaRHEVDjDLWSm9uEsKUn/kK86y7JyH5i87XqWzxQdOzkqdhMA3Y3jClcWFyz0oxgHPGVuLgDdLVS6YC5Oa48Ijc72X1FllWRNfuHcYfTJOX142i7oJO94ZO06A==
jo+4SJUtJiaLH7oeeSl6GHIZ5aWT8Vy2T327gKoywbejlf/c1xFiXubSQJHCDRZCfN2igFuY8RBmDis/nZ8YlVsQP+ORiC9Q8ij8mMc9V/8H40sM2uVp7IT7dKRoFAw9IDL1rZX5DC8mLdHnuk4i5F54bK9ixv5nOkUZut6F51fXc8nnl9ySRwjeI8ZraOJmYwTrkG+S3y/fjOtnvb2XvuOStO8=
LLKOz5GiYP8Etxh9bmcIfngLjywnloxjkdX8pN7ooTQAaPvlDpIrU5IPGLTsHcMf95i325GsQ3RlZWoL1vHgOykAKs2dCmCs6RozACQGQTVYP2aYjtjmufq4uR6tCNv8KhhpOrYUPiFXDMKL7lHgqbJdI6ZGFvXrewn/fo/VR9t1dZ27HhFXc+oPWlvnhaG02g==
m/dOjx1QkWuwQj6PsnvQxsYbuaFCYaYHVWUvS1l+4LHjAmChFErLK5XjKFGDvL9eflt/NMok3MyPgad7n4+L+PL5ech8NxQw4Oi8eXge9Zn9pdzLnqFxM3JyUuBGlCzbylpuw0IJ+a7W+deTD99JU38AwiMw0gOSI9QS4vtoK2RHjs8LJ0CL8zVBJ/q7vrTb
rva8J7f2wi89zu9Pot2/VeCy/uWPZEHxaQIr310/mPUbMD/J1uev8DLI/PiHndcfx8NLLBoF6UzEm3REqLSMXWAS9Y3VmYyP5s3Rh/ruogSeWGyPoiZ+x3olGVoeJWc3l1PJx9e8EufIPiOmK8hihqMk67Cvcl+Pn+zrh30dF96jsrTP
CHDF7JntS5ob9yRMOH1kQSMOA3KHsRrzm4Nw+4I8VrmRX6+4gtOLWKGkp9EwY6x1cpv7xNAlhz5ivItuaUieotO1ypvc0NSshKn4jKP2V8wJXLicE1LsoPzxtfjYg9R1sung+Zku3OIXO7k9pRb10VX7p7FnU4Sl1eOIewAT3aGztMg=
ZjaM8SqHNz4OqYBBv3403eKy/vSNckXxaQIr310/mPUbMD/P1uev8DLI/PiHndcfx8NLLBoF6UzEm3REqLSMXWAS9Y3VmYyP5s3Rh/ruogSeWGyPoiZ+x3olGVoeJWc3l1PJx9e8EufIPiOmK8hihqMk67Cvcl+Pn+zrh30dF96jsrTP
Tyi8Yaaw6l0bCsmCDv4g9CMOBWSbrBrzm4Nw+4I8VrmRX6m4gtOLWKGkp9EwY6x1cpv7xNAlhz5ivItuaUieotO1ypvc0NSshKn4jKP2V8wJXLicE1LsoPzxtfjYg9R1sung+Zku3OIXO7k9pRb10VX7p7FnU4Sl1eOIewAT3aGztMg=
e9kbeAuVMkDCocBVBCyyOSMOBHKJqRrzm4Nw+4I8VrmRX6q4gtOLWKGkp9EwY6x1cpv7xNAlhz5ivItuaUieotO1ypvc0NSshKn4jKP2V8wJXLicE1LsoPzxtfjYg9R1sung+Zku3OIXO7k9pRb10VX7p7FnU4Sl1eOIewAT3aGztMg=
UdTQnpY5oZxzKfWoYCd7rVpNYWhhDIQ5FscmR6mr5pISLjUnUigsBtMtbTM2l+QkYJVHn3IRNUvtNOeUgd02e5o5JPttSGb9QfJEjI0CDxAoDkU1XDdqiLLAgpneQGUu4UCfPO7QJUrqrNrB85S+G2LZZCk21a82uo5Rix+xI45DnQOdsb1Ri0Jpc1MOF2ZL642ltN4=
lL8A+IYQVLgJyGlQASXQBYx9cqSYstd9dHPrXggpFH5kPsXg0HVH3nM1KeOm5+FzGwzWI9EzWtMC76j0vD0zH4q4aRshzNP0lcU6S+YR8Ds5INoNzWrQLHm6Q0D05nE1aN+22P54djlK2OneXSjL/Dr4WXrmtM6hx2xySz5xkKlCfXPm9vZlawupL76/tVfdZVXt+87x5/N6r6qbt+WRtOo=
b94QkHr6UW5WlqqyXZo8hSx0iMtyzpKnKxEHndit9UtmSgFhx86veetyFngcdiXUh7vagI7yqmVIbuKSmTCmD+YOoulaPhfxfpz11RxnkYBW2y+qzos6WITnp3n1mL6dSeJszCXyh3CQ/n01ZMfS6DowKtn2UG1OOZAHvHYAfWrivLKBGyQ2u5rpHCnO5deWMj45S/ehK66bzZsdKe0Ja0p5W5OmZ+6rU/2dtOY=
uWZQtHuq4p24JK7PUd8A0D3aZQhjaWgb8DMIegVWwda7ZiBSHhiiwBBgiCLP7gmMt+SdIhbFOtLHg7dAVURzaWwTIN3GWw8s3BXbRjYcP/aVmFKKx7XesxAAKDQwCaz0/8ZbJP2cDDSfIrAYKBFB4OTTmB0maXQRVf7g+mNb7YV55nl54b3T2WtjWF0BQzzjfEORiae03A==
d6Lv01//c7O39twbCnfpP4zooqvUB6SdCKjOOngaAo+I66jxtlm8T+CSpkJSRtDCSDMu2fTe74BSWHxoZ20XL+fTSzw6NSm8JAv01MjEzG1AAvWd9anM/4ZdURcaHmI0vkhsn4IWvjeatZnKflUnB7dDydf3jFKXqK6jNss4oraDNO2gj0Kff398axcdbVfug6K03w==
CQA9E3//kN9WoLrW83cqChHwceNAc3KpuDEXxJ2rN7XGfkhz0iuOF6vpTz6fdbfdxRWNe+4xB/Pa78oblyVxtAo=
q/GzvryIJVi7ajzkClF4y5xwDztOnp0ON7iQu+WvwCXZRrbSoc6V2c1VZhwUWYUOcYbho/YMaV+Uyv2Xecb/IFsyx9ehj4U/TKsV5ilWDjMhrkg1BA6MsnSP3Ix1F2FPZI3Kg4Etfgh6NoImTLV20PZlNkspUPrj36XrDQkdI6o6paSws0zv7nr0/5oNSjvEF+2TwhtN2ZtvjJ+stNU=
fgw75heYtUPtQzn+GsbkIl05Py1aaNzzMwwjLNhrf5S30hREBGY4/OBx5pCqvYS3J8iWzjaHOijYFxtPDAtFumnwI1R2QY3oC0ze+jAPOXVnzsM2j8Wa8dXp9tVj2OFvJz2PCRKnjLeSCcx7xbhu3blC3Ey1EtewoN5tNXTn4ihq0LpZRvCdDumwN7wG4C2qUtxCAYuEZnvqCQwp3oUn1uKeqcuHQZvuS61rHRnNWas62esTNgc+62PdjbT2
l8ArhDv0973XFKTp6wgxIyld1vo8sT8wEDoMD3CO6dQUHX2Wli7e34zSDVJ/wTfc/9gnCuow1w5MXpMABwlb1rsZ0f8/iDd4tAE=
SBl2yOavQTmbiPzZ5tbC287RUkHLkaU+ij8oliEVVX1vSIfaqgD3PkxuszDHWftGO4kxr//41wi0cQ==
oa5lyY0ROHn13ZOsMNv4149d8kREad3BNHTEIZs7jcWZZlk5QbwzmQvjeJ2hQ5wjnMPxyQe0fA==
jKwPIW23hUisLTYZBVL/387RUkHLkaU+ij8oliEVVX1vSIfaqgD3PkNuszDHWftGO4kxr//41wi0cQ==
l9nhctgLgbnhatceL9Sy6o9d8kREad3BNHTEIZs7jcWZZlk5QbMzmQvjeJ2hQ5wjnMPxyQe0fA==
P6BKs5z6RxZR2w8nWKmsepyzTw1KpHa8NZdfPKyFLM6+mdZMJwQ87vO+ipIeRCnpyy1xpKqO52G9GRFlQwDo1E201QNUR4eDlRVfhuso4ibjROPQ79Lfb1/M66c9fZd+Y1K0Lw==
wlNmblwIMpoU2sHWR7K6SDHe5PvT8cM9bd3TNrhiRmGEUl4WDWXH+KO1gUJbRB/lHPVaIXV43ZNcSzZJPGnr1LFjUzUiNmRjrvMKd2/RU84z/VOT4R3hy3JJw9PeN3aLe21VtC4=
0QdpBK7Ggj3vLfEEInldnCy9lQathGIWMZ3jiGd9LSL3zJt1uC0GYamguYNYQ1pp0KGvZFXbL7XejgDTartmV4PZV97XpQ9TPUVFW/bBbzNyfzJ7XxVptBI=
xITfQk+liaYtLbH6AfozRMkSiGRQhmA3s5FmFjWV/5iLRUkCE5S3hYRlwqHt6EUzNJv+CXRZA/TJU6s1WgacQ8bDwrcngbtuq23LE3mNeSvaGQsTlkdea0MdbbQW
vBoC1OOQ98yzgayh+5sw0+Ahp0FhtEEthJFmFjWV/5iLRUkCE5S3hYRlwqHt6EUzNJv+CXRZA/TJU6s1WgacQ8bDwrcngbtuq23LE3mNeSvaGQsTlkdea0MdbbQW
vn45RsbltPjhzTzxGMh3A/rAoBn2jzM/4JazGXkAHcm/smU4IR0iiWTBSwTja+I3iLmCFVUsDx/t9RxKWpuQjzSHUa1tNo2B7XNfYV8zzDV9I2BLSHNFEWu0EA==
kmUtJHdj1BsxsH3aD02dvix0iMtyzpKnKxEHndit9UtmSgFhx86veetyFngcdiXUh7vagI7yqmVIbuKSmTCmD+YOoulaPhfxfpz11RxnkYBW2y+qzos6WITnp3n1mL6dSeJszCXyh3CQ/n01ZMfS6DowKtn2UG1OOZAHvHYAfWrivLKBGyQ2u5rpHCnO5deWMj45S/ehK66bzZsTKe0Ja0p5W5OmZ+6rU/2dtOY=
qJo2PffO4kgLwvnB1Il7zyld1vs8sT8wEDoMD3CO6dQUHX2Wli7e34zSDVJ/wTfc/9gnCuow1w5DXpMABwlb1rsZ0f8/iDd4tAE=
+8XPNST7PAr/0KBYCit3A5cBvR3SSuonovc+c4uISPXl7yg6kSUYe15Heb1lFrVRlf3jMadTxCUV48j7wBOdIXO0CA==
0J5+rbDTpjTlgi2nmFK1XzYhPAqwJDDm9gMU2HBjGo/KPpSxy//twgMk0vKb2C2w5/6Pm8dwC6MVsefq2w60Cw==
UyTW6Q2M6tL5caYZ8+dBgc7RUkHLkaU+ij8oliEVVX1vSIfaqgD3Pk1qszDHWftGO4kxr//41wi0cQ==
zebe9sz3dIQbedsjMokEOI9d8kREad3BNHTEIZs7jcWZZlk5Qb03mQvjeJ2hQ5wjnMPxyQe0fA==
i5lQa6/DQO2Va2+UXxfFOPctNglVOD0TPI8UR9ypi1QRI7M1QvbE406zandPkbNOUz1zmgRdQUvSCSPT/vfWC5stdbQO
QIHEkegI9D/jdjJTaRhybAl+bz9ce25+TeGGoEQFOva3uedQLrXOPFEuKcXx5ApvievfN0sw48mJ2Sxxv2yiBHlox3oq4LceSktzUEf5O2Y7aXFPf1gXaLQR
8kliwKr81mdo2LUAUKyGd9PLyRgQhfdiZRSKLEWD28NihRGnB0Eb7sut6xqczdmrutlrE7YHvuvj3Q20dg==
8kliwKr81mdo2LUAUKyGd9PLyRgQhfdiZRSKLEWD28NihRGnB0Eb7sut6xqczdmrutlrE7YHvuvj3Q20dg==
/3+XHCdiXl81XRHnYybueepLIDvQTl3rgCwy2AsQI2xJ9BFaeALhv0fJzSkCPSrQItKsdCPP44FcaC46WUMYEmIPLU4nVBweqATY/h8q1o1iaiAqYT4QPjTUFw4nSS3QLgHyjxWUGPNIceJABxLFty8KalogiPXnBhUL5ko=
