xDnF64yzTdkw2ir4vmNCjGloZw6ZLDXRZHm/x5ef+iwTGScu/vfDCWIU+VPtSgu+yRPrDCV3TuQ7TPr3hKA6m5mZy+SAZfee0jwbjrmIroLDtdq77BAETBQpSCzTtgfsOVxIfMOSXMCMcSVYCEMklaLp8JnpboxCh7tJ3RVWpbEl+JKRt5N0BWVjGBtQU+2Bo7TY
/3fzearQO4QfTl9+AhncAG6vtNs+vJug8bKCveqvQ5c0+4TzfueMBHhlX59iZyNrBcQv1MmNnttiqZx7FdjeHakiDMzFMifwMD5dNUQHcmia8MrZlpCNzlnQ57xWQN3qQvySgTtkVjt6qXwpLiW3FtL+GUvXYYsuOw27GEwt6esqObuTxidOK/O9vbTG
lUDzPHLLN9mN4c8q8+BGOBe8EjC2KwZWKUoO3egljn/Xc90Rg3EqnLXkzzncNTFdAFkvrJ+C833jwEkjeqqUZmQyEzFJ991T8k/4NIxdIx+bWlVb8WyjdAWliou2MQA7CcCKTT3KQKzJ2pOAhMZhNXj/xhguGMa52ngZng3I+/zK2Am6VtReIbfMogsOkYCpUh1DJqZWleubSZ/+b5Un2FA1PTu+UXdzyk/620fFgbT6
yXoCmED/DVJuVn2v8z3MDO7D2JqtgrZGSYjsp9stqfFAL9f2f4CVt+e6Tr6sqtMzb6VrZavO/vsBplgNxPYcOhTH7JR1D1EHBAVae0EVbgBa/nK+zC0GmNZtJnNpKGprP23bFQkFE2LaLTTI83T/5lq8jwKI18sMN+WD+tu1SRMPxK+0tM0=
sbQTnvma6g60uvRHEqeFO7i1p1LxvBwF+ypLATBpetCEk55uWZHokvt54bUQi39i/x08E7f+BuqMvts3f4FDMeuaVl+RItCZZKJUfkTjxIB1G3kjVEESL+GB5oTKWtrqjHkuvMZpLmdJfCIvb8lzgYmRu8aKaXyc02D34kqYp1bIg2Oop2ELbnvhAVdf4IegtNk=
AEe0tQYmbWyhzxUBZdKegbi1p1LxvBwF+ypLATBpetCEgpZgX57pwPt54bUQi39i/xw8E7f+BuqMvts3f4FDMeuaVl+RItCZZKJUfkTjxIB1G3kjVEESL+GB5oTKWtrqjHkuvMZpLmdJfCIvb8lzgYmRu8aKaXyc02D34kqYp1bIg2Oop2ELbnvhAVdf4IegtNk=
JgBWOPTwSbyDUinPQklXuIW3ixBd6m7NLtX4MNs/o0gILlw4AkmLrd8u+MdVA5bU5gt3NUWNTgEsn42zpnc0ZDC1t58IMuqLvVR3FDG9hruqWTT7fWgWPbFSNAwdol9Q+O51NWzXusjiYBIZruCV7pFgjzz+sBWKWsxqQWP07tuy+RQpxvX/dmpuwQuvUZPOc30TmKSdocsyyYPTnre2i7vtlbTu
dcaQlVUmPTwqro/v/hFIbngLjywnloxrk8Pu8NPhv2YAbrKxQMdZU5IPGLTsHcMf/Zq225GsQ3RlZWoL1vHgOykAKs2dCmCs6RozACQGQTVYP2aYjtjmufq4uR6tCNv8KhhpOrYUPiFXDMKL7lHgqbJdI6ZGFvXrewn/fo/VR9hwdZ27HhFXc+oPWlvnhaG02g==
DWwjk4Re0e7PwE75r0gWLYGCp8oYRpjxaAtkPCJTtFu6XjAAEFttMn6KvbjMU4TkD89Fc+5H3ERIhU+fdgISq9Vkv1R5bW4bMsmse+X4jl0ZgvxMVVJ3MMAeTTVUJ4KoypBaWWYwPY4J8Be8ZiCNKrIcIgGrxIb7SslsKT7Fh1aCXonLZwH7buvtixg8DTkrmpnLE1bHnmuDna201g==
dVPmvx/fj5t4zOC9/wNzovn3lhGrsRwF8yhdE2R7eYCE1tMnDd+9wPt54bUQi39i/xg8E7f+BuqMvts3f4FDMeuaVl+RItCZZKJUfkTjxIB1G3kjVEESL+GB5oTKWtrqjHkuvMZpLmdJfCIvb8lzgYmRu8aKaXyc02D34kqYp1bIg2Oop2ELbnvhAVdf4IegtNk=
cS+aMkcJVYntNSP852fa/DROz3V5loxgjNPpotry8WcKJbKxQMdZU5IPGLTsHcMf+Jq225GsQ3RlZWoL1vHgOykAKs2dCmCs6RozACQGQTVYP2aYjtjmufq4uR6tCNv8KhhpOrYUPiFXDMKL7lHgqbJdI6ZGFvXrewn/fo/VR9hwdZ27HhFXc+oPWlvnhaG02g==
yKv6+hBLvGJvpnav6ebv5RElJB5eNNrgs/AXBN8lcBPaXyCUBO3bH+Tr3vupfIu0rdUya75hWLvRkIJtxXoo7CHKy+AMNlk1QA9OeHYILvmyyOG+BZgjfJKIAVrupPbhn9z6q4Yh+KmqrcuGfka9qzO5J55nRf9YCOU1G8bhn7OiXyI7z7W5tMI=
/pgoDCLhYCz2ItHzK1aR5XgRgyEl18UjjNS3/Z++4DQCd/OxQMdZU5IPGLTsHcMf+pu225GsQ3RlZWoL1vHgOykAKs2dCmCs6RozACQGQTVYP2aYjtjmufq4uR6tCNv8KhhpOrYUPiFXDMKL7lHgqbJdI6ZGFvXrewn/fo/VR9hwdZ27HhFXc+oPWlvnhaG02g==
ISZy8bToXhk6tkX+bPue9kWCGUXZ8UMuBD2+Sabp8XoRU+K4tOOEF2L2JzgWzNpxgI/qhdGtI+8HXsNcuOSeJ1zLppB76DGgBp6rr30vWGV7AD/9sXhv4BK4fAinjZePJ/NLHPqVqVzka/Q0iKRMzQAi9b21CUyfxr1Rd9r+4pR+aGy/QrY+11rVmSo+Naen92PJ97cs0vfoTqNWC9giFkMU6IVP4h+fvxxr910N107DgrT/
GgIHR+6UpJyCErA0bWJ12JR0AzNLqs4UOYXfq//moyeKfIr8kNuGy84QIAMCGs8OeZLqgJtVOXmg5+fuf5mlfgcy3sbsksM7T+0b/StWDjMhrkg1BA6MsnSP3Ix1F2FPZI3Kg4Etfgh6NoImTLV20PZlNkspUPrj36XrDQkdI6o6paSws0zv7nr0/5oITzvEF+2TwhtN2ZtvjJ+stNU=
N1QR+BOWuLaLWcTfSbd++8hLtZRkSHsPq5a2KMm5p5f/2tsbekDywHDn/vc+LFg/wqa3sokukjx76UHFUFufUv8l3cL3jqZ6DC67h79RY0HranYP0ZIwCeQy9I6Es6SwdSsZc5Sxsr9hEQY0igr6GowJDmwG2U73yeyCXy8Zk7GJoVsWyhncDFPwl1KKSIcmyHND+OfR6/77caGnn7DnkLTp
PEfhmX2OqWJAAjJsQWGslKl0MQFl0D31hDMPLK9FNCEUf1tZlP7FbFv4bnSAgtHuTFI3JS0du/yXg1A7Yrz2+fFfRH8tU+sYgaRHEVDjDLWSm9uEsKUn/kK86y7JyH5i87XqWzxQdOzkqdhMA3Y3jClcWFyz0oxgHPGVuLgDdLVS6YC5Oa48Ijc72X1FllWRNfiCcYfTJOX142i7oJO94ZO06A==
MxKeCnfLYlRvbDRSo8eE8nIZ5aWT8Vy2T327gKoywbejlf/c1xFiXubSQJHCDRZCfN2igFuY8RBmDis/nZ8YlVsQP+ORiC9Q8ij8mMc9V/8H40sM2uVp7IT7dKRoFAw9IDL1rZX5DC8mLdHnuk4i5F54bK9ixv5nOkUZut6F51fXc8nnl9ySRwjeI8ZraOJmYwTolW+S3y/fjOtnvb2XvuOStO8=
UgVs/P71sQwchGx+Yriw5HgLjywnloxjkdX8pN7ooTQAaPvlDpIrU5IPGLTsHcMf95i325GsQ3RlZWoL1vHgOykAKs2dCmCs6RozACQGQTVYP2aYjtjmufq4uR6tCNv8KhhpOrYUPiFXDMKL7lHgqbJdI6ZGFvXrewn/fo/VR9hwdZ27HhFXc+oPWlvnhaG02g==
xRGGoY730RleoOZq/A9x48YbuaFCYaYHVWUvS1l+4LHjAmChFErLK5XjKFGDvL9eflt/NMok3MyPgad7n4+L+PL5ech8NxQw4Oi8eXge9Zn9pdzLnqFxM3JyUuBGlCzbylpuw0IJ+a7W+deTD99JU38AwiMw0gOSI9QS4vtoKGFHjs8LJ0CL8zVBJ/q7vrTb
eJjac/Z++gj8QVLbG0AWG+Cy/uWPZEHxaQIr310/mPUbMD/J1uev8DLI/PiHndcfx8NLLBoF6UzEm3REqLSMXWAS9Y3VmYyP5s3Rh/ruogSeWGyPoiZ+x3olGVoeJWc3l1PJx9e8EufIPiOmK8hihqMk6LWvcl+Pn+zrh30dF96jsrTP
4zyJ3vGWNZzrUeTBhjhq+yMOA3KHsRrzm4Nw+4I8VrmRX6+4gtOLWKGkp9EwY6x1cpv7xNAlhz5ivItuaUieotO1ypvc0NSshKn4jKP2V8wJXLicE1LsoPzxtfjYg9R1sung+Zku3OIXO7k9pRb10VX4orFnU4Sl1eOIewAT3aGztMg=
DkP4fD9mOmC0cndukfMTf+Ky/vSNckXxaQIr310/mPUbMD/P1uev8DLI/PiHndcfx8NLLBoF6UzEm3REqLSMXWAS9Y3VmYyP5s3Rh/ruogSeWGyPoiZ+x3olGVoeJWc3l1PJx9e8EufIPiOmK8hihqMk6LWvcl+Pn+zrh30dF96jsrTP
eO8Ml0vpzthI/oN7CL/zSSMOBWSbrBrzm4Nw+4I8VrmRX6m4gtOLWKGkp9EwY6x1cpv7xNAlhz5ivItuaUieotO1ypvc0NSshKn4jKP2V8wJXLicE1LsoPzxtfjYg9R1sung+Zku3OIXO7k9pRb10VX4orFnU4Sl1eOIewAT3aGztMg=
GLqyzIvkmt6/Pz2h3HkKJSMOBHKJqRrzm4Nw+4I8VrmRX6q4gtOLWKGkp9EwY6x1cpv7xNAlhz5ivItuaUieotO1ypvc0NSshKn4jKP2V8wJXLicE1LsoPzxtfjYg9R1sung+Zku3OIXO7k9pRb10VX4orFnU4Sl1eOIewAT3aGztMg=
yNQsq+IKUR/Gl2g6hSFqylpNYWhhDIQ5FscmR6mr5pISLjUnUigsBtMtbTM2l+QkYJVHn3IRNUvtNOeUgd02e5o5JPttSGb9QfJEjI0CDxAoDkU1XDdqiLLAgpneQGUu4UCfPO7QJUrqrNrB85S+G2LZZCk21a82uo5Rix+xI45DnQOftL1Ri0Jpc1MOF2ZL642ltN4=
WUm1O+iqannDRn/+lkK+JYx9cqSYstd9dHPrXggpFH5kPsXg0HVH3nM1KeOm5+FzGwzWI9EzWtMC76j0vD0zH4q4aRshzNP0lcU6S+YR8Ds5INoNzWrQLHm6Q0D05nE1aN+22P54djlK2OneXSjL/Dr4WXrmtM6hx2xySz5xkKlCfXPm9vZlawupL76/tVffYFXt+87x5/N6r6qbt+WRtOo=
5o+5ttNUYAjxxxhMw2vJZCx0iMtyzpKnKxEHndit9UtmSgFhx86veetyFngcdiXUh7vagI7yqmVIbuKSmTCmD+YOoulaPhfxfpz11RxnkYBW2y+qzos6WITnp3n1mL6dSeJszCXyh3CQ/n01ZMfS6DowKtn2UG1OOZAHvHYAfWrivLKBGyQ2u5rpHCnO5deWMj45S/ehK66bzZsfLO0Ja0p5W5OmZ+6rU/2dtOY=
5o+5ttNUYAjxxxhMw2vJZCx0iMtyzpKnKxEHndit9UtmSgFhx86veetyFngcdiXUh7vagI7yqmVIbuKSmTCmD+YOoulaPhfxfpz11RxnkYBW2y+qzos6WITnp3n1mL6dSeJszCXyh3CQ/n01ZMfS6DowKtn2UG1OOZAHvHYAfWrivLKBGyQ2u5rpHCnO5deWMj45S/ehK66bzZsfLO0Ja0p5W5OmZ+6rU/2dtOY=
m+kNCSODOE2DrvMUaZQc1T3aZQhjaWgb8DMIegVWwda7ZiBSHhiiwBBgiCLP7gmMt+SdIhbFOtLHg7dAVURzaWwTIN3GWw8s3BXbRjYcP/aVmFKKx7XesxAAKDQwCaz0/8ZbJP2cDDSfIrAYKBFB4OTTmB0maXQRVf7g+mNb7YV55nl54b3W2WtjWF0BQzzjfEORiae03A==
SPM5Wf+hEdorI2B95t25j4zooqvUB6SdCKjOOngaAo+I66jxtlm8T+CSpkJSRtDCSDMu2fTe74BSWHxoZ20XL+fTSzw6NSm8JAv01MjEzG1AAvWd9anM/4ZdURcaHmI0vkhsn4IWvjeatZnKflUnB7dDydf3jFKXqK6jNss4oraDNO2lj0Kff398axcdbVfug6K03w==
TZRXXjkrH1sf5I6a5uuFGhHwceNAc3KpuDEXxJ2rN7XGfkhz0iuOF6vpTz6fdbfdwBWNe+4xB/Pa78oblyVxtAo=
kQnxKxni9lmZJ/qyZqd2wJxwDztOnp0ON7iQu+WvwCXZRrbSoc6V2c1VZhwUWYUOcYbho/YMaV+Uyv2Xecb/IFsyx9ehj4U/TKsV5ilWDjMhrkg1BA6MsnSP3Ix1F2FPZI3Kg4Etfgh6NoImTLV20PZlNkspUPrj36XrDQkdI6o6paSws0zv7nr0/5oNTzvEF+2TwhtN2ZtvjJ+stNU=
9bRw0PY3kXcMAnAQITr21105Py1aaNzzMwwjLNhrf5S30hREBGY4/OBx5pCqvYS3J8iWzjaHOijYFxtPDAtFumnwI1R2QY3oC0ze+jAPOXVnzsM2j8Wa8dXp9tVj2OFvJz2PCRKnjLeSCcx7xbhu3blC3Ey1EtewoN5tNXTn4ihq0LpZRvCdDumwN7wG4C2qUtxCAYuEZnvqCQwp3oUn1uKeqcuHQZvuS61rHRzNWas62esTNgc+62PdjbT2
8OoxUCdPpDBmDILi70WQfCld1vo8sT8wEDoMD3CO6dQUHX2Wli7e34zSDVJ/wTfc/9gnCuow1w5NW5MABwlb1rsZ0f8/iDd4tAE=
fmRqJYMwqi7Wm7zPwB1jepyzTw1KpHa8NZdfPKyFLM6+mdZMJwQ87vO+ipIeRCnpyy1xpKqO52G9GRFlQwDo1E201QNUR4eDlRVfhuso4ibjRO3V79Lfb1/M66c9fZd+Y1K0Lw==
ORf9NIpHvUK9v2IQ5viQdDHe5PvT8cM9bd3TNrhiRmGEUl4WDWXH+KO1gUJbRB/lHPVaIXV43ZNcSzZJPGnr1LFjUzUiNmRjrvMKd2/RU84z/VOc5B3hy3JJw9PeN3aLe21VtC4=
RvB5WbyIk3ZNs1iE3J3x4Cy9lQathGIWMZ3jiGd9LSL3zJt1uC0GYamguYNYQ1pp0KGvZFXbL7XejgDTartmV4PZV97XpQ9cOEVFW/bBbzNyfzJ7XxVptBI=
BlSq/D0RbGsLgvgst5ac5skSiGRQhmA3s5FmFjWV/5iLRUkCE5S3hYRlwqHt6EUzNJv+CXRZA/TJU6s1WgacQ8bDwrcngbtuq23LHHyNeSvaGQsTlkdea0MdbbQW
rVVDToSgxQevZToQyUe/lOAhp0FhtEEthJFmFjWV/5iLRUkCE5S3hYRlwqHt6EUzNJv+CXRZA/TJU6s1WgacQ8bDwrcngbtuq23LHHyNeSvaGQsTlkdea0MdbbQW
YuhifbYApQF+Fn8wDIKu0frAoBn2jzM/4JazGXkAHcm/smU4IR0iiWTBSwTja+I3iLmCFVUsDx/t9RxKWpuQjzSHUa1tNo2B7XxaYV8zzDV9I2BLSHNFEWu0EA==
kBMAVcQfWA/eReeJoATqZSx0iMtyzpKnKxEHndit9UtmSgFhx86veetyFngcdiXUh7vagI7yqmVIbuKSmTCmD+YOoulaPhfxfpz11RxnkYBW2y+qzos6WITnp3n1mL6dSeJszCXyh3CQ/n01ZMfS6DowKtn2UG1OOZAHvHYAfWrivLKBGyQ2u5rpHCnO5deWMj45S/ehK66bzZscLO0Ja0p5W5OmZ+6rU/2dtOY=
C+MBdMG/rUUiorvYs75Vpild1vs8sT8wEDoMD3CO6dQUHX2Wli7e34zSDVJ/wTfc/9gnCuow1w5MW5MABwlb1rsZ0f8/iDd4tAE=
o87BAIt3InjjwARDO/iwyIyXUIbqkeZqHDf3aQEk32rcfr2IoLxJrSdRim1pZJiGkBtUczLuQ4sSN48OZi4pAQEUSV08wYV7pRVxDy6g4qgbzY1v1iLFCp3xE7TEV769IpU3PYE+iGhbBQmwBqfwXOLUOOBUbqWMD0GHux/Pi7hyOXkI/HcUcGAovLn4XvXZfWXcCx7hcXPyslIgxtQsm0qabgPCSfnuVjnXU4+fSRP/wMLjsJID0qMUEiJ7KC4kx0/Py6cAi7O1gSc6O/60mw==
EiFrRppZWOr8L7jg2ghiYszm5hI4CufdcfMjLBAU96kiOeTZ6IfL35wNgT081/bnQ/TNSwqqp43sYmrHkL+2N/MGVtvtONFePihA2K8bZJRKO8VENzkmf6Gl3qYQTQSTGFVU/AliH/WI0XzcQ/3FO2yHH4ZuTro8QPteO88gN40oDYv07pDLbLGEE35vvaNJ/HMwfRZb30zMVUsm5pzPlmXYouo3tS7T4EDYVMCJfJRvhktELZzclI9iIDj4kXHAVJOovZZpxLFlPlDaU9u9pekmadmxvoM5eqPIvVHDTAMMg+Fp17Ss
3sZFRjlzkxVRvCsWRilz68glGN5b3SJ1KkR2ZuSYb3rp38eq74G9m1cIBNvxpOf+fXfsET0QSWKA9zy1yyor8HnCghco/+4HG+Zuy+U42U4GSCjod9vcxCKbXbS/ua7POUV29mgN3GMwdSzsAWIX5fDxVCybvb1rxGeHNubOMszYWzZrd+DvvUBts+TmkMN8iWT7Tjf9G5kU06gNnttX/FQ14/YeXJfmTfha+j+1JsMYYPAkmEmERMfm0/SlHFTkF8LI6EDRKfC8c5CtnmnMoV1eOOqLGwX1gYbxKTk+C4niQ2DtKYOU8ySjmXnftKQ=
Zb3tHdyPWFODwCOc34gahuIx55wYEIsCzE4rQ8FMG3Tbp49Vmh3rZ8cLBY5xvOLPX6jo9YwfqnS6tb1x6aCVuYalcFtoqpsbZHAjR0w3Ewtm0jcI892BJNwrDSpLYDXw9S/Vy2pYbSyWlzlrR1+9POpDHX7YAFzpjM0WhDPdLvUHwHKUiWdthvFD+EtVTfl3GSGaeuJul/+VEbII9Zxh89s6kC3eGw5Hz+OFdBgeR6ehXvI9MFqupmDe8IRVWrMDj/WL9atenitBlrh9RMa8ylQXzAR1n3HXRPX6S8FljjAaLhIuzL3myBZdRoPpGMob/z37hQmVMzIaXZT4c4Sf1prsb5KOQqvdd9VjiluF6eNPFI8ktF0=
vxJG8BFuJenRbjzw23FMxkYOvcSK3KeofQ7Qm6sUu3/df3P61XpxglIYui4vT0Oe84zYtc6KuaCc3UiwG6LlUIcdXiKOnSMwRXHLVjm6lRz72UXWLkW3YHUtARGSfEKhUz8puE/UOkMf75e6SMv9gBzMQp5r1T2ygCE7hSezEkUFr0Y0JJzcdL+4PGRi2dgLpmeaEb9S5t/U37KPPxbqk4m4NZaCOAxgq/ugjMYLGcwTeUJ3fVXSPlRtgGvUxSi0rWK7vfRBsCTH3YGjYHfDjgoOnrScy9IjC8AzNWQdNzwKEK8kDZTfxmvd51FwQ2z1Mps7RJAlR74ivEvuKUheIpO1ihsc0JQsRKm4DGP2F0zJXPgc01KsILzxdXiYgxT18ukgedkuHGJXO3m9ZRa1UZX+5zGmU8QlFePI+8ATnSFztAg=
FH1Y0J0qmyUQohe69ch0ZI9Yc4bJtBXhNsQZZCOU5zAMR8vWzbrMygxwF7xFoyqLYdcULlljGd2h8RMn3OdiA8oxg43QWVD+854wlh+k0SnEHNgagc6/FzoT0Tn4W9U5WBb3tY8WA/dNTQjlfIYw0yABqIU7jRf986Zyfl1d9L1ljoY9ZlL5/wSOWkpFZx41dXV3JRm6knEBEBjqyF9kzzp6o0fq0x8SzhpprRmQOSF0lSV3HTGh08ZU4kTDCT1TXjalRuWVAyjs436RupHHwUnqqORjoVnsbtNwMLqQCFxc+kVA96UXp7f7yxRqvQl0tCO0fNgMbGUQqvU1paFsN5b1ET+K1kK87mDst9Kenv8Kndlibp2HD+fryX+nhPJfuAbjHlvwgj7THG6I38u/t+9UK78Npffm0wq0dw==
i55CkWHexz7SUogx3ghg4I31QOGd+v/IzMBGtjbul5nIi8h/e9irwr+xQ3dYuVuOQoqE7C7H+G3X+dqpG6KjxLeZIO3IpuMS4XN2btbS/eWaY5EQUwqtmdpdxst7xyNnuwTp5NGdj4Y9sdGU0DJ1Zn+EHvl/BfRA3Dub1qygQI/Kns2pwUmaECg09RE7p46h5/OYGdGHn948IqeUHK4xFW6qMQpTR5xK4NPy73Tj2Y5cP994Y7q0IOoMbUsGAECTr4DFGVR7S42U8vLdBgcynR6Yu2KtkcIZVkhBbSdvJq/1ghxuSPgqU1SvrXD1WYIFARBc0PmIuww5qq3twV12W1q55PutyCb9AXIEjE2CzxDojgU1HLeqiHJAQpmewCUuocBfPC5Q5UqqLJrBsxR+G6JZpCl2Ve82+g6Ri98x444DHUOe8T2Qi4Lps1NOlyZLqw1ltB4=
ks+V3IT7C6DRhbVzldr4jMDrQ5EF94tBYKjg3yLfVPMY3YMpEdL6r2ZIBSNTFoLnve/a+viOpITFCqkBvahOhw5dYIuGKzBYdMIfEYKvOILIFsAkQbEOm07uJDcPr8LqExaFYusRdjjCuJwXCO9XWCYhbVNvTm2QojALMDEMnw+m0iH72BUaevvyP6uwKmFTLVpFdAYzcX9nCzWYukc1KlhUdO3caZ7QE8lmUZeEWoDJ88XC4Wew3/UZ8VNJpTIu4jo/e8U1ulxVCCnXy344uZ4PJgNfR81gOErPA/Fa2mmwDoaiMHp40HVO+6cfsaPh68o2b1Gy8OnkkrTuBJNkUHXL2VMU0fIfYfHGFApqurqMqc6MhvkOl8lMQr+vOdPRicEbNkr5HKxTkNdyCqhHhs7WA5ln8Sse+9Hhxx+QJ3C0CQ==
aSHwuX5kV9NUhs9QrS4TY0YOvcSK3KeofQ7Qm6sUu3/df2/7z3wxmh4JtyUuQgGZt4bUq8TVuuCT3V+wHb24TMQQQCyagSkvQHbREjn4ihDyyg/MdViiOnltD1CcIEC1SDgxqUfLMUsc6ZK4Ttu8m0bRV8QlwGH4hyUn1m+uFQtMskctL4LdRbSIO39q0MIculCKCrtS5t/U37KPPxbqk4m4NZaCOAxgq/ugjMYLGcwTeUJ3fVXSPlRtgGvUxSi0rWK7vfRBsCTH3YGjYHfDjgoOnrScy9IjC8AzNWQdNzwKEK8kDZTfxmvd51FwQ2z1Mps7RJAlR74ivEvuKUheIpO1ihsc0JQsRKm4DGP2F0zJXPgc01KsILzxdXiYgxT18ukgedkuHGJXO3m9ZRa1UZX+5zGmU8QlFePI+8ATnSFztAg=
S1OKJvXGqAmHnmPJPkvewe2g6Yrc52hK2d8h3kZgAn4AsPcJ4B38VXUHLC5k/m4Hasq8+Qw2iO9VbeX33XeL1hdMQiuU6bfNWK5CtDXc4DDTwTuflmR3AWBZvR+ojokbEh43o3nCRLDs0+ViTtHDKv1oaj2ps9SYFkzJ1hgI6Fcm2hKRbKApjxY3eUtHP/3caiPdXtggnIkMLVbkM/1uVYdgMnSJB60mceM4a1WtOReZwdpa4k7XHxVxcuj1vKFTW5pQTd77TudPQ8VUGH4HRyE+Mh0wem7G4D6w5FV686MPVcsVqz5ei8E2eF1EJnyq1PeMJHW/MTfElTqrwUVOkJqO0k7MXaZolv0Go+l4ivt/XTulCbXzUpq91JhzpN92Gkwvco4ia333daOqW2Upg8/0zwS0fQ==
Bi4rqPWCPQevko+OhugoACAdx4QG2N/Zf+ZZ4KKXIaEZK1Zdd/jT6CWRpWvvxG1ppto98eCNx2pIxw7FaXCV+Qu2WiXxwrU/39wF/JnTV6MMdY1fy4g/FBCK0jBykxdsanFfhe0rd+xU1B4K4uzpHKvi/j3gyW/iUq+qdzL5Te+NDSR5/5aZUcgr05eM6UXxFVKVAsxdlLM/eZIYOMZyPqrOnmweiH1bo+WpHyehlM+zKi45HbHXmcHOgl1J9Jg28EuUg5L+w7vy589+Rr4psWFEia2c0QVLRcUxfw4w4hh7nU2fdjJFOn0hU8Tkx74NQsX3zSEuCFi71UnAJjfw7IKE+BD0fiW875HHyz9fiwgSabn4XGeUQID4/MnYzvVpHTUc+77x8UMSYhJQ5kQsKyrKrvNiWXnetumXI68PSaOfkAITEIKD4kPEUlJbuC6Upx8POwcQC4NVUWdKG260Kw==
6Qqgx+lY7xMf4tP234NNZ5Y9KiIn37xXW8xDC1bCAbmRQG6voB/umRohmmTQRKYGbKHYeWWriR1Ay/r3hseDRB6BNuxIpDYziUcKOKtIE5m3Oyj3nZuCXgLRXa9edrQpTQDwGWlzexmKz1deGyqOKtww6r+BZrmDg0J+X1vQOj+o5HL9ijSil0xFSl1G2f0Bp6vIqslxa5wLgQ3fth5F5bta7XyoZNSfooMiE/EdQciQuyYbXC2/ilCzQm/kgwlODB8veBOaZGC67P3LtuDw059g1RlEWzvNZFKCXZanYl3O+ItinfES2Qbo0e1Xz9bvhaIMblgYGhPkTx3wZbnSRdEwLNAJqOvM6co9bXE9xptq2fT7vejWPXHS9AzdIh9QuG41NSxX+sii4NIZbmBV7lHgTzw+MNWKGkwqQSN0rtvyeVQpBnU/dqruAQtv0VPOM/1TnuEd4MtyScPT3jd2i3ttVbQu
IrBicaS2Gc4RIGehyDMNQLn15yEku9mOK0Zzl5pxeclndNzL5uRx2C3lEiIOAoHY+sBn1ASEWBeHqURTAHjzv2LNqvU9Lt4uimd5mW6wudj9DnLLSEcp6FLr5LkRB9F/WIqgiEFv5XrQ8myov+ZbZ5BdpCYoy9/TkSZzzXqwiDwcWkXgN0WXh/eby3QqnYmUdIO03Jhs7EXQSvXVZYHsV9ZVEZ9KNsKcrgDs15K+Hh/KPdnCLv0HLycLyZ9npHI/+KbjvpsQAh6TfG7sn+s/Vy/0Kx9NxXfGE+q0lw==
rDHtkPxNY+jf2J9X10oX2i15dtjWGVQfckVhPBGCEPg+mqIfnKL5tnHYlYhrh88j6hiQoyIZMNJ1CC8RjTNsLydWYuKn/25ZLKt6BV5GcYilgzhZ5KJYvO1l2V+KshpQVo17oWlNVU/6PkaSNuDB7nYT9mi474O5kRDCbQX6aOxhSgvgTLaZNYCPDni2iG758kghvkUYY3xSCEFaLiQ24d9cOqtGobipai2Lhj7GfatzOWeep8W/Xsll9BuGYV+zYt9iOw81+bSC
EhZtfIuQiWjcKCjK+tuBvgtiXqaEm0DK2dD3ADeOhGXcRfL+zp802jxTAGu4jROdtMJWDALS3ILpXKtv6g8f81/74ljiWBW0LY93EpQtDgZJ9dmxEd3xF4hC4ECRB0WRRHPsIC8O+xNMmejD75TtKJsub8ckQYYfzpImM6EpFClpCEn8unUp/KRL9BRIBMytwEL13XVpzD8GnVFXml5idD6IbF8CVr53GvWZCv6VJ8c3A8mXd0xSVyhuo3ZLeKL2A/TuZA8Dnz//PGvXna1XLgPitJ8=
rDHtkPxNY+jf2J9X10oX2i15dtjWGVQfckVhPBGCEPg+mqIfnKL5tnHYlYhrh88j6hiQoyIZMNJ1CC8RjTNsLydWYuKn/25ZLKt6BV5GcYilgzhZ5KJYvO1l2V+KshpQVo17oWlNVU/6PkaSNuDB7nYT9mi474O5kRDCbQX6aOxhSgvgTLaZNYCPDni2iG758kghvkUYY3xSCEFaLiQ24d9cOqtGobipai2Lhj7GfatzOWeep8W/Xsll9BuGYV+zYt9iOw81+bSC
EhZtfIuQiWjcKCjK+tuBvgtiXqaEm0DK2dD3ADeOhGXcRfL+zp802jxTAGu4jROdtMJWDALS3ILpXKtv6g8f81/74ljiWBW0LY93EpQtDgZJ9dmxEd3xF4hC4ECRB0WRRHPsIC8O+xNMmejD75TtKJsub8ckQYYfzpImM6EpFClpCEn8unUp/KRL9BRIBMytwEL13XVpzD8GnVFXml5idD6IbF8CVr53GvWZCv6VJ8c3A8mXd0xSVyhuo3ZLeKL2A/TuZA8Dnz//PGvXna1XLgPitJ8=
oe6FOyP9AeJkFXnKZpGhGc7RUkHLkaU+ij8oliEVVX1vSIfaqgD3Pk5qszHHWftGO4kxr//41wi0cQ==
J8RlHtTdMuKTTk5/JDGliY9d8kREad3BNHTEIZs7jcWZZlk5Qb43mQrjeJ2hQ5wjnMPxyQe0fA==
DL2qLvLGdztjL8b9SvfG5oKn4g8vV6vVee0tPEMZu7MgaueOuLGio4YRhSchn7GyarCfBEK86sCzdGqEgaO6K7RUSJL+M9IQLywJh+xBbIJZO9sFbT0VAO+p1648DAmqTVFcp2M4F9WkvTCaX/irX3bhYPoUXON5F+cELtQgeJEVGYfR+4/UIqiqWHxvnrgP+FB2cw1Z30zMVUsm5pzPlmXYouo3tS7T4EDYVMCJfJRvhktELZzclI9iIDj4kXHAVJOovZZpxLFlPlDaU9u9pekmadmxvoc5eqPIvVHDTAMMg+Fp17Ss
/L/9+XEuFsRTOAP+gEgnRp1V23Bq2Cejqn0Lnd7i/B2+f5H78Tth1Bw77frLsBL6att163BontnJl1Fvjw/DKrRrfR7YdHKIyJQpl+mFGPZHbpP+jWSyeD1a0LeUkCAy3dkh4LiWVyM5TRTEcCIl+X31TGfMcuugk6mwP5gBO4r1IrdYLzWAzw6FktT2EdUX7AMl3qluPpuBhpitxBZc2pTnLPR1b5EnhOUam0G1riDanrIezI1GeFZNZtNpSKoLv02b9QnlU0JaTfSo89S/xtpcz6KOdgttt8VDWttVCfOP5G/UtK0=
VqUawAi4zdePUF8RfBYR7N5zd9pi707JhqSFkuSo1OZM1LJ6vnZ9UNL0pNAHQQVJ95wvhFYwSFoHKbtszg0YVG7dr/9/bTiTRD1QWn/4S58WYcu/M1yDufdnpO70IJjRtZknkRuPtOIIKvi8D56YT1jQFjPtWf+MbNWrZoac79aFWMIqF7UOE4DAOBTgiRzUjwbrhA2cPNTv4oB42JERAPQTCH32aSTxxb7wmrPbnWVJpokZ0b6nedojqH2xw2zDbAMBKfe0jA==
bY0SdK31e4V2s6fT08lvQvede+b87MAE6wMGusx17yRDVnNDg2VC0RlxdrKuZa4QlFMddxn1d0bIhB9L742QyURxvKmpEckc6NhWOGM4cHLXoyJRlmTU02hFeO7GLvWYHOnkqsTU5as97ricQ1URr/j7NHf/P6WuMclsmF82Gys8oSh7nywNkOsWb/9U+WanvirmC9ER9BEZsMlEyk3JxNRzNKw4vCwVsHr15QXRLId2JZFv6maCTE4w7Odybl5Pas1Zso4tx39HO8mvB/Sy71jWY047QELOc0xu3H87fwePBKtv7RW3lnPatKc=
YUtjOqObdB45ny2VL9Vxcfede+b87MAE6wMGusx17yRDVnNDg2VC0RlxdrKuZa4QlFMddxn1d0bPhh9L742QyURxvampEckc6NhWOGM4cHLXoyJRlmTU02hFeO7GLvWYHOnkqsTU5as97ricQ1URr/j7NHf/P6WuMclsmF82Gys8oSh7nywNkOsWb/9U+WanvirmC9ER9BEZsMlEyk3JxNRzNKw4vCwVsHr15QXRLId2JZFv6maCTE4w7Odybl5Pas1Zso4tx39HO8mvB/Sy71jWY047QELOc0xu3H87fwePBKtv7RW3lnPatKc=
MbHeMnY/RSIo3ZoHaTDU8Pede+b87MAE6wMGusx17yRDVnNDg2VC0RlxdrKuZa4QlFMddxn1d0bIhB9L742QyURxsqmpEckc6NhWOGM4cHLXoyJRlmTU02hFeO7GLvWYHOnkqsTU5as97ricQ1URr/j7NHf/P6WuMclsmF82Gys8oSh7nywNkOsWb/9U+WanvirmC9ER9BEZsMlEyk3JxNRzNKw4vCwVsHr15QXRLId2JZFv6maCTE4w7Odybl5Pas1Zso4tx39HO8mvB/Sy71jWY047QELOc0xu3H87fwePBKtv7RW3lnPatKc=
pjaNhZPT8SHB94scJKtIgfede+b87MAE6wMGusx17yRDVnNDg2VC0RlxdrKuZa4QlFMddxn1d0bPhh9L742QyURxs6mpEckc6NhWOGM4cHLXoyJRlmTU02hFeO7GLvWYHOnkqsTU5as97ricQ1URr/j7NHf/P6WuMclsmF82Gys8oSh7nywNkOsWb/9U+WanvirmC9ER9BEZsMlEyk3JxNRzNKw4vCwVsHr15QXRLId2JZFv6maCTE4w7Odybl5Pas1Zso4tx39HO8mvB/Sy71jWY047QELOc0xu3H87fwePBKtv7RW3lnPatKc=
WmNCwL90+kgYFRSWOpGM4vede+b87MAE6wMGusx17yRDVnNDg2VC0RlxdrKuZa4QlFMddxn1d0bIhB9L742QyURxsKmpEckc6NhWOGM4cHLXoyJRlmTU02hFeO7GLvWYHOnkqsTU5as97ricQ1URr/j7NHf/P6WuMclsmF82Gys8oSh7nywNkOsWb/9U+WanvirmC9ER9BEZsMlEyk3JxNRzNKw4vCwVsHr15QXRLId2JZFv6maCTE4w7Odybl5Pas1Zso4tx39HO8mvB/Sy71jWY047QELOc0xu3H87fwePBKtv7RW3lnPatKc=
lstyieG4hKs80rYW393dPvede+b87MAE6wMGusx17yRDVnNDg2VC0RlxdrKuZa4QlFMddxn1d0bPhh9L742QyURxsampEckc6NhWOGM4cHLXoyJRlmTU02hFeO7GLvWYHOnkqsTU5as97ricQ1URr/j7NHf/P6WuMclsmF82Gys8oSh7nywNkOsWb/9U+WanvirmC9ER9BEZsMlEyk3JxNRzNKw4vCwVsHr15QXRLId2JZFv6maCTE4w7Odybl5Pas1Zso4tx39HO8mvB/Sy71jWY047QELOc0xu3H87fwePBKtv7RW3lnPatKc=
5UIYukiXmZP2UWn3UV7YIPede+b87MAE6wMGusx17yRDVnNDg2VC0RlxdrKuZa4QlFMddxn1d0bIhB9L742QyURxtqmpEckc6NhWOGM4cHLXoyJRlmTU02hFeO7GLvWYHOnkqsTU5as97ricQ1URr/j7NHf/P6WuMclsmF82Gys8oSh7nywNkOsWb/9U+WanvirmC9ER9BEZsMlEyk3JxNRzNKw4vCwVsHr15QXRLId2JZFv6maCTE4w7Odybl5Pas1Zso4tx39HO8mvB/Sy71jWY047QELOc0xu3H87fwePBKtv7RW3lnPatKc=
yg+/btLu1Xg8UPm+EJJ16vede+b87MAE6wMGusx17yRDVnNDg2VC0RlxdrKuZa4QlFMddxn1d0bPhh9L742QyURxt6mpEckc6NhWOGM4cHLXoyJRlmTU02hFeO7GLvWYHOnkqsTU5as97ricQ1URr/j7NHf/P6WuMclsmF82Gys8oSh7nywNkOsWb/9U+WanvirmC9ER9BEZsMlEyk3JxNRzNKw4vCwVsHr15QXRLId2JZFv6maCTE4w7Odybl5Pas1Zso4tx39HO8mvB/Sy71jWY047QELOc0xu3H87fwePBKtv7RW3lnPatKc=
vzmU6rKqQyXuU0NPIe3f+fede+b87MAE6wMGusx17yRDVnNDg2VC0RlxdrKuZa4QlFMddxn1d0bIhB9L742QyURxtKmpEckc6NhWOGM4cHLXoyJRlmTU02hFeO7GLvWYHOnkqsTU5as97ricQ1URr/j7NHf/P6WuMclsmF82Gys8oSh7nywNkOsWb/9U+WanvirmC9ER9BEZsMlEyk3JxNRzNKw4vCwVsHr15QXRLId2JZFv6maCTE4w7Odybl5Pas1Zso4tx39HO8mvB/Sy71jWY047QELOc0xu3H87fwePBKtv7RW3lnPatKc=
u23Mu2g7zYMLli7Wp/LnO/ede+b87MAE6wMGusx17yRDVnNDg2VC0RlxdrKuZa4QlFMddxn1d0bPhh9L742QyURxtampEckc6NhWOGM4cHLXoyJRlmTU02hFeO7GLvWYHOnkqsTU5as97ricQ1URr/j7NHf/P6WuMclsmF82Gys8oSh7nywNkOsWb/9U+WanvirmC9ER9BEZsMlEyk3JxNRzNKw4vCwVsHr15QXRLId2JZFv6maCTE4w7Odybl5Pas1Zso4tx39HO8mvB/Sy71jWY047QELOc0xu3H87fwePBKtv7RW3lnPatKc=
Td+CVkYsJznbnal2SX1zZfede+b87MAE6wMGusx17yRDVnNDg2VC0RlxdrKuZa4QlFMddxn1d0bIhB9L742QyURxvKipEckc6NhWOGM4cHLXoyJRlmTU02hFeO7GLvWYHOnkqsTU5as97ricQ1URr/j7NHf/P6WuMclsmF82Gys8oSh7nywNkOsWb/9U+WanvirmC9ER9BEZsMlEyk3JxNRzNKw4vCwVsHr15QXRLId2JZFv6maCTE4w7Odybl5Pas1Zso4tx39HO8mvB/Sy71jWY047QELOc0xu3H87fwePBKtv7RW3lnPatKc=
J5m/UnunGV9Njzs7wMKjl/ede+b87MAE6wMGusx17yRDVnNDg2VC0RlxdrKuZa4QlFMddxn1d0bPhh9L742QyURxvaipEckc6NhWOGM4cHLXoyJRlmTU02hFeO7GLvWYHOnkqsTU5as97ricQ1URr/j7NHf/P6WuMclsmF82Gys8oSh7nywNkOsWb/9U+WanvirmC9ER9BEZsMlEyk3JxNRzNKw4vCwVsHr15QXRLId2JZFv6maCTE4w7Odybl5Pas1Zso4tx39HO8mvB/Sy71jWY047QELOc0xu3H87fwePBKtv7RW3lnPatKc=
bnkZf8y7fvM5tAYRG2FzSfede+b87MAE6wMGusx17yRDVnNDg2VC0RlxdrKuZa4QlFMddxn1d0bIhB9L742QyURxsqipEckc6NhWOGM4cHLXoyJRlmTU02hFeO7GLvWYHOnkqsTU5as97ricQ1URr/j7NHf/P6WuMclsmF82Gys8oSh7nywNkOsWb/9U+WanvirmC9ER9BEZsMlEyk3JxNRzNKw4vCwVsHr15QXRLId2JZFv6maCTE4w7Odybl5Pas1Zso4tx39HO8mvB/Sy71jWY047QELOc0xu3H87fwePBKtv7RW3lnPatKc=
7C0SoFaysScdPjdAGSs4Efede+b87MAE6wMGusx17yRDVnNDg2VC0RlxdrKuZa4QlFMddxn1d0bPhh9L742QyURxs6ipEckc6NhWOGM4cHLXoyJRlmTU02hFeO7GLvWYHOnkqsTU5as97ricQ1URr/j7NHf/P6WuMclsmF82Gys8oSh7nywNkOsWb/9U+WanvirmC9ER9BEZsMlEyk3JxNRzNKw4vCwVsHr15QXRLId2JZFv6maCTE4w7Odybl5Pas1Zso4tx39HO8mvB/Sy71jWY047QELOc0xu3H87fwePBKtv7RW3lnPatKc=
C2PvTuIN4t/W893T3L5savede+b87MAE6wMGusx17yRDVnNDg2VC0RlxdrKuZa4QlFMddxn1d0bIhB9L742QyURxsKipEckc6NhWOGM4cHLXoyJRlmTU02hFeO7GLvWYHOnkqsTU5as97ricQ1URr/j7NHf/P6WuMclsmF82Gys8oSh7nywNkOsWb/9U+WanvirmC9ER9BEZsMlEyk3JxNRzNKw4vCwVsHr15QXRLId2JZFv6maCTE4w7Odybl5Pas1Zso4tx39HO8mvB/Sy71jWY047QELOc0xu3H87fwePBKtv7RW3lnPatKc=
5F7kfKUMNebLkLGpfsyiHfede+b87MAE6wMGusx17yRDVnNDg2VC0RlxdrKuZa4QlFMddxn1d0bPhh9L742QyURxsaipEckc6NhWOGM4cHLXoyJRlmTU02hFeO7GLvWYHOnkqsTU5as97ricQ1URr/j7NHf/P6WuMclsmF82Gys8oSh7nywNkOsWb/9U+WanvirmC9ER9BEZsMlEyk3JxNRzNKw4vCwVsHr15QXRLId2JZFv6maCTE4w7Odybl5Pas1Zso4tx39HO8mvB/Sy71jWY047QELOc0xu3H87fwePBKtv7RW3lnPatKc=
fYh2eh+AWOzUc8g9hTohoGfPLwiXzGJ7asw2maiyVZm0eA976Fm93ombt0SAkR9TtdwoXzdGX2aFzSHzsqj80FyiO/XPgM/MI8MSkPt4R43/EWa8/zwb9x6QJ9TVGO2J37/4EYgVRPoGk0uSgKhNUKeJz17UzKE6NTEUl3s4D+Xs3UgK9zhDr27BKKps3Fup3wccHvxgEAGtuU8h44/MUuAK4OyHXpA/4DA+I7XZJ5wEdVNWjtxnBp04atovtTbjKKAgxGjJFOR3poOU1RxkxMcCOAjQUZlQ7DPgzY5p3EGtnuhKO5uVlfHGoQkJPv9pMoPQTbkD5JN046lZz7S0
LfLiZmqIRbM+yuk+89YVKfede+b87MAE6wMGusx17yRDVnNDg2VC0RlxdrKuZa4QlFMddxn1d0bPhh9L742QyURxtqipEckc6NhWOGM4cHLXoyJRlmTU02hFeO7GLvWYHOnkqsTU5as97ricQ1URr/j7NHf/P6WuMclsmF82Gys8oSh7nywNkOsWb/9U+WanvirmC9ER9BEZsMlEyk3JxNRzNKw4vCwVsHr15QXRLId2JZFv6maCTE4w7Odybl5Pas1Zso4tx39HO8mvB/Sy71jWY047QELOc0xu3H87fwePBKtv7RW3lnPatKc=
+I+PgIO5N42/rtQ27n6N5N4DnFxMPp0yvd9yNjrAdnC6xjDwA0F5aitljTXbPXl8fkOoTyzss+vA0hnxjhNSw7QAN/CdoOMNdb9Zgi80b+IIeUshdo3mZQqmKKtFjm5Io4xpMWHCWrzPZnsJOot1OAH5wuUGVplIzTPAeeZ2gjy1tdE/MkKyEH6dIwHh/S1PAo7OMu7w6S7eY06IsL9bOclAyk19SoCsCVrTgMRGoTW4f4YYbpgGuRr4WZ5NSDv8ilhJupZUniH3TOILzhFAqRKdAyZm1lXr28nf/q8V594Rtfw7ftE3c4rPOtuHRcG0ug==
6O0w5rWeBjj6ZYLaKMtWV2fPLwiXzGJ7asw2maiyVZm0eA976Fm93ombt0SAkR9TtdwoXzdGX2aFzSHzsqj80FyiO/XPgM/MI8MSkPt+QoX+FGq2/Tsb9x6QJ9TVGO2J37/4EYgVRPoGk0uSgKhNUKeJz17UzKE6NTEUl3s4D+Xs3UgK9zhDr27BKKps3Fup3wccHvxgEAGtuU8h44/MUuAK4OyHXpA/4DA+I7XZJ5wEdVNWjtxnBp04atovtTbjKKAgxGjJFOR3poOU1RxkxMcCOAjQUZlQ7DPgzY5p3EGtnuhKO5uVlfHGoQkJPv9pMoPQTbkD5JN046lZz7S0
+I+PgIO5N42/rtQ27n6N5N4DnFxMPp0yvd9yNjrAdnC6xjDwA0F5aitljTXbPXl8fkOoTyzss+vA0hnxjhNSw7QAN/CdoOMNdb9Zgi80b+IIeUshdo3mZQqmKKtFjm5Io4xpMWHCWrzPZnsJOot1OAH5wuUGVplIzTPAeeZ2gjy1tdE/MkKyEH6dIwHh/S1PAo7OMu7w6S7eY06IsL9bOclAyk19SoCsCVrTgMRGoTW4f4YYbpgGuRr4WZ5NSDv8ilhJupZUniH3TOILzhFAqRKdAyZm1lXr28nf/q8V594Rtfw7ftE3c4rPOtuHRcG0ug==
BauxmJDhgYRz+Gfe4xqj8GfPLwiXzGJ7asw2maiyVZm0eA976Fm93ombt0SAkR9TtdwoXzdGX2aFzSHzsqj80FyiO/XPgM/MI8MSkPt8Q435FmS5/Dob9x6QJ9TVGO2J37/4EYgVRPoGk0uSgKhNUKeJz17UzKE6NTEUl3s4D+Xs3UgK9zhDr27BKKps3Fup3wccHvxgEAGtuU8h44/MUuAK4OyHXpA/4DA+I7XZJ5wEdVNWjtxnBp04atovtTbjKKAgxGjJFOR3poOU1RxkxMcCOAjQUZlQ7DPgzY5p3EGtnuhKO5uVlfHGoQkJPv9pMoPQTbkD5JN046lZz7S0
+I+PgIO5N42/rtQ27n6N5N4DnFxMPp0yvd9yNjrAdnC6xjDwA0F5aitljTXbPXl8fkOoTyzss+vA0hnxjhNSw7QAN/CdoOMNdb9Zgi80b+IIeUshdo3mZQqmKKtFjm5Io4xpMWHCWrzPZnsJOot1OAH5wuUGVplIzTPAeeZ2gjy1tdE/MkKyEH6dIwHh/S1PAo7OMu7w6S7eY06IsL9bOclAyk19SoCsCVrTgMRGoTW4f4YYbpgGuRr4WZ5NSDv8ilhJupZUniH3TOILzhFAqRKdAyZm1lXr28nf/q8V594Rtfw7ftE3c4rPOtuHRcG0ug==
etjrFtxwM25OIaCkvib5ziGMYcbuM2aFkJw13G5WUo9FcfmNoTHZah0VTGCWTQnKwn4B5I/i3ZS6Qh34bnhvRirpCIBLczl6epJwpz1Qxu8rVL3JFV2UvFG7NIR2dLhyF0IjY4sRjdNskwfYABE4wt4qBUTUXUQmvLC1lxX6uHCbkaEzcI5ANNkbtVvYHaw0x7Jrd3SVCHdnyN0sQ4Lvkwy9Vru23gbHabVkbXHkiWjSSTkYHMeUIEDYfCmYbvUJ3RWcG/5R8SPSQpKwpuQsS+rqLhMi+Xm+dskXw++vScNfsILzUCKDgoPk0rIbGC7wZz+P20ewC+OVceeqW860Sw==
+I+PgIO5N42/rtQ27n6N5N4DnFxMPp0yvd9yNjrAdnC6xjDwA0F5aitljTXbPXl8fkOoTyzss+vA0hnxjhNSw7QAN/CdoOMNdb9Zgi80b+IIeUshdo3mZQqmKKtFjm5Io4xpMWHCWrzPZnsJOot1OAH5wuUGVplIzTPAeeZ2gjy1tdE/MkKyEH6dIwHh/S1PAo7OMu7w6S7eY06IsL9bOclAyk19SoCsCVrTgMRGoTW4f4YYbpgGuRr4WZ5NSDv8ilhJupZUniH3TOILzhFAqRKdAyZm1lXr28nf/q8V594Rtfw7ftE3c4rPOtuHRcG0ug==
iwxe88nh2IWLqx3/EP09+mfPLwiXzGJ7asw2maiyVZm0eA976Fm93ombt0SAkR9TtdwoXzdGX2aFzSHzsqj80FyiO/XPgM/MI8MSkPt4Qo7yFGe3/TUb9x6QJ9TVGO2J37/4EYgVRPoGk0uSgKhNUKeJz17UzKE6NTEUl3s4D+Xs3UgK9zhDr27BKKps3Fup3wccHvxgEAGtuU8h44/MUuAK4OyHXpA/4DA+I7XZJ5wEdVNWjtxnBp04atovtTbjKKAgxGjJFOR3poOU1RxkxMcCOAjQUZlQ7DPgzY5p3EGtnuhKO5uVlfHGoQkJPv9pMoPQTbkD5JN046lZz7S0
+I+PgIO5N42/rtQ27n6N5N4DnFxMPp0yvd9yNjrAdnC6xjDwA0F5aitljTXbPXl8fkOoTyzss+vA0hnxjhNSw7QAN/CdoOMNdb9Zgi80b+IIeUshdo3mZQqmKKtFjm5Io4xpMWHCWrzPZnsJOot1OAH5wuUGVplIzTPAeeZ2gjy1tdE/MkKyEH6dIwHh/S1PAo7OMu7w6S7eY06IsL9bOclAyk19SoCsCVrTgMRGoTW4f4YYbpgGuRr4WZ5NSDv8ilhJupZUniH3TOILzhFAqRKdAyZm1lXr28nf/q8V594Rtfw7ftE3c4rPOtuHRcG0ug==
d1V/gRWol56fXRNPEcpZsmfPLwiXzGJ7asw2maiyVZm0eA976Fm93ombt0SAkR9TtdwoXzdGX2aFzSHzsqj80FyiO/XPgM/MI8MSkPt8RIjyHGe9+Dob9x6QJ9TVGO2J37/4EYgVRPoGk0uSgKhNUKeJz17UzKE6NTEUl3s4D+Xs3UgK9zhDr27BKKps3Fup3wccHvxgEAGtuU8h44/MUuAK4OyHXpA/4DA+I7XZJ5wEdVNWjtxnBp04atovtTbjKKAgxGjJFOR3poOU1RxkxMcCOAjQUZlQ7DPgzY5p3EGtnuhKO5uVlfHGoQkJPv9pMoPQTbkD5JN046lZz7S0
+I+PgIO5N42/rtQ27n6N5N4DnFxMPp0yvd9yNjrAdnC6xjDwA0F5aitljTXbPXl8fkOoTyzss+vA0hnxjhNSw7QAN/CdoOMNdb9Zgi80b+IIeUshdo3mZQqmKKtFjm5Io4xpMWHCWrzPZnsJOot1OAH5wuUGVplIzTPAeeZ2gjy1tdE/MkKyEH6dIwHh/S1PAo7OMu7w6S7eY06IsL9bOclAyk19SoCsCVrTgMRGoTW4f4YYbpgGuRr4WZ5NSDv8ilhJupZUniH3TOILzhFAqRKdAyZm1lXr28nf/q8V594Rtfw7ftE3c4rPOtuHRcG0ug==
faGv1bPg8KLaCgR0J1bG9iGMYcbuM2aFkJw13G5WUo9FcfmNoTHZah0VTGCWTQnKwn4B5I/i3ZS6Qh34bnhvRirpCIBLczl6epJwpz1RzuoqUb/BEFWUvFG7NIR2dLhyF0IjY4sRjdNskwfYABE4wt4qBUTUXUQmvLC1lxX6uHCbkaEzcI5ANNkbtVvYHaw0x7Jrd3SVCHdnyN0sQ4Lvkwy9Vru23gbHabVkbXHkiWjSSTkYHMeUIEDYfCmYbvUJ3RWcG/5R8SPSQpKwpuQsS+rqLhMi+Xm+dskXw++vScNfsILzUCKDgoPk0rIbGC7wZz+P20ewC+OVceeqW860Sw==
+I+PgIO5N42/rtQ27n6N5N4DnFxMPp0yvd9yNjrAdnC6xjDwA0F5aitljTXbPXl8fkOoTyzss+vA0hnxjhNSw7QAN/CdoOMNdb9Zgi80b+IIeUshdo3mZQqmKKtFjm5Io4xpMWHCWrzPZnsJOot1OAH5wuUGVplIzTPAeeZ2gjy1tdE/MkKyEH6dIwHh/S1PAo7OMu7w6S7eY06IsL9bOclAyk19SoCsCVrTgMRGoTW4f4YYbpgGuRr4WZ5NSDv8ilhJupZUniH3TOILzhFAqRKdAyZm1lXr28nf/q8V594Rtfw7ftE3c4rPOtuHRcG0ug==
ZjHhQY7DI3+R4C6q2WW24CGMYcbuM2aFkJw13G5WUo9FcfmNoTHZah0VTGCWTQnKwn4B5I/i3ZS6Qh34bnhvRirpCIBLczl6epJwpz1RzOsrUrHAEFWXvFG7NIR2dLhyF0IjY4sRjdNskwfYABE4wt4qBUTUXUQmvLC1lxX6uHCbkaEzcI5ANNkbtVvYHaw0x7Jrd3SVCHdnyN0sQ4Lvkwy9Vru23gbHabVkbXHkiWjSSTkYHMeUIEDYfCmYbvUJ3RWcG/5R8SPSQpKwpuQsS+rqLhMi+Xm+dskXw++vScNfsILzUCKDgoPk0rIbGC7wZz+P20ewC+OVceeqW860Sw==
+I+PgIO5N42/rtQ27n6N5N4DnFxMPp0yvd9yNjrAdnC6xjDwA0F5aitljTXbPXl8fkOoTyzss+vA0hnxjhNSw7QAN/CdoOMNdb9Zgi80b+IIeUshdo3mZQqmKKtFjm5Io4xpMWHCWrzPZnsJOot1OAH5wuUGVplIzTPAeeZ2gjy1tdE/MkKyEH6dIwHh/S1PAo7OMu7w6S7eY06IsL9bOclAyk19SoCsCVrTgMRGoTW4f4YYbpgGuRr4WZ5NSDv8ilhJupZUniH3TOILzhFAqRKdAyZm1lXr28nf/q8V594Rtfw7ftE3c4rPOtuHRcG0ug==
+I+PgIO5N42/rtQ27n6N5N4DnFxMPp0yvd9yNjrAdnC6xjDwA0F5aitljTXbPXl8fkOoTyzss+vA0hnxjhNSw7QAN/CdoOMNdb9Zgi80b+IIeUshdo3mZQqmKKtFjm5Io4xpMWHCWrzPZnsJOot1OAH5wuUGVplIzTPAeeZ2gjy1tdE/MkKyEH6dIwHh/S1PAo7OMu7w6S7eY06IsL9bOclAyk19SoCsCVrTgMRGoTW4f4YYbpgGuRr4WZ5NSDv8ilhJupZUniH3TOILzhFAqRKdAyZm1lXr28nf/q8V594Rtfw7ftE3c4rPOtuHRcG0ug==
/3ed3xPS8Yhun/404EAevucyidaljCyr1p4csGOxzRAyhfp2f1y8p9hpQDEJyTxC+WxMkQev2UtxjahaZ/fZJl0LW9PDW47LZ3qRc8J5gvuDIBCn5AD8wkAIoUV5Az7vrhcL4ZoBSwZD24/yJJLvBYg5/lyob6jn0MjTRQRBGCtIg+BXgQNRwrgC2grU89ysWh6e2K7s6JnTrbw4n3Wdr4/OsnF7BolcS6vGZgMvc0bYbCXNeBKzdkZd4VS4G+3sudqyZTHB0I1npmqhuXj14livDZ3cU0cqrnifQ8OX1bEDYyxx7pkAfOJC9a2lhIfzhP7wa7J5zQgpDdz6qlkOI6R6fLJrmWcUGq1sjFKNQ1crbWw7qG1sggpMkPnK0aVYBBx3EduX+FYgQKwJyUkL+c8P4AokegTkO37M94SgOpuZmcvkgGX3ntI8G465iK6Cw7Xau+wQBEwUKUgs07YH7DlcSHzDklzAjHElWAhDJJWi6fCZ6W6MQoe7Sd0VVqWxJf2TkbaTdAVlYxgbUFPtgaO02A==
ryQfKkhQlw+NZFxS/P48aMvM6Du3WBENC4feSTn1U5+PoK2qAE4wb1F6OFgzcTDWLrJ5mhIiK0fNnwlRgddCcdCKdK0hRbPof2/tSALMQTGlu7XE4NVtX1SNdJ/gDOcar5cROYd+exGFyoDMQzJgty52ay/ZG/bzG/kxLwCeB0eN0fV/87VtaudwpNc6x/jn76WiXR6b0tX42W/MhdFavJl0kdieh6uwwsgaBHM7tFBTKug/zICn46Yi4PnVbNY7l2Ryzmonn5plsSvIXrcTyiRMLJ/vSNfnh7Yc8RCyYSC7/M8Uc9lr5Z0Beu1ayL+2uJ4do56VQWmNHF5WRRE4aRVHfROKqQgA/cby9RXx/uERutms7emxU/nd9JXkfRtpvczm08zCS5DTOZDvGNFbGrXS16gvxeA/ThXyBHbB9YesM4Vuqd6eq0EWuP1ERrxKVJfMhHUfcVdEdfrLweWOsBquEq7MPeZIFt1GA+mYypv/vfsFCRUzshrdlHhzBJ9WmmxvEo3Gq113VWMKWwXpY0+Uj6S03Q==
F6G5b28X1OMXgNQTm1yLmpC8RlGWCory8KN2tzBCg8jneTSodQLWa+r14iamNU5AxMFluyUkSHBV2klfb/7aap7zAOGi4hQpMjBS7Z2A7kljtMG/uxK9Jyp8B5UUb72qi3fQkcCPOaCq06bo7sZa2Hvh64vcW9Q38dX4SZmi2UtVNnb67fGyeUSoKgf6IwrYyWHWCXqfsiOaY2MLQ+Zi0kCORhue2GAepKzsBHodSX1mHI19f5v1bkjFGU5beFG7HKJRR/GyYiwfOXp64bKczXvwalOP2EP6yNHTSUIpvXZwpauQt5biL7fpnrtVLrSoRedRHzcFeUPWRYzR0th40i9p9+yFB76+Sp8wEZ/M8x3G3ngRbJde2gaGiZF1MMB99gjAZQEjEW1WT+qF/gaQnErd2NlHbH68jaW53ypyOlB2zZshiQ11T9r+JhJWIOHuVlNW6FivY7mxUGLtZToI7AGKq2Ds9nk1YM+u+BZIDvmSiEE+5VhDfLJIodqOZBbh/5xaKyZhmKlKbWsG3oZdq1P5xx7HBd9d6aVUm2Yhv7OCn8K7r/WZtOI=
C2kdPTojWhfqNsyXi2QuA7wgN/6gRZRgZmZXxCG2+l5ECKThYvXVXv5yJGT8IKP+1h809yXM0tiTo07EvLUUI4IEFr/FDUF93pRQ/V/iKjcxyGqsC2xADPd5yvLJW5X04nA5jVWHzfjg6RVjpDEMIwCwnyZfq2kFR8IDrXV2+PCjDhiL3soTk1mnjk/rxUkT4KJ/+31tjcMziRVWF0zca9p7gFsfmdphHqeq6QhlF3BlbSKAaUjp5F470wwydGI4kwfMbKOWkINMPN9fVh6YxTVQrodn2ApyqhvnppWNU3S+C2t21HBUo+90r9t3CmRN8A4ZHEvAtyizZRNZbb0C0br0x4pIImUfHik51X0gJmqlLUDV5fsFr0qVcDwN+opJ9U2GXeGGoZDt1clvCWGMKQTBY1VN8J7vDH4zLCOF6NP47SMmRW6vFK95mIO+KYo4lv2NO1yP/dJp4uaXsSrAQaT6xPakq7S4dSMJa7TJgnchWfaM6pJqkgyBnvTmYT4/CaSypw8Bg7mJqUsO6uHsRJM45+pq0BeuTfrTYYdpG7a7uZHfv6j3mLTh
YswbHwS865fQk+G99g/F1NUcXHu9c9WIjooYV/i4fr0UR0YTd5dqq+2+gKVlkvTTZxKcwHPsh0izbGC/FZ0OiN5h0Tse1pQcnyuiFolcqBPuaX7zhyAUrxgQ0LpkKEWdVXNiJ2rXT6nGsafe57vrSsgCU40MuXrUFP/EXzQodx1o8cTjjMOkH13zfZrcIv7y+OOgpF4emtDS/MRh943YYLOFQefLjna5p7blBO9LIt5vv8/OXOyhRcSCX84iPUWMVKuxpP0adq1tsfxVg4ZO2ZVoCepcrwmVIENrUopYe5vv54l5x6NoObIp7KRGIpEVSRQ7ewB+dOMO6aGwze14osbp0utgOjj6t2lLTH6NSHR+nT9fL21oM9R9QHoubPSh5iF5EEBcs9kHJ5QOhKBIsaXZt3FLj2SCmOroXF8eaC9oEGbT3VkPLNwV20Y2HD/2lZhSise13rMQACg0MAms9P/GWyT9nAw0nyKwGCgRQeDk05gdJml0EVX+4PpjW+2FeeZ5eeG919lqY1hdAUM843xDkYmntNw=
/zJTAtL7a2nY2Ke5YVgbSqICD28adnpdb5oJScb6zlIUILI+L7LV9EmgYWdPkbNOUz1zmARdQEvSCSPT/vfWC5stdbQO
unqfdrdlu2I8ZMEFKWrNdnJIo5j2Walj3B7BQKFnm9gUCLqigLg+vqMqQZeyzOfH8znnnifFP1hIZXQbBmHfs+Lf4juPNXm0Ag==
TU0Dd7RBKxHQKAkR4uGWoaMCD28adnpdb5oJScb6zlIUILI+L7LV9EmgYWdPkbNOUz1zmANdT0vSCSPT/vfWC5stdbQO
B5CUD/gWtxUri0YcW1FgPnJIo5j2Walj3B7BQKFmm9gUCLqigLg+vqMqQZeyzOfH8znnnifFP1hPZXsbBmHfs+Lf4juPNXm0Ag==
Umft6/KtZeWcPcYaG8xU+pOZRPTJsK8yXGGnflNmzC2IcrOAl/UJ/HEJkG1pKoKCjRhGHD/iDc0RbYoOZggiEC4vQxwm7NhgoxVTT2Do7e5SjOE0wh71WMWSfN+qUcLaXpssJ8RmmzZWQgWxK4TkQL7RIscVaZ2PC0+Jux/Pi7hyOXkI/HcUcGAovLn4XvXZfWXcCx7hcXPyslIgxtQsm0qabgPCSfnuVjnXU4+fSRP/wMLjsJID0qMUEiJ7KCsnx0DPy6cAi7O1gSc6O/60mw==
Jj/oq3GgLbSiSoSxfvr8PrdYHG2maDVWLZ/aXD+O3IplyiwYMmOEC7XmhRcovUGrRcNcd0i1NG7K/9Eb19I/G994FgUr9grCKHKXAytVXPbt7FaK6T7OEOVq0WRk5bYv4vg6fQQNKAir5CKUPevX2qSC+hfqjdknzX1f+VHBw3HrWtafkWJQ2WTi1L5EI0TAdVv541SBkm/hwWbEyppaKow5rvzGqa6nSbyib2+J80GJUTuGiin8XNOgdyJK2CcWy0XjZqchiy57oYGXXyAH4LSZ
Cd2KfMxhHwQRzJTx1H+lWQrAQOizG5Pr5Re5M2uPKI/Ghd50zzJOTQQrskwQpo+scjmuolD2SS4tvZssecqKUoqDsLeJkHug+RmOr9Led21v0A9lsUSZfdFPGfBSJN5Sa8zouJJSkQOPzDmZDLV7ROFcsoZic441JuEkJRZxIDvpgGrN3YqgrCmacwBkhoE1mL8mmM5YJrk6OPke7Ygb/OqYqTr2lH4hl4wCi67RoKly3eOmBpa167uJP37PVQfbNvVTu96RF3Oqj5pbJwXhtJo=
MibhZn2Q/zUDFlNO0uensgrAQOizG5Pr5Re5M2uPKI/Ghd50zzJOSwQrskwWpo+scjmuolD2SS4tvZssVd2KW5aNp7eJkHug+RmOr9Led21v0A9lsUSZfdFPGfBSJN5Sa8zouJJSkQOPzDmZDLV7ROFcsoZic441JuEkJRZxIDvpgGrN3YqgrCmacwBkhoE1mL8mmM5YJrk6OPke7Ygb/OqYqTr2lH4hl4wCi67RoKly3eOmBpa167uJP37PVQfbNvVTu96RF3Oqj5pbJwXhtJo=
YePNtnmO1xJ+Ht9iXApJ0Mrmgzagdknn82RFyFPR0nlDamTtXZXa8OENv3+2lUppGbO3/vFDXMH8JAsx50lOu2hY4myYn2OESbCLDYSn2Np1bW3UBW27UOtt41vz2HjAvHKJqMKQ+IajU32Yc1FGcbkEI5j4TignfGWUNU6NvBXCm4tkwGU3HhI8Ww75iO4CA7UaO6wQRMxUKYisE7ZHbHlcCPwDkpxAzHFl2EhD5BVi6bAZqW5Mwke7iV1VVuUx5ftUEXmTNIUlY9ibkFMtAeO0mA==
D9CA7QB6QVRqQlDjkNKHLwrAQOizG5Pr5Re5M2uPKI/Ghd50zzJOSwQrskwWpo+scjmuolD2SS4tvZssecqKTJeCureJkHug+RmOr9Led21v0A9lsUSZfdFPGfBSJN5Sa8zouJJSkQOPzDmZDLV7ROFcsoZic441JuEkJRZxIDvpgGrN3YqgrCmacwBkhoE1mL8mmM5YJrk6OPke7Ygb/OqYqTr2lH4hl4wCi67RoKly3eOmBpa167uJP37PVQfbNvVTu96RF3Oqj5pbJwXhtJo=
ZTi6rqGKGmfSrn3sz2Lz9srmgzagdknn82RFyFPR0nlDamTtXZXa9uENv3+wlUppGbO3/vFDXMH8JAsx9k9MrmxM4myYn2OESbCLDYSn2Np1bW3UBW27UOtt41vz2HjAvHKJqMKQ+IajU32Yc1FGcbkEI5j4TignfGWUNU6NvBXCm4tkwGU3HhI8Ww75iO4CA7UaO6wQRMxUKYisE7ZHbHlcCPwDkpxAzHFl2EhD5BVi6bAZqW5Mwke7iV1VVuUx5ftUEXmTNIUlY9ibkFMtAeO0mA==
SqTvNQck1DDhVKa1XU3RcZOZRPTJsK8yXGGnflNmzC2IcrOAl/UJ+mBRyH1/IdbdihtTNXmBSo8GNZ1OYjolBjsyQxwm7NhgoxVTT2Do7e5SjOE0wh71WMWSfN+qUcLaXpssJ8RmmzZWQgWxK4TkQL7RIscVaZ2PC0+Jux/Pi7hyOXkI/HcUcGAovLn4XvXZfWXcCx7hcXPyslIgxtQsm0qabgPCSfnuVjnXU4+fSRP/wMLjsJID0qMUEiJ7KCsnx0DPy6cAi7O1gSc6O/60mw==
H+kVNHlK2VY3FGAIsnxK05OZRPTJsK8yXGGnflNmzC2IcrOAl/UJ+mBRyH1/IdbdihtTNXmBSo8GNZ1OaykvGzswQxwm7NhgoxVTT2Do7e5SjOE0wh71WMWSfN+qUcLaXpssJ8RmmzZWQgWxK4TkQL7RIscVaZ2PC0+Jux/Pi7hyOXkI/HcUcGAovLn4XvXZfWXcCx7hcXPyslIgxtQsm0qabgPCSfnuVjnXU4+fSRP/wMLjsJID0qMUEiJ7KCsnx0DPy6cAi7O1gSc6O/60mw==
atwcOD2SY3/Yby7rUiFnmiQc5e7WOA7n1CvdZh96oTD1rV0HTEuyM4DXuP8Dy22p7BbOLNBukuCfW8hKaUayswWJ/dObssB2+8JiJggWfzc7oVTy7ehefvkKJnTFjrlQtJF+66I88gnUuUDsC4DKIK0fX14kBnLjejkxQ22ZN02BtQu1q54e60FWOD1EhjyKVNdMxHVf8RdEtXoLwSUO8Bruku7M/WaIFh3GQ+nYStv/fXvFCdWzchqdFDhzRB+Wmqzv0ouBKxJ3FePKW8Vpo0/UD+S0nQ==
tspHGNrP4XE3cv255i8fCxbMBUkk56JoMo3o+dnoK8mFmK66GUBLffnl7KyYdvof/EeH62jWAtWSqH0GPVP/P4X7zCg163qjdliZ/QWWFRF1/cTxydNkZTXjqDtgk31hU7Qo
