hLHjH/H34xOboiDui1unBGloZw6ZLDXRZHm/x5ef+iwTGScu/vfDCWIU+VPtSgu+yRPrDCV3TuQ7TPr3hKA6m5mZy+SAZfee0jwbjrmIroLDtdq77BAETBQpSCzTtgfsOVxIfMOSXMCMcSVYCEMklaLp8JnpboxCh7tJ3RVWpbEl/JSRuZF0BmVjGhtQU+2BpLPN
ra9SZXWP5hr1Mos8aDaFK26vtNs+vJug8bKCveqvQ5c0+4TzfueMBHhlX59iZyNrBcQv1MmNnttiqZx7FdjeHakiDMzFMifwMD5dNUQHcmia8MrZlpCNzlnQ57xWQN3qQvySgTtkVjt6qXwpLiW3FtL+GUvXYYsuOw27HEot5+kqOruTxCdOK/O9urPT
nB56R/6WgSK8woukDp5cQRe8EjC2KwZWKUoO3egljn/Xc90Rg3EqnLXkzzncNTFdAFkvrJ+C833jwEkjeqqUZmQyEzFJ991T8k/4NIxdIx+bWlVb8WyjdAWliou2MQA7CcCKTT3KQKzJ2pOAhMZhNXj/xhguGMa52ngZng3I+/zK2Am6VtReIbfMogsOkYCpUh1DJqZWleubSZ/+b5Un3FY1Mzm+UndzyE/620fFhrPv
oCH43siqxrB2QaS8MWBYaO7D2JqtgrZGSYjsp9stqfFAL9f2f4CVt+e6Tr6sqtMzb6VrZavO/vsBplgNxPYcOhTH7JR1D1EHBAVae0EVbgBa/nK+zC0GmNZtJnNpKGprP23bFQkFE2LaLTTI83T/5lq8jwKM0csCNeWA+tu3SRMPxK+zs9g=
mq4XyLxVn+ddsvse23M72Li1p1LxvBwF+ypLATBpetCEk55uWZHokvt54bUQi39i/x08E7f+BuqMvts3f4FDMeuaVl+RItCZZKJUfkTjxIB1G3kjVEESL+GB5oTKWtrqjHkuvMZpLmdJfCIvb8lzgYmRu8aKaXyc02D34kqYp1bMhWOmpWEIbnvjAVdf4Iens8w=
xqRiVenwaITVzG9odzN1SLi1p1LxvBwF+ypLATBpetCEgpZgX57pwPt54bUQi39i/xw8E7f+BuqMvts3f4FDMeuaVl+RItCZZKJUfkTjxIB1G3kjVEESL+GB5oTKWtrqjHkuvMZpLmdJfCIvb8lzgYmRu8aKaXyc02D34kqYp1bMhWOmpWEIbnvjAVdf4Iens8w=
DAgcuWsfLQLXoXjQtoMPTIW3ixBd6m7NLtX4MNs/o0gILlw4AkmLrd8u+MdVA5bU5gt3NUWNTgEsn42zpnc0ZDC1t58IMuqLvVR3FDG9hruqWTT7fWgWPbFSNAwdol9Q+O51NWzXusjiYBIZruCV7pFgjzz+sBWKWsxqQWP07tuy+RQpxvX/dmpuwQuvUZPOc30TnKKdr8kyyoPTnLe2i7vtkrP7
sBUwd04Jkagk+8XrIkqCA3gLjywnloxrk8Pu8NPhv2YAbrKxQMdZU5IPGLTsHcMf/Zq225GsQ3RlZWoL1vHgOykAKs2dCmCs6RozACQGQTVYP2aYjtjmufq4uR6tCNv8KhhpOrYUPiFXDMKL7lHgqbJdI6ZGFvXrewn/fo/VR9x2dZO5HhJXc+gPWlvnhaazzw==
dQc9KLLjewJZT4S3xUD2P4GCp8oYRpjxaAtkPCJTtFu6XjAAEFttMn6KvbjMU4TkD89Fc+5H3ERIhU+fdgISq9Vkv1R5bW4bMsmse+X4jl0ZgvxMVVJ3MMAeTTVUJ4KoypBaWWYwPY4J8Be8ZiCNKrIcIgGrxIb7SslsKT7Fh1aCXonLZwH7buvtixw6DTcpmprLE1THnmuDnaqzww==
qlJnrZdabf+v0T4bpUKDovn3lhGrsRwF8yhdE2R7eYCE1tMnDd+9wPt54bUQi39i/xg8E7f+BuqMvts3f4FDMeuaVl+RItCZZKJUfkTjxIB1G3kjVEESL+GB5oTKWtrqjHkuvMZpLmdJfCIvb8lzgYmRu8aKaXyc02D34kqYp1bMhWOmpWEIbnvjAVdf4Iens8w=
WbCDFC792LYQgLANi48dvjROz3V5loxgjNPpotry8WcKJbKxQMdZU5IPGLTsHcMf+Jq225GsQ3RlZWoL1vHgOykAKs2dCmCs6RozACQGQTVYP2aYjtjmufq4uR6tCNv8KhhpOrYUPiFXDMKL7lHgqbJdI6ZGFvXrewn/fo/VR9x2dZO5HhJXc+gPWlvnhaazzw==
BHGp/6e1d9ae5iYqimELoRElJB5eNNrgs/AXBN8lcBPaXyCUBO3bH+Tr3vupfIu0rdUya75hWLvRkIJtxXoo7CHKy+AMNlk1QA9OeHYILvmyyOG+BZgjfJKIAVrupPbhn9z6q4Yh+KmqrcuGfka9qzO5J55nRf9cDuU7Gcbin7OgXyI7z7W+s9c=
zXC5qy5YNb+HYIvcUg8HrngRgyEl18UjjNS3/Z++4DQCd/OxQMdZU5IPGLTsHcMf+pu225GsQ3RlZWoL1vHgOykAKs2dCmCs6RozACQGQTVYP2aYjtjmufq4uR6tCNv8KhhpOrYUPiFXDMKL7lHgqbJdI6ZGFvXrewn/fo/VR9x2dZO5HhJXc+gPWlvnhaazzw==
bPktd82wk8UlW1Wt9N83rUWCGUXZ8UMuBD2+Sabp8XoRU+K4tOOEF2L2JzgWzNpxgI/qhdGtI+8HXsNcuOSeJ1zLppB76DGgBp6rr30vWGV7AD/9sXhv4BK4fAinjZePJ/NLHPqVqVzka/Q0iKRMzQAi9b21CUyfxr1Rd9r+4pR+aGy/QrY+11rVmSo+Naen92PJ97cs0vfoTqNWC9giFkMU7INP7B2fvBxr9V0N107DhbPq
ET+xzXY8FTVI9M/PE8i/f5R0AzNLqs4UOYXfq//moyeKfIr8kNuGy84QIAMCGs8OeZLqgJtVOXmg5+fuf5mlfgcy3sbsksM7T+0b/StWDjMhrkg1BA6MsnSP3Ix1F2FPZI3Kg4Etfgh6NoImTLV20PZlNkspUPrj36XrDQkdI6o6paSws0zv7nr0/5oMSTvKFe2QwhtP2ZtvjJ+rs8A=
cXGBp9uFYOIDF6Kt9dr3AchLtZRkSHsPq5a2KMm5p5f/2tsbekDywHDn/vc+LFg/wqa3sokukjx76UHFUFufUv8l3cL3jqZ6DC67h79RY0HranYP0ZIwCeQy9I6Es6SwdSsZc5Sxsr9hEQY0igr6GowJDmwG2U73yeyCXy8Zk7GJoVsWyhncDFPwl1KKSIcmzHVD9uXR6P77c6Gnn7Dnl7P8
vN98fTTKdMPQAbZfScVX1Kl0MQFl0D31hDMPLK9FNCEUf1tZlP7FbFv4bnSAgtHuTFI3JS0du/yXg1A7Yrz2+fFfRH8tU+sYgaRHEVDjDLWSm9uEsKUn/kK86y7JyH5i87XqWzxQdOzkqdhMA3Y3jClcWFyz0oxgHPGVuLgDdLVS6YC5Oa48Ijc72X1FllWRNfyEcYnRJOb142q7oJO94ZSz/Q==
uMazsOxnkRH39nfb+hiQq3IZ5aWT8Vy2T327gKoywbejlf/c1xFiXubSQJHCDRZCfN2igFuY8RBmDis/nZ8YlVsQP+ORiC9Q8ij8mMc9V/8H40sM2uVp7IT7dKRoFAw9IDL1rZX5DC8mLdHnuk4i5F54bK9ixv5nOkUZut6F51fXc8nnl9ySRwjeI8ZraOJmYwTsk2+c3S/cjOtlvb2XvuOVs/o=
2rM0RP79Fayegr6jDpA1zngLjywnloxjkdX8pN7ooTQAaPvlDpIrU5IPGLTsHcMf95i325GsQ3RlZWoL1vHgOykAKs2dCmCs6RozACQGQTVYP2aYjtjmufq4uR6tCNv8KhhpOrYUPiFXDMKL7lHgqbJdI6ZGFvXrewn/fo/VR9x2dZO5HhJXc+gPWlvnhaazzw==
XnPwmE1vAvrxjyp0KOXPvcYbuaFCYaYHVWUvS1l+4LHjAmChFErLK5XjKFGDvL9eflt/NMok3MyPgad7n4+L+PL5ech8NxQw4Oi8eXge9Zn9pdzLnqFxM3JyUuBGlCzbylpuw0IJ+a7W+deTD99JU38AwiMw0gOSI9QS4vtoLGdHgM0LJECL8TVBJ/q7ubPO
O+34er3nEYEvhL0gBcUN/eCy/uWPZEHxaQIr310/mPUbMD/J1uev8DLI/PiHndcfx8NLLBoF6UzEm3REqLSMXWAS9Y3VmYyP5s3Rh/ruogSeWGyPoiZ+x3olGVoeJWc3l1PJx9e8EufIPiOmK8hihqMk7LOvfF2PnOzrhX0dF96jtbPa
t6403x9fE7E+sqL0aREkPyMOA3KHsRrzm4Nw+4I8VrmRX6+4gtOLWKGkp9EwY6x1cpv7xNAlhz5ivItuaUieotO1ypvc0NSshKn4jKP2V8wJXLicE1LsoPzxtfjYg9R1sung+Zku3OIXO7k9pRb10VX8pLFpUYSm1eOKewAT3aG0s90=
anR6pn19jqDuOObkC75GyOKy/vSNckXxaQIr310/mPUbMD/P1uev8DLI/PiHndcfx8NLLBoF6UzEm3REqLSMXWAS9Y3VmYyP5s3Rh/ruogSeWGyPoiZ+x3olGVoeJWc3l1PJx9e8EufIPiOmK8hihqMk7LOvfF2PnOzrhX0dF96jtbPa
J5tZgVM7OczHSGlnt6Z9oyMOBWSbrBrzm4Nw+4I8VrmRX6m4gtOLWKGkp9EwY6x1cpv7xNAlhz5ivItuaUieotO1ypvc0NSshKn4jKP2V8wJXLicE1LsoPzxtfjYg9R1sung+Zku3OIXO7k9pRb10VX8pLFpUYSm1eOKewAT3aG0s90=
MrwbCnW0QegviuIuRSH9IyMOBHKJqRrzm4Nw+4I8VrmRX6q4gtOLWKGkp9EwY6x1cpv7xNAlhz5ivItuaUieotO1ypvc0NSshKn4jKP2V8wJXLicE1LsoPzxtfjYg9R1sung+Zku3OIXO7k9pRb10VX8pLFpUYSm1eOKewAT3aG0s90=
RpaP50mpSnsk1c9naovxnlpNYWhhDIQ5FscmR6mr5pISLjUnUigsBtMtbTM2l+QkYJVHn3IRNUvtNOeUgd02e5o5JPttSGb9QfJEjI0CDxAoDkU1XDdqiLLAgpneQGUu4UCfPO7QJUrqrNrB85S+G2LZZCk21a82uo5Rix+xI45DnQOSsr1fiUJqc1MMF2ZL642is8s=
7pxsJvmz5cM/F8Fh9Zx9c4x9cqSYstd9dHPrXggpFH5kPsXg0HVH3nM1KeOm5+FzGwzWI9EzWtMC76j0vD0zH4q4aRshzNP0lcU6S+YR8Ds5INoNzWrQLHm6Q0D05nE1aN+22P54djlK2OneXSjL/Dr4WXrmtM6hx2xySz5xkKlCfXPm9vZlawupL76/tVfSZlXj+c7y5/N4r6qbt+WWs/8=
rxbgBktI41tWIqzIS/mJRyx0iMtyzpKnKxEHndit9UtmSgFhx86veetyFngcdiXUh7vagI7yqmVIbuKSmTCmD+YOoulaPhfxfpz11RxnkYBW2y+qzos6WITnp3n1mL6dSeJszCXyh3CQ/n01ZMfS6DowKtn2UG1OOZAHvHYAfWrivLKBGyQ2u5rpHCnO5deWMj45S/ehK66bzZsSKu0HaUp6W5OkZ+6rU/2as/M=
rxbgBktI41tWIqzIS/mJRyx0iMtyzpKnKxEHndit9UtmSgFhx86veetyFngcdiXUh7vagI7yqmVIbuKSmTCmD+YOoulaPhfxfpz11RxnkYBW2y+qzos6WITnp3n1mL6dSeJszCXyh3CQ/n01ZMfS6DowKtn2UG1OOZAHvHYAfWrivLKBGyQ2u5rpHCnO5deWMj45S/ehK66bzZsSKu0HaUp6W5OkZ+6rU/2as/M=
o7VJVzER7OHFJGNiiH+DZy15dtjWGVQfckVhPBGCEPg+mqIfnKL5tnHYlYhrh88j6hiQoyIZMNJ1CC8RjTNsLydWYuKn/25ZLKt6BV5GcYilgzhZ5KJYvO1l2V+KshpQVo17oWlNVU/6PkaSNuDB7nYT9mi474O5kRDCbQX6aOxhSgvgTLaZNYCPDni2iG758kghvkUYY3xSCEFaLiQ24d9cOqtGobipai2Lhj7GfatzOWeep8W/Wsll+xmGYl+zYN9iOw81/rOX
AYxUOhXGXih/5Uq2hr0NUgtiXqaEm0DK2dD3ADeOhGXcRfL+zp802jxTAGu4jROdtMJWDALS3ILpXKtv6g8f81/74ljiWBW0LY93EpQtDgZJ9dmxEd3xF4hC4ECRB0WRRHPsIC8O+xNMmejD75TtKJsub8ckQYYfzpImM6EpFClpCEn8unUp/KRL9BRIBMytwEL13XVpzD8GnVFXml5idD6IbF8CVr53GvWZCv6VJ8c3A8mXd0xSVyhuo3ZLeKL2A/TqZA8MnT/8PGvVna1XLgPls4o=
BH4SNBbUhYeZS12cKc80Wz3aZQhjaWgb8DMIegVWwda7ZiBSHhiiwBBgiCLP7gmMt+SdIhbFOtLHg7dAVURzaWwTIN3GWw8s3BXbRjYcP/aVmFKKx7XesxAAKDQwCaz0/8ZbJP2cDDSfIrAYKBFB4OTTmB0maXQRVf7g+mNb7YV55nl54bnX2WVhWF4BQz7jfEORiaCzyQ==
w4rxKOa9H4YhPZdf3M1DfIzooqvUB6SdCKjOOngaAo+I66jxtlm8T+CSpkJSRtDCSDMu2fTe74BSWHxoZ20XL+fTSzw6NSm8JAv01MjEzG1AAvWd9anM/4ZdURcaHmI0vkhsn4IWvjeatZnKflUnB7dDydf3jFKXqK6jNss4oraDNOmkj0ydf3x8axUdbVfug6Wzyg==
291ROA05JDPY0LQFQVaH8hHwceNAc3KpuDEXxJ2rN7XGfkhz0iuOF6vpTz6fdbfewRWDee4yB/PY78oblyV2sx8=
CGmWENFZ+F06r8lBsA2NEJxwDztOnp0ON7iQu+WvwCXZRrbSoc6V2c1VZhwUWYUOcYbho/YMaV+Uyv2Xecb/IFsyx9ehj4U/TKsV5ilWDjMhrkg1BA6MsnSP3Ix1F2FPZI3Kg4Etfgh6NoImTLV20PZlNkspUPrj36XrDQkdI6o6paSws0zv7nr0/5oOTjvKFe2QwhtP2ZtvjJ+rs8A=
zzuueOZAStPKPQwHhxLf9105Py1aaNzzMwwjLNhrf5S30hREBGY4/OBx5pCqvYS3J8iWzjaHOijYFxtPDAtFumnwI1R2QY3oC0ze+jAPOXVnzsM2j8Wa8dXp9tVj2OFvJz2PCRKnjLeSCcx7xbhu3blC3Ey1EtewoN5tNXTn4ihq0LpZRvCdDumwN7wG4C2qUtxCAYuEZnvqCQwp3oUn1uKeqcuHQZvuS61rHh3NV6k62usTNAc+62PdirPj
p4Atta9KbTj9AUj9iIlUrCld1vo8sT8wEDoMD3CO6dQUHX2Wli7e34zSDVJ/wTfc/9gnCuow1w5NWpMOBQlY1rsb0f8/iDd/sxQ=
Po7S3dTO1HfUMDrFtheeQJyzTw1KpHa8NZdfPKyFLM6+mdZMJwQ87vO+ipIeRCnpyy1xpKqO52G9GRFlQwDo1E201QNUR4eDlRVfhuso4ibjRO3U79zdb1zM66U9fZd+Y1WzOg==
4XiGymeDBKX4xgMonLE2cDHe5PvT8cM9bd3TNrhiRmGEUl4WDWXH+KO1gUJbRB/lHPVaIXV43ZNcSzZJPGnr1LFjUzUiNmRjrvMKd2/RU84z/VOd5R3vyXJKw9PcN3aLe21Sszs=
H2WFodlsBzv/Q3fZfaz7vCy9lQathGIWMZ3jiGd9LSL3zJt1uC0GYamguYNYQ1pp0KGvZFXbL7XejgDTartmV4PZV97XpQ9dOUVLWfbCbzNwfzJ7XxVuswc=
7zKG3RfzBI7Wus9lR6jrp8kSiGRQhmA3s5FmFjWV/5iLRUkCE5S3hYRlwqHt6EUzNJv+CXRZA/TJU6s1WgacQ8bDwrcngbtuq23LHX2NdynaGgsTlEdea0MdarMD
yeeFqgONOtqv9/TQ+lT0fuAhp0FhtEEthJFmFjWV/5iLRUkCE5S3hYRlwqHt6EUzNJv+CXRZA/TJU6s1WgacQ8bDwrcngbtuq23LHX2NdynaGgsTlEdea0MdarMD
wIpBkatwnvIWHiL01cfVKPrAoBn2jzM/4JazGXkAHcm/smU4IR0iiWTBSwTja+I3iLmCFVUsDx/t9RxKWpuQjzSHUa1tNo2B7X1bYVExzDZ9I2JLSHNFEWyzBQ==
GJZsUa+VORwzK60I4s7ZMix0iMtyzpKnKxEHndit9UtmSgFhx86veetyFngcdiXUh7vagI7yqmVIbuKSmTCmD+YOoulaPhfxfpz11RxnkYBW2y+qzos6WITnp3n1mL6dSeJszCXyh3CQ/n01ZMfS6DowKtn2UG1OOZAHvHYAfWrivLKBGyQ2u5rpHCnO5deWMj45S/ehK66bzZsdLe0HaUp6W5OkZ+6rU/2as/M=
2X5f7FRWW0m5ratN6sJjAyld1vs8sT8wEDoMD3CO6dQUHX2Wli7e34zSDVJ/wTfc/9gnCuow1w5NWpMOBQlY1rsb0f8/iDd/sxQ=
lJP1d1JUGG0EbYUgRAs2XOcyidaljCz63c1NsjzgnhVhg6l2KA+7/thoFDIJyTtI/jxMmlr8jB8lgaZaZ/fZJl0LW9PDW47LZ3qRc8J5gvuDIBCn5AD8wkAIoUV5Az7vrhcL4ZoBSwZD24/yJJLvBYg5/lyob6jn0MjTRQRBGCtIg+BXgQNRwrgC2grU89ysWh6e2K7s6JnTrbw4n3Wdr4/OsnF7BolcS6vGZgMvc0bYbCXNeBKzdkZd4VS4G+3sudqyZTHB0I1npmqhuXj14livDZ3cU0cqrnifQ8OX1bEDYyxx7pkAfOJC9a2lhIfzhP7wa7J5zQgpDdz6qlkOI6R6fLJrmWcUGq1sjFKNQ1crbWw7qG1sggpMkPnK0aVYBBx3EduX+FYgQKwJyUkL+c8P4AokegTkO37M94SgOpuZmcvkgGX3ntI8G465iK6Cw7Xau+wQBEwUKUgs07YH7DlcSHzDklzAjHElWAhDJJWi6fCZ6W6MQoe7Sd0VVqWxJfyTkbmRdAZlYxobUFPtgaSzzQ==
bg84WVEJJaqUyuKwtlI6BMvM6Du3WBFcANSPS2akAJrcpv6qVx03NlF7bFszcTfcKeJ5kU9xfhOZkwdRgddCcdCKdK0hRbPof2/tSALMQTGlu7XE4NVtX1SNdJ/gDOcar5cROYd+exGFyoDMQzJgty52ay/ZG/bzG/kxLwCeB0eN0fV/87VtaudwpNc6x/jn76WiXR6b0tX42W/MhdFavJl0kdieh6uwwsgaBHM7tFBTKug/zICn46Yi4PnVbNY7l2Ryzmonn5plsSvIXrcTyiRMLJ/vSNfnh7Yc8RCyYSC7/M8Uc9lr5Z0Beu1ayL+2uJ4do56VQWmNHF5WRRE4aRVHfROKqQgA/cby9RXx/uERutms7emxU/nd9JXkfRtpvczm08zCS5DTOZDvGNFbGrXS16gvxeA/ThXyBHbB9YesM4Vuqd6eq0EWuP1ERrxKVJfMhHUfcVdEdfrLweWOsBquEq7MPeZIFt1GA+mYypv/vfsFCRUzshrdlHhzBJ9WmmxvEozGq1J1VWAKWwfpY0+Uj6OzyA==
XZ/cBUUnyFAxJI8ay9oIdpC8RlGWCoqj+/AntW8T0M20f2eoIlHRMur0tiWmNUlKw5FlsHh3HSQB1kdfb/7aap7zAOGi4hQpMjBS7Z2A7kljtMG/uxK9Jyp8B5UUb72qi3fQkcCPOaCq06bo7sZa2Hvh64vcW9Q38dX4SZmi2UtVNnb67fGyeUSoKgf6IwrYyWHWCXqfsiOaY2MLQ+Zi0kCORhue2GAepKzsBHodSX1mHI19f5v1bkjFGU5beFG7HKJRR/GyYiwfOXp64bKczXvwalOP2EP6yNHTSUIpvXZwpauQt5biL7fpnrtVLrSoRedRHzcFeUPWRYzR0th40i9p9+yFB76+Sp8wEZ/M8x3G3ngRbJde2gaGiZF1MMB99gjAZQEjEW1WT+qF/gaQnErd2NlHbH68jaW53ypyOlB2zZshiQ11T9r+JhJWIOHuVlNW6FivY7mxUGLtZToI7AGKq2Ds9nk1YM+u+BZIDvmSiEE+5VhDfLJIodqOZBbh/5xaKyZhmKlKbWsG3oZdq1P5xx7HBd9c6aVbmWYiv7OAn8K7r/Wes/c=
4sSz6HY0Zs6cjUyqKol2OrwgN/6gRZQxbTUGxn7nqVsXDvfhNabSB/5zcGf8IKT00U80/Hifh4zHr0DEvLUUI4IEFr/FDUF93pRQ/V/iKjcxyGqsC2xADPd5yvLJW5X04nA5jVWHzfjg6RVjpDEMIwCwnyZfq2kFR8IDrXV2+PCjDhiL3soTk1mnjk/rxUkT4KJ/+31tjcMziRVWF0zca9p7gFsfmdphHqeq6QhlF3BlbSKAaUjp5F470wwydGI4kwfMbKOWkINMPN9fVh6YxTVQrodn2ApyqhvnppWNU3S+C2t21HBUo+90r9t3CmRN8A4ZHEvAtyizZRNZbb0C0br0x4pIImUfHik51X0gJmqlLUDV5fsFr0qVcDwN+opJ9U2GXeGGoZDt1clvCWGMKQTBY1VN8J7vDH4zLCOF6NP47SMmRW6vFK95mIO+KYo4lv2NO1yP/dJp4uaXsSrAQaT6xPakq7S4dSMJa7TJgnchWfaM6pJqkgyBnvTmYT4/CaSypw8Bg7mJqUsO6uHsRJM45+pq0BeuTPrTboVpGLa7u5Hfv6j3n7P0
RNe2hlvRKy2k3MO10gspYIKn4g8vV6vVee0tPEMZu7MgaueOuLGio4YRhSchn7GyarCfBEK86sCzdGqEgaO6K7RUSJL+M9IQLywJh+xBbIJZO9sFbT0VAO+p1648DAmqTVFcp2M4F9WkvTCaX/irX3bhYPoUXON5F+cELtQgeJEVGYfR+4/UIqiqWHxvnrgP+FB2cw1Z30zMVUsm5pzPlmXYouo3tS7T4EDYVMCJfJRvhktELZzclI9iIDj4kXHAVJOovZZpxLFlPlDaU9u9pekmadmxvIc5daHIvlHDTgMMg+Fp0LO5
mmd4o0znGCsln3NG7C+3u51V23Bq2Cejqn0Lnd7i/B2+f5H78Tth1Bw77frLsBL6att163BontnJl1Fvjw/DKrRrfR7YdHKIyJQpl+mFGPZHbpP+jWSyeD1a0LeUkCAy3dkh4LiWVyM5TRTEcCIl+X31TGfMcuugk6mwP5gBO4r1IrdYLzWAzw6FktT2EdUX7AMl3qluPpuBhpitxBZc2pTnLPR1b5EnhOUam0G1riDanrIezI1GeFZNZtNpSKoLv02b9QnlU0JaTfSo89S/xtpcz6KMdgtitcVAWttXCfOP5G/Ts7g=
606+GkykFpMcN//aJ5B+Nt5zd9pi707JhqSFkuSo1OZM1LJ6vnZ9UNL0pNAHQQVJ95wvhFYwSFoHKbtszg0YVG7dr/9/bTiTRD1QWn/4S58WYcu/M1yDufdnpO70IJjRtZknkRuPtOIIKvi8D56YT1jQFjPtWf+MbNWrZoac79aFWMIqF7UOE4DAOBTgiRzUjwbrhA2cPNTv4oB42JERAPQTCH32aSTxxb7wmrPbnWVJpokZ0bOnedUhqH6xw27DbAMBKfCzmQ==
3/uezx/xCsUaDCQX12hQCfede+b87MAE6wMGusx17yRDVnNDg2VC0RlxdrKuZa4QlFMddxn1d0bIhB9L742QyURxvKmpEckc6NhWOGM4cHLXoyJRlmTU02hFeO7GLvWYHOnkqsTU5as97ricQ1URr/j7NHf/P6WuMclsmF82Gys8oSh7nywNkOsWb/9U+WanvirmC9ER9BEZsMlEyk3JxNRzNKw4vCwVsHr15QXRLId2JZFv6maCTE4w7Odybl5Pas1Zso4tx39HO8mvB/Sy71jWY047QELOc0xj3H80fQeMBKtt7RW3lnPds7I=
ioYZbCI3NcJnufkDOQ0C3/ede+b87MAE6wMGusx17yRDVnNDg2VC0RlxdrKuZa4QlFMddxn1d0bPhh9L742QyURxvampEckc6NhWOGM4cHLXoyJRlmTU02hFeO7GLvWYHOnkqsTU5as97ricQ1URr/j7NHf/P6WuMclsmF82Gys8oSh7nywNkOsWb/9U+WanvirmC9ER9BEZsMlEyk3JxNRzNKw4vCwVsHr15QXRLId2JZFv6maCTE4w7Odybl5Pas1Zso4tx39HO8mvB/Sy71jWY047QELOc0xj3H80fQeMBKtt7RW3lnPds7I=
/yHveTAiVb1XjwGeKhXPfPede+b87MAE6wMGusx17yRDVnNDg2VC0RlxdrKuZa4QlFMddxn1d0bIhB9L742QyURxsqmpEckc6NhWOGM4cHLXoyJRlmTU02hFeO7GLvWYHOnkqsTU5as97ricQ1URr/j7NHf/P6WuMclsmF82Gys8oSh7nywNkOsWb/9U+WanvirmC9ER9BEZsMlEyk3JxNRzNKw4vCwVsHr15QXRLId2JZFv6maCTE4w7Odybl5Pas1Zso4tx39HO8mvB/Sy71jWY047QELOc0xj3H80fQeMBKtt7RW3lnPds7I=
TGb5W6hLALFeDclRQP1jYvede+b87MAE6wMGusx17yRDVnNDg2VC0RlxdrKuZa4QlFMddxn1d0bPhh9L742QyURxs6mpEckc6NhWOGM4cHLXoyJRlmTU02hFeO7GLvWYHOnkqsTU5as97ricQ1URr/j7NHf/P6WuMclsmF82Gys8oSh7nywNkOsWb/9U+WanvirmC9ER9BEZsMlEyk3JxNRzNKw4vCwVsHr15QXRLId2JZFv6maCTE4w7Odybl5Pas1Zso4tx39HO8mvB/Sy71jWY047QELOc0xj3H80fQeMBKtt7RW3lnPds7I=
r6oMbkLMwycAPBtH9DFEnfede+b87MAE6wMGusx17yRDVnNDg2VC0RlxdrKuZa4QlFMddxn1d0bIhB9L742QyURxsKmpEckc6NhWOGM4cHLXoyJRlmTU02hFeO7GLvWYHOnkqsTU5as97ricQ1URr/j7NHf/P6WuMclsmF82Gys8oSh7nywNkOsWb/9U+WanvirmC9ER9BEZsMlEyk3JxNRzNKw4vCwVsHr15QXRLId2JZFv6maCTE4w7Odybl5Pas1Zso4tx39HO8mvB/Sy71jWY047QELOc0xj3H80fQeMBKtt7RW3lnPds7I=
3gGp82bXVCR2fpx/DomnMfede+b87MAE6wMGusx17yRDVnNDg2VC0RlxdrKuZa4QlFMddxn1d0bPhh9L742QyURxsampEckc6NhWOGM4cHLXoyJRlmTU02hFeO7GLvWYHOnkqsTU5as97ricQ1URr/j7NHf/P6WuMclsmF82Gys8oSh7nywNkOsWb/9U+WanvirmC9ER9BEZsMlEyk3JxNRzNKw4vCwVsHr15QXRLId2JZFv6maCTE4w7Odybl5Pas1Zso4tx39HO8mvB/Sy71jWY047QELOc0xj3H80fQeMBKtt7RW3lnPds7I=
saXdDfhg7pdmnKZwtbOeUPede+b87MAE6wMGusx17yRDVnNDg2VC0RlxdrKuZa4QlFMddxn1d0bIhB9L742QyURxtqmpEckc6NhWOGM4cHLXoyJRlmTU02hFeO7GLvWYHOnkqsTU5as97ricQ1URr/j7NHf/P6WuMclsmF82Gys8oSh7nywNkOsWb/9U+WanvirmC9ER9BEZsMlEyk3JxNRzNKw4vCwVsHr15QXRLId2JZFv6maCTE4w7Odybl5Pas1Zso4tx39HO8mvB/Sy71jWY047QELOc0xj3H80fQeMBKtt7RW3lnPds7I=
2FbvBy+aKju/8ajtYsqzTvede+b87MAE6wMGusx17yRDVnNDg2VC0RlxdrKuZa4QlFMddxn1d0bPhh9L742QyURxt6mpEckc6NhWOGM4cHLXoyJRlmTU02hFeO7GLvWYHOnkqsTU5as97ricQ1URr/j7NHf/P6WuMclsmF82Gys8oSh7nywNkOsWb/9U+WanvirmC9ER9BEZsMlEyk3JxNRzNKw4vCwVsHr15QXRLId2JZFv6maCTE4w7Odybl5Pas1Zso4tx39HO8mvB/Sy71jWY047QELOc0xj3H80fQeMBKtt7RW3lnPds7I=
VtJ0kl9Ce8yoBjptxRqsLPede+b87MAE6wMGusx17yRDVnNDg2VC0RlxdrKuZa4QlFMddxn1d0bIhB9L742QyURxtKmpEckc6NhWOGM4cHLXoyJRlmTU02hFeO7GLvWYHOnkqsTU5as97ricQ1URr/j7NHf/P6WuMclsmF82Gys8oSh7nywNkOsWb/9U+WanvirmC9ER9BEZsMlEyk3JxNRzNKw4vCwVsHr15QXRLId2JZFv6maCTE4w7Odybl5Pas1Zso4tx39HO8mvB/Sy71jWY047QELOc0xj3H80fQeMBKtt7RW3lnPds7I=
m//wEy3eIgcWz8ckZ1Qwevede+b87MAE6wMGusx17yRDVnNDg2VC0RlxdrKuZa4QlFMddxn1d0bPhh9L742QyURxtampEckc6NhWOGM4cHLXoyJRlmTU02hFeO7GLvWYHOnkqsTU5as97ricQ1URr/j7NHf/P6WuMclsmF82Gys8oSh7nywNkOsWb/9U+WanvirmC9ER9BEZsMlEyk3JxNRzNKw4vCwVsHr15QXRLId2JZFv6maCTE4w7Odybl5Pas1Zso4tx39HO8mvB/Sy71jWY047QELOc0xj3H80fQeMBKtt7RW3lnPds7I=
YcQB8vDr9q6bQJ5hYzbsQ/ede+b87MAE6wMGusx17yRDVnNDg2VC0RlxdrKuZa4QlFMddxn1d0bIhB9L742QyURxvKipEckc6NhWOGM4cHLXoyJRlmTU02hFeO7GLvWYHOnkqsTU5as97ricQ1URr/j7NHf/P6WuMclsmF82Gys8oSh7nywNkOsWb/9U+WanvirmC9ER9BEZsMlEyk3JxNRzNKw4vCwVsHr15QXRLId2JZFv6maCTE4w7Odybl5Pas1Zso4tx39HO8mvB/Sy71jWY047QELOc0xj3H80fQeMBKtt7RW3lnPds7I=
bbVopd1MdZ2WClu4PmH1nfede+b87MAE6wMGusx17yRDVnNDg2VC0RlxdrKuZa4QlFMddxn1d0bPhh9L742QyURxvaipEckc6NhWOGM4cHLXoyJRlmTU02hFeO7GLvWYHOnkqsTU5as97ricQ1URr/j7NHf/P6WuMclsmF82Gys8oSh7nywNkOsWb/9U+WanvirmC9ER9BEZsMlEyk3JxNRzNKw4vCwVsHr15QXRLId2JZFv6maCTE4w7Odybl5Pas1Zso4tx39HO8mvB/Sy71jWY047QELOc0xj3H80fQeMBKtt7RW3lnPds7I=
h9Gou/i0ACQvPwHlD8Hz2/ede+b87MAE6wMGusx17yRDVnNDg2VC0RlxdrKuZa4QlFMddxn1d0bIhB9L742QyURxsqipEckc6NhWOGM4cHLXoyJRlmTU02hFeO7GLvWYHOnkqsTU5as97ricQ1URr/j7NHf/P6WuMclsmF82Gys8oSh7nywNkOsWb/9U+WanvirmC9ER9BEZsMlEyk3JxNRzNKw4vCwVsHr15QXRLId2JZFv6maCTE4w7Odybl5Pas1Zso4tx39HO8mvB/Sy71jWY047QELOc0xj3H80fQeMBKtt7RW3lnPds7I=
pXR8BVTIOEZ+HUBRYUdAtPede+b87MAE6wMGusx17yRDVnNDg2VC0RlxdrKuZa4QlFMddxn1d0bPhh9L742QyURxs6ipEckc6NhWOGM4cHLXoyJRlmTU02hFeO7GLvWYHOnkqsTU5as97ricQ1URr/j7NHf/P6WuMclsmF82Gys8oSh7nywNkOsWb/9U+WanvirmC9ER9BEZsMlEyk3JxNRzNKw4vCwVsHr15QXRLId2JZFv6maCTE4w7Odybl5Pas1Zso4tx39HO8mvB/Sy71jWY047QELOc0xj3H80fQeMBKtt7RW3lnPds7I=
1NHHMGxA1zpy52u/0LXnXSGMYcbuM2aFkJw13G5WUo9FcfmNoTHZah0VTGCWTQnKwn4B5I/i3ZS6Qh34bnhvRirpD4JLdD57epJwpz1TyugiVb/IF1WXvFG7NIR2dLhyF0IjY4sRjdNskwfYABE4wt4qBUTUXUQmvLC1lxX6uHCbkaEzcI5ANNkbtVvYHaw0x7Jrd3SVCHdnyN0sQ4Lvkwy9Vru23gbHabVkbXHkiWjSSTkYHMeUIEDYfCmYbvUJ3RWcG/5R8SPSQpKwpuQsS+rqLhMi+Xm+dskXw++vScNfsILzUCKDgoPk0rIbGCPwZzCN20SwC+GVceeqW8mzXg==
rDpVx/PP4fbBKToxACHd8vede+b87MAE6wMGusx17yRDVnNDg2VC0RlxdrKuZa4QlFMddxn1d0bPhh9L742QyURxsKipEckc6NhWOGM4cHLXoyJRlmTU02hFeO7GLvWYHOnkqsTU5as97ricQ1URr/j7NHf/P6WuMclsmF82Gys8oSh7nywNkOsWb/9U+WanvirmC9ER9BEZsMlEyk3JxNRzNKw4vCwVsHr15QXRLId2JZFv6maCTE4w7Odybl5Pas1Zso4tx39HO8mvB/Sy71jWY047QELOc0xj3H80fQeMBKtt7RW3lnPds7I=
3MWLWDlAoMv6uVaEDkDfbt4DnFxMPp0yvd9yNjrAdnC6xjDwA0F5aitljTXbPXl8fkOoTyzss+vA0hnxjhNSw7QAN/CdoOMNdb9Zgi80b+IIeUshdo3mZQqmKKtFjm5Io4xpMWHCWrzPZnsJOot1OAH5wuUGVplIzTPAeeZ2gjy1tdE/MkKyEH6dIwHh/S1PAo7OMu7w6S7eY06IsL9bOclAyk19SoCsCVrTgMRGoTW4f4YYbpgGuRr4WZ5NSDv8ilhJupZUniH3TOILzhFAqRKdAyZm1lXr28nf/q8V59MRtfM5ftI3c4jPOtuHRcazrw==
1NHHMGxA1zpy52u/0LXnXSGMYcbuM2aFkJw13G5WUo9FcfmNoTHZah0VTGCWTQnKwn4B5I/i3ZS6Qh34bnhvRirpD4JLdD57epJwpz1TyugiVb/IF1WXvFG7NIR2dLhyF0IjY4sRjdNskwfYABE4wt4qBUTUXUQmvLC1lxX6uHCbkaEzcI5ANNkbtVvYHaw0x7Jrd3SVCHdnyN0sQ4Lvkwy9Vru23gbHabVkbXHkiWjSSTkYHMeUIEDYfCmYbvUJ3RWcG/5R8SPSQpKwpuQsS+rqLhMi+Xm+dskXw++vScNfsILzUCKDgoPk0rIbGCPwZzCN20SwC+GVceeqW8mzXg==
3MWLWDlAoMv6uVaEDkDfbt4DnFxMPp0yvd9yNjrAdnC6xjDwA0F5aitljTXbPXl8fkOoTyzss+vA0hnxjhNSw7QAN/CdoOMNdb9Zgi80b+IIeUshdo3mZQqmKKtFjm5Io4xpMWHCWrzPZnsJOot1OAH5wuUGVplIzTPAeeZ2gjy1tdE/MkKyEH6dIwHh/S1PAo7OMu7w6S7eY06IsL9bOclAyk19SoCsCVrTgMRGoTW4f4YYbpgGuRr4WZ5NSDv8ilhJupZUniH3TOILzhFAqRKdAyZm1lXr28nf/q8V59MRtfM5ftI3c4jPOtuHRcazrw==
1NHHMGxA1zpy52u/0LXnXSGMYcbuM2aFkJw13G5WUo9FcfmNoTHZah0VTGCWTQnKwn4B5I/i3ZS6Qh34bnhvRirpD4JLdD57epJwpz1TyugiVb/IF1WXvFG7NIR2dLhyF0IjY4sRjdNskwfYABE4wt4qBUTUXUQmvLC1lxX6uHCbkaEzcI5ANNkbtVvYHaw0x7Jrd3SVCHdnyN0sQ4Lvkwy9Vru23gbHabVkbXHkiWjSSTkYHMeUIEDYfCmYbvUJ3RWcG/5R8SPSQpKwpuQsS+rqLhMi+Xm+dskXw++vScNfsILzUCKDgoPk0rIbGCPwZzCN20SwC+GVceeqW8mzXg==
3MWLWDlAoMv6uVaEDkDfbt4DnFxMPp0yvd9yNjrAdnC6xjDwA0F5aitljTXbPXl8fkOoTyzss+vA0hnxjhNSw7QAN/CdoOMNdb9Zgi80b+IIeUshdo3mZQqmKKtFjm5Io4xpMWHCWrzPZnsJOot1OAH5wuUGVplIzTPAeeZ2gjy1tdE/MkKyEH6dIwHh/S1PAo7OMu7w6S7eY06IsL9bOclAyk19SoCsCVrTgMRGoTW4f4YYbpgGuRr4WZ5NSDv8ilhJupZUniH3TOILzhFAqRKdAyZm1lXr28nf/q8V59MRtfM5ftI3c4jPOtuHRcazrw==
1NHHMGxA1zpy52u/0LXnXSGMYcbuM2aFkJw13G5WUo9FcfmNoTHZah0VTGCWTQnKwn4B5I/i3ZS6Qh34bnhvRirpD4JLdD57epJwpz1TyugiVb/IF1WXvFG7NIR2dLhyF0IjY4sRjdNskwfYABE4wt4qBUTUXUQmvLC1lxX6uHCbkaEzcI5ANNkbtVvYHaw0x7Jrd3SVCHdnyN0sQ4Lvkwy9Vru23gbHabVkbXHkiWjSSTkYHMeUIEDYfCmYbvUJ3RWcG/5R8SPSQpKwpuQsS+rqLhMi+Xm+dskXw++vScNfsILzUCKDgoPk0rIbGCPwZzCN20SwC+GVceeqW8mzXg==
3MWLWDlAoMv6uVaEDkDfbt4DnFxMPp0yvd9yNjrAdnC6xjDwA0F5aitljTXbPXl8fkOoTyzss+vA0hnxjhNSw7QAN/CdoOMNdb9Zgi80b+IIeUshdo3mZQqmKKtFjm5Io4xpMWHCWrzPZnsJOot1OAH5wuUGVplIzTPAeeZ2gjy1tdE/MkKyEH6dIwHh/S1PAo7OMu7w6S7eY06IsL9bOclAyk19SoCsCVrTgMRGoTW4f4YYbpgGuRr4WZ5NSDv8ilhJupZUniH3TOILzhFAqRKdAyZm1lXr28nf/q8V59MRtfM5ftI3c4jPOtuHRcazrw==
1NHHMGxA1zpy52u/0LXnXSGMYcbuM2aFkJw13G5WUo9FcfmNoTHZah0VTGCWTQnKwn4B5I/i3ZS6Qh34bnhvRirpD4JLdD57epJwpz1TyugiVb/IF1WXvFG7NIR2dLhyF0IjY4sRjdNskwfYABE4wt4qBUTUXUQmvLC1lxX6uHCbkaEzcI5ANNkbtVvYHaw0x7Jrd3SVCHdnyN0sQ4Lvkwy9Vru23gbHabVkbXHkiWjSSTkYHMeUIEDYfCmYbvUJ3RWcG/5R8SPSQpKwpuQsS+rqLhMi+Xm+dskXw++vScNfsILzUCKDgoPk0rIbGCPwZzCN20SwC+GVceeqW8mzXg==
3MWLWDlAoMv6uVaEDkDfbt4DnFxMPp0yvd9yNjrAdnC6xjDwA0F5aitljTXbPXl8fkOoTyzss+vA0hnxjhNSw7QAN/CdoOMNdb9Zgi80b+IIeUshdo3mZQqmKKtFjm5Io4xpMWHCWrzPZnsJOot1OAH5wuUGVplIzTPAeeZ2gjy1tdE/MkKyEH6dIwHh/S1PAo7OMu7w6S7eY06IsL9bOclAyk19SoCsCVrTgMRGoTW4f4YYbpgGuRr4WZ5NSDv8ilhJupZUniH3TOILzhFAqRKdAyZm1lXr28nf/q8V59MRtfM5ftI3c4jPOtuHRcazrw==
D1q/JugBsx8srW+eJFsL4yGMYcbuM2aFkJw13G5WUo9FcfmNoTHZah0VTGCWTQnKwn4B5I/i3ZS6Qh34bnhvRirpD4JLdD57epJwpz1TyugiVb/IF1WXvFG7NIR2dLhyF0IjY4sRjdNskwfYABE4wt4qBUTUXUQmvLC1lxX6uHCbkaEzcI5ANNkbtVvYHaw0x7Jrd3SVCHdnyN0sQ4Lvkwy9Vru23gbHabVkbXHkiWjSSTkYHMeUIEDYfCmYbvUJ3RWcG/5R8SPSQpKwpuQsS+rqLhMi+Xm+dskXw++vScNfsILzUCKDgoPk0rIbGCLwZzCN20SwC+GVceeqW8mzXg==
T8PiKP9M54wAyBIrUAAs3d4DnFxMPp0yvd9yNjrAdnC6xjDwA0F5aitljTXbPXl8fkOoTyzss+vA0hnxjhNSw7QAN/CdoOMNdb9Zgi80b+IIeUshdo3mZQqmKKtFjm5Io4xpMWHCWrzPZnsJOot1OAH5wuUGVplIzTPAeeZ2gjy1tdE/MkKyEH6dIwHh/S1PAo7OMu7w6S7eY06IsL9bOclAyk19SoCsCVrTgMRGoTW4f4YYbpgGuRr4WZ5NSDv8ilhJupZUniH3TOILzhFAqRKdAyZm1lXr28nf/q8V59IRtfM5ftI3c4jPOtuHRcazrw==
D1q/JugBsx8srW+eJFsL4yGMYcbuM2aFkJw13G5WUo9FcfmNoTHZah0VTGCWTQnKwn4B5I/i3ZS6Qh34bnhvRirpD4JLdD57epJwpz1TyugiVb/IF1WXvFG7NIR2dLhyF0IjY4sRjdNskwfYABE4wt4qBUTUXUQmvLC1lxX6uHCbkaEzcI5ANNkbtVvYHaw0x7Jrd3SVCHdnyN0sQ4Lvkwy9Vru23gbHabVkbXHkiWjSSTkYHMeUIEDYfCmYbvUJ3RWcG/5R8SPSQpKwpuQsS+rqLhMi+Xm+dskXw++vScNfsILzUCKDgoPk0rIbGCLwZzCN20SwC+GVceeqW8mzXg==
T8PiKP9M54wAyBIrUAAs3d4DnFxMPp0yvd9yNjrAdnC6xjDwA0F5aitljTXbPXl8fkOoTyzss+vA0hnxjhNSw7QAN/CdoOMNdb9Zgi80b+IIeUshdo3mZQqmKKtFjm5Io4xpMWHCWrzPZnsJOot1OAH5wuUGVplIzTPAeeZ2gjy1tdE/MkKyEH6dIwHh/S1PAo7OMu7w6S7eY06IsL9bOclAyk19SoCsCVrTgMRGoTW4f4YYbpgGuRr4WZ5NSDv8ilhJupZUniH3TOILzhFAqRKdAyZm1lXr28nf/q8V59IRtfM5ftI3c4jPOtuHRcazrw==
T8PiKP9M54wAyBIrUAAs3d4DnFxMPp0yvd9yNjrAdnC6xjDwA0F5aitljTXbPXl8fkOoTyzss+vA0hnxjhNSw7QAN/CdoOMNdb9Zgi80b+IIeUshdo3mZQqmKKtFjm5Io4xpMWHCWrzPZnsJOot1OAH5wuUGVplIzTPAeeZ2gjy1tdE/MkKyEH6dIwHh/S1PAo7OMu7w6S7eY06IsL9bOclAyk19SoCsCVrTgMRGoTW4f4YYbpgGuRr4WZ5NSDv8ilhJupZUniH3TOILzhFAqRKdAyZm1lXr28nf/q8V59IRtfM5ftI3c4jPOtuHRcazrw==
