X3vVI7HZ1Wr3XsuH5Cpri2loZw6ZLDXRZHm/x5ef+iwTGScu/vfDCWIU+VPtSgu+yRPrDCV3TuQ7TPr3hKA6m5mZy+SAZfee0jwbjrmIroLDtdq77BAETBQpSCzTtgfsOVxIfMOSXMCMcSVYCEMklaLp8JnpboxCh7tJ3RVWpbEl85aRs5N0DWdjGxtQU+2BvqfN
6aj6brz06WG8MMPhsbuS3G6vtNs+vJug8bKCveqvQ5c0+4TzfueMBHhlX59iZyNrBcQv1MmNnttiqZx7FdjeHakiDMzFMifwMD5dNUQHcmia8MrZlpCNzlnQ57xWQN3qQvySgTtkVjt6qXwpLiW3FtL+GUvXYYsuOw27E0gt7esqMbmTxSdOK/O9oKfT
GF4ZVWu/N0/MHMgD7f+u6xe8EjC2KwZWKUoO3egljn/Xc90Rg3EqnLXkzzncNTFdAFkvrJ+C833jwEkjeqqUZmQyEzFJ991T8k/4NIxdIx+bWlVb8WyjdAWliou2MQA7CcCKTT3KQKzJ2pOAhMZhNXj/xhguGMa52ngZng3I+/zK2Am6VtReIbfMogsOkYCpUh1DJqZWleubSZ/+b5Un01Q1OTu+WXVzyU/620fFnKfv
MJ32Dwa9OYNAWM+ydUKDB+7D2JqtgrZGSYjsp9stqfFAL9f2f4CVt+e6Tr6sqtMzb6VrZavO/vsBplgNxPYcOhTH7JR1D1EHBAVae0EVbgBa/nK+zC0GmNZtJnNpKGprP23bFQkFE2LaLTTI83T/5lq8jwKD08sIN+WL+Nu2SRMPxK+pp9g=
zFBvPRBCRu5EdPfaVyvABLi1p1LxvBwF+ypLATBpetCEk55uWZHokvt54bUQi39i/x08E7f+BuqMvts3f4FDMeuaVl+RItCZZKJUfkTjxIB1G3kjVEESL+GB5oTKWtrqjHkuvMZpLmdJfCIvb8lzgYmRu8aKaXyc02D34kqYp1bDh2Osp2EDbHviAVdf4Ie9p8w=
FfKHlVNq8vxR3OgNGUBVoLi1p1LxvBwF+ypLATBpetCEgpZgX57pwPt54bUQi39i/xw8E7f+BuqMvts3f4FDMeuaVl+RItCZZKJUfkTjxIB1G3kjVEESL+GB5oTKWtrqjHkuvMZpLmdJfCIvb8lzgYmRu8aKaXyc02D34kqYp1bDh2Osp2EDbHviAVdf4Ie9p8w=
gC5FCV0ptD6tF9QYleJyFIW3ixBd6m7NLtX4MNs/o0gILlw4AkmLrd8u+MdVA5bU5gt3NUWNTgEsn42zpnc0ZDC1t58IMuqLvVR3FDG9hruqWTT7fWgWPbFSNAwdol9Q+O51NWzXusjiYBIZruCV7pFgjzz+sBWKWsxqQWP07tuy+RQpxvX/dmpuwQuvUZPOc30Tk6CdpcsywYHTnbe2i7vtiKf7
o65Q5SPu/Z6JmhhXrimwDHgLjywnloxrk8Pu8NPhv2YAbrKxQMdZU5IPGLTsHcMf/Zq225GsQ3RlZWoL1vHgOykAKs2dCmCs6RozACQGQTVYP2aYjtjmufq4uR6tCNv8KhhpOrYUPiFXDMKL7lHgqbJdI6ZGFvXrewn/fo/VR9N0dZm7HhlVc+kPWlvnhbynzw==
0QClhan7hWDGpQes4jnFKYGCp8oYRpjxaAtkPCJTtFu6XjAAEFttMn6KvbjMU4TkD89Fc+5H3ERIhU+fdgISq9Vkv1R5bW4bMsmse+X4jl0ZgvxMVVJ3MMAeTTVUJ4KoypBaWWYwPY4J8Be8ZiCNKrIcIgGrxIb7SslsKT7Fh1aCXonLZwH7buvtixM4DT0rmpHJE1XHnmuDnbCnww==
C6fHy9M5Ul8RQ1AwS94Vdfn3lhGrsRwF8yhdE2R7eYCE1tMnDd+9wPt54bUQi39i/xg8E7f+BuqMvts3f4FDMeuaVl+RItCZZKJUfkTjxIB1G3kjVEESL+GB5oTKWtrqjHkuvMZpLmdJfCIvb8lzgYmRu8aKaXyc02D34kqYp1bDh2Osp2EDbHviAVdf4Ie9p8w=
0DS9izmgM/GSPiIm1RtD7DROz3V5loxgjNPpotry8WcKJbKxQMdZU5IPGLTsHcMf+Jq225GsQ3RlZWoL1vHgOykAKs2dCmCs6RozACQGQTVYP2aYjtjmufq4uR6tCNv8KhhpOrYUPiFXDMKL7lHgqbJdI6ZGFvXrewn/fo/VR9N0dZm7HhlVc+kPWlvnhbynzw==
CyjV5zdKLEJotL9H/5oTlRElJB5eNNrgs/AXBN8lcBPaXyCUBO3bH+Tr3vupfIu0rdUya75hWLvRkIJtxXoo7CHKy+AMNlk1QA9OeHYILvmyyOG+BZgjfJKIAVrupPbhn9z6q4Yh+KmqrcuGfka9qzO5J55nRf9TDOUxG8bpnbOhXyI7z7Wkp9c=
KRntbEb5p+cuAAyPLCGxRnXs4xwtsZW+7enFb5p5vpC5YuSSiZC8GQQZEd5thw0IOzGR7TBzb2r/ES3rl6Z2okx2a28fOdO5axLG53H6YNEkaqSmZJvUiHUTaVt0meLnoclWXCriSmIM8b4EpjGer4k0UndPMWOJiZmrPqoxDNQTqEe6KiA33kMP8xRHubMkOyrxj3+Yl7WnxA==
V8GAKFuwd42/TeyrchBUwngRgyEl18UjjNS3/Z++4zQCd/OxQMdZU5IPGLTsHcMf+pu225GsQ3RlZWoL1vHgOykAKs2dCmCs6RozACQGQTVYP2aYjtjmufq4uR6tCNv8KhhpOrYUPiFXDMKL7lHgqbJdI6ZGFvXrewn/fo/VR9N0dZm7HhlVc+kPWlvnhbynzw==
yoP4ddCqUsH3803JwWmEZkWCGUXZ8UMuBD2+Sabp8XoRU+K4tOOEF2L2JzgWzNpxgI/qhdGtI+8HXsNcuOSeJ1zLppB76DGgBp6rr30vWGV7AD/9sXhv4BK4fAinjZePJ/NLHPqVqVzka/Q0iKRMzQAi9b21CUyfxr1Rd9r+4pR+aGy/QrY+11rVmSo+Naen92PJ97cs0vfoTqNWC9giFkMU44FP5h+ftx5r9F0N107Dn6fq
shQDNhWn7l0/i1/0kLiMF5R0AzNLqs4UOYXfq//moyeKfIr8kNuGy84QIAMCGs8OeZLqgJtVOXmg5+fuf5mlfgcy3sbsksM7T+0b/StWDjMhrkg1BA6MsnSP3Ix1F2FPZI3Kg4Etfgh6NoImTLV20PZlNkspUPrj36XrDQkdI6o6paSws0zv7nr0/5oDSzvAF+2bwBtO2ZtvjJ+xp8A=
fbp3eIU+t2oEzzTtJ2e9jHgLjywnloxjkdX8pN7ooTQAaPvlDpIrU5IPGLTsHcMf95i325GsQ3RlZWoL1vHgOykAKs2dCmCs6RozACQGQTVYP2aYjtjmufq4uR6tCNv8KhhpOrYUPiFXDMKL7lHgqbJdI6ZGFvXrewn/fo/VR9N0dZm7HhlVc+kPWlvnhbynzw==
M+ZdkSiVnjY8AcUl7nsr+8YbuaFCYaYHVWUvS1l+4LHjAmChFErLK5XjKFGDvL9eflt/NMok3MyPgad7n4+L+PL5ech8NxQw4Oi8eXge9Zn9pdzLnqFxM3JyUuBGlCzbylpuw0IJ+a7W+deTD99JU38AwiMw0gOSI9QS4vtoI2VHis8LL0KL8DVBJ/q7o6fO
mPPv8U0s237eS1dzJ2C+3eCy/uWPZEHxaQIr310/mPUbMD/J1uev8DLI/PiHndcfx8NLLBoF6UzEm3REqLSMXWAS9Y3VmYyP5s3Rh/ruogSeWGyPoiZ+x3olGVoeJWc3l1PJx9e8EufIPiOmK8hihqMk47Gvdl+Pl+7rhH0dF96jr6fa
Ev5tmBdp5fbUcPrpxJcELiMOA3KHsRrzm4Nw+4I8VrmRX6+4gtOLWKGkp9EwY6x1cpv7xNAlhz5ivItuaUieotO1ypvc0NSshKn4jKP2V8wJXLicE1LsoPzxtfjYg9R1sung+Zku3OIXO7k9pRb10VXzprFjU4St1+OLewAT3aGup90=
fzQMtdRj9Dz7Ln6mfPmj5OKy/vSNckXxaQIr310/mPUbMD/P1uev8DLI/PiHndcfx8NLLBoF6UzEm3REqLSMXWAS9Y3VmYyP5s3Rh/ruogSeWGyPoiZ+x3olGVoeJWc3l1PJx9e8EufIPiOmK8hihqMk47Gvdl+Pl+7rhH0dF96jr6fa
27ObbREoHlE/HQgE1S5uDSMOBWSbrBrzm4Nw+4I8VrmRX6m4gtOLWKGkp9EwY6x1cpv7xNAlhz5ivItuaUieotO1ypvc0NSshKn4jKP2V8wJXLicE1LsoPzxtfjYg9R1sung+Zku3OIXO7k9pRb10VXzprFjU4St1+OLewAT3aGup90=
q0bHY5CTnaksky+nALFsmiMOBHKJqRrzm4Nw+4I8VrmRX6q4gtOLWKGkp9EwY6x1cpv7xNAlhz5ivItuaUieotO1ypvc0NSshKn4jKP2V8wJXLicE1LsoPzxtfjYg9R1sung+Zku3OIXO7k9pRb10VXzprFjU4St1+OLewAT3aGup90=
ix3NRIzW9D4T4icui4uqITbFN5vMHimw3af45Ipv0WCd85Rj+7W+7wAqN2sqNxKmC4rrB+2n+K0rKD/Q4b7PaIIQPCC3hbdHd1vLtKpdiVT0Q7ScGCzsBVAK9ZXlwewXVhURX8r2wlwuwOwXEn4e30r92YKuvQdvp0vJ3+fkcn945uN+G9AC3hO8YykfLj+XpzYrXM2Fd4aTt6fC
qlcOsYdHvqA1iJarPtKD2WZ1dqUpWW17bQC5AQYiCi+7xxJ/YXoQrsTMPwkgx7HQSW1e0Ok3lESh0MpDSsMWdd6xjIVOgWi7obCyrTXamGyxahsg3BZJNVAvnrimqL55AmgRfjW4U3yiaPGaXsSGYQ88KmvWQeipuk0bxi4mLSvDWZfeFyXPUvzFAVu2SS0zMf9ye5+VtKfH
VaA5YpGuPL0S3nR82N+FfmZ1dqUpWW17bQC5AQYiCi+7xxJ/YXoQrsTMPwkgx7HQSW1e0Ok3lESh0MpDSsMWdd6xjIVOgWi7obCyrTXamGyxahsg3BZJNVAvnrimqL55AmgRfjW4U3yiaPGaXsSGYQ88KmvWQeipuk0bxi4mLSvDWZfeFyXPXfjFAVu2SS0zMf9ye5+VtKfH
61CyK1xTNnFf/cf80DNfBGZ1dqUpWW17bQC5AQYiCi+7xxJ/YXoQrsTMPwkgx7HQSW1e0Ok3lESh0MpDSsMWdd6xjIVOgWi7obCyrTXamGyxahsg3BZJNVAvnrimqL55AmgRfjW4U3yiaPGaXsSGYQ88KmvWQeipuk0bxi4mLSvDWZfeFyXPWP3FAFu2SS0zMf9ye5+VtKfH
EY3C2o7SfjCuHuELPvGCh2Z1dqUpWW17bQC5AQYiCi+7xxJ/YXoQrsTMPwkgx7HQSW1e0Ok3lESh0MpDSsMWdd6xjIVOgWi7obCyrTXamGyxahsg3BZJNVAvnrimqL55AmgRfjW4U3yiaPGaXsSGYQ88KmvWQeipuk0bxi4mLSvDWZfeFyXPWfnFBly2SS0zMf9ye5+VtKfH
Bl3POfz044py5DmeaiUwLGZ1dqUpWW17bQC5AQYiCi+7xxJ/YXoQrsTMPwkgx7HQSW1e0Ok3lESh0MpDSsMWdd6xjIVOgWi7obCyrTXamGyxahsg3BZJNVAvnrimqL55AmgRfjW4U3yiaPGaXsSGYQ88KmvWQeipuk0bxi4mLSvDWZfeFyXPWfjFBly2SS0zMf9ye5+VtKfH
C00LocA/grqNdKrmk7DfJ2Z1dqUpWW17bQC5AQYiCi+7xxJ/YXoQrsTMPwkgx7HQSW1e0Ok3lESh0MpDSsMWdd6xjIVOgWi7obCyrTXamGyxahsg3BZJNVAvnrimqL55AmgRfjW4U3yiaPGaXsSGYQ88KmvWQeipuk0bxi4mLSvDWZfeFyXPWPzFAlq2QSwzMf9ye5+VtKfH
V09HH8YnMZbN3GkILUjFMGZ1dqUpWW17bQC5AQYiCi+7xxJ/YXoQrsTMPwkgx7HQSW1e0Ok3lESh0MpDSsMWdd6xjIVOgWi7obCyrTXamGyxahsg3BZJNVAvnrimqL55AmgRfjW4U3yiaPGaXsSGYQ88KmvWQeipuk0bxi4mLSvDWZfeFyXPU/3FBVm2RCwzMf9ye5+VtKfH
mi1E5NXjML/GC4ziXsuTGmZ1dqUpWW17bQC5AQYiCi+7xxJ/YXoQrsTMPwkgx7HQSW1e0Ok3lESh0MpDSsMWdd6xjIVOgWi7obCyrTXamGyxahsg3BZJNVAvnrimqL55AmgRfjW4U3yiaPGaXsSGYQ88KmvWQeipuk0bxi4mLSvDWZfeFyXPUvjFBVu2SSwzMf9ye5+VtKfH
/3+XHCdiXl81XRHnYybueepLIDvQTl3rgCwy2AsQI2xJ9BFaeALhv0fJzSkCPSrQItKsdCPP44FcaC46WUMYEmIPLU4nVBweqATY/h8q1o1iaiAqYT4QPjTUFw4nSS3QLgHyjxWUGPNIceJABxLFty8KalogiPXnBhUL5ko=
